[21/07/2010 17:05:22] Conhaque: muito
[21/07/2010 18:07:47] Dunga Burro: ta ae
[21/07/2010 18:07:48] Dunga Burro: god
[21/07/2010 18:07:48] Dunga Burro: ?
[21/07/2010 18:18:28] Destination Noiszx: pode usa bot no treinner ?
[21/07/2010 18:18:47] GOD Rapha: sim
[21/07/2010 18:18:51] Destination Noiszx: =)
[21/07/2010 18:18:55] Destination Noiszx: na hunt pode ?
[21/07/2010 18:19:09] GOD Rapha: se eu pega nao vai pode
[21/07/2010 18:19:18] Destination Noiszx: ata
[21/07/2010 18:19:20] Destination Noiszx: ty
[21/07/2010 18:19:21] Destination Noiszx: =)
[21/07/2010 18:19:23] Destination Noiszx: se pega e ban 
[21/07/2010 18:19:23] Destination Noiszx: ?
[21/07/2010 18:19:27] GOD Rapha: s
[21/07/2010 18:19:37] Destination Noiszx: ainda bem q so uso pra treinnar :]
[21/07/2010 18:19:54] GOD Rapha: sei
[21/07/2010 18:19:55] GOD Rapha: wioaiwoiawoia
[21/07/2010 18:20:08] Destination Noiszx: uso n 
[21/07/2010 18:20:12] Destination Noiszx: serio =)
[21/07/2010 18:20:26] Madaleninha: sim sim muito lag
[21/07/2010 18:20:28] Destination Noiszx: pra upa eu uso minhas habilidade msm =D
[21/07/2010 18:20:34] Destination Noiszx: nem ta lag nao ...
[21/07/2010 18:20:40] Dunga Burro: GOD
[21/07/2010 18:20:41] Dunga Burro: ta ae
[21/07/2010 18:20:43] Dunga Burro: tira meu ban
[21/07/2010 18:20:45] Dunga Burro: kra por favor
[21/07/2010 18:20:50] Dunga Burro: tira ban meu no mlk doido
[21/07/2010 18:20:52] Dunga Burro: veio
[21/07/2010 18:20:56] Dunga Burro: por favor
[21/07/2010 18:20:57] GOD Rapha: n fui eu que dei ban
[21/07/2010 18:20:58] Pedriinhoo: God
[21/07/2010 18:21:01] Dunga Burro: aff
[21/07/2010 18:21:02] Dunga Burro: veio
[21/07/2010 18:21:05] Dunga Burro: kem ke deu ban
[21/07/2010 18:21:06] Dunga Burro: mano
[21/07/2010 18:21:08] Dunga Burro: tira AE
[21/07/2010 18:21:08] Pedriinhoo: god tem um bot nos treiner
[21/07/2010 18:21:08] Dunga Burro: pow
[21/07/2010 18:21:10] Dunga Burro: aff
[21/07/2010 18:21:17] Dunga Burro: aff
[21/07/2010 18:21:18] Dunga Burro: flw
[21/07/2010 18:21:19] GOD Rapha: bot nos treino pode
[21/07/2010 18:21:21] GOD Rapha: nao pode caçando
[21/07/2010 18:21:21] Destination Noiszx: Pedriinhooo noob
[21/07/2010 18:21:23] Destination Noiszx: Pedriinhooo noob
[21/07/2010 18:21:46] Pedriinhoo: kkkkkkkkkkkkkkkkkkkkk
[21/07/2010 18:22:04] Destination Noiszx: ou o mouse do kalil estrago ne ?
[21/07/2010 18:23:09] Mirna: pow mlk doido gente boa sacanage tira o ban deli ae o leke ta desesperado kerendo joga
[21/07/2010 18:23:10] Pedriinhoo: kkk
[21/07/2010 18:23:16] Mirna: o mlk se arrependeu do que fex
[21/07/2010 18:24:40] Destination Noiszx: oq ja fez ta feito , n tem como volta atras ...
[21/07/2010 18:25:14] GOD Rapha: nao fui eu que dei ban
[21/07/2010 18:25:15] Mirna: leke mas foi boberinha a deixa
[21/07/2010 18:25:18] GOD Rapha: o god real que deu
[21/07/2010 18:25:24] GOD Rapha: ele falo que nao vai tira
[21/07/2010 18:25:27] GOD Rapha: pq ele xingo ele
[21/07/2010 18:25:57] Mirna: olo esse god real era amigo do leke a deixa keto vcs n entende mermo
[21/07/2010 18:25:58] Mirna: pow
[21/07/2010 18:26:02] Mirna: ot fera
[21/07/2010 18:26:13] Destination Noiszx: mas cara chinga gm e ban .
[21/07/2010 18:26:53] GOD Rapha: sim
[21/07/2010 18:27:26] Mirna: a eskece
[21/07/2010 18:27:34] Destination Noiszx: ou god , vip e 3kk certo ?
[21/07/2010 18:27:37] Pedriinhoo: s
[21/07/2010 18:27:47] Destination Noiszx: perguntei pro c n noob '-'
[21/07/2010 18:28:15] Mirna: nb olha  lvl do leke e ker fala
[21/07/2010 18:28:16] Mirna: kkkkkkkkkkkkkk
[21/07/2010 18:28:20] Pedriinhoo: kkk
[21/07/2010 18:28:21] Destination Noiszx: mirna xiu
[21/07/2010 18:28:21] Destination Noiszx: ae
[21/07/2010 18:28:22] Pedriinhoo: mata nem rat
[21/07/2010 18:28:26] Destination Noiszx: criei esse char agr
[21/07/2010 18:28:28] Destination Noiszx: atade
[21/07/2010 18:28:31] Destination Noiszx: atarde*
[21/07/2010 18:28:33] Pedriinhoo: mentira
[21/07/2010 18:28:37] Pedriinhoo: tem 3 dia ja
[21/07/2010 18:28:38] Destination Noiszx: eu vo madruga hj tu vai ve o lvl q eu vo pega
[21/07/2010 18:28:43] Destination Noiszx: teu CU 
[21/07/2010 18:28:46] Mirna: upa ae mas n tem pvp
[21/07/2010 18:28:47] Mirna: kkkkkkk
[21/07/2010 18:28:51] Mirna: mata ninguem
[21/07/2010 18:28:53] Destination Noiszx: jae
[21/07/2010 18:28:53] Pedriinhoo: boteiro do krai
[21/07/2010 18:28:55] Destination Noiszx: dexa eu pega 
[21/07/2010 18:28:56] Destination Noiszx: lvl
[21/07/2010 18:28:57] Destination Noiszx: 150
[21/07/2010 18:29:01] Destination Noiszx: ai nois vai x2
[21/07/2010 18:29:02] Destination Noiszx: x1
[21/07/2010 18:29:03] Destination Noiszx: noobao[
[21/07/2010 18:29:06] Pedriinhoo: vai continua noob
[21/07/2010 18:29:09] Destination Noiszx: eu e seu pai
[21/07/2010 18:29:29] Pedriinhoo: meu pai
[21/07/2010 18:29:30] Pedriinhoo: te sola
[21/07/2010 18:29:31] Pedriinhoo: facil
[21/07/2010 18:29:39] Destination Noiszx: kkk .
[21/07/2010 18:29:50] Destination Noiszx: vo discuti n
[21/07/2010 18:29:52] Destination Noiszx: qndo tu ve
[21/07/2010 18:29:54] Destination Noiszx: meu lvl
[21/07/2010 18:29:57] Destination Noiszx: ..
[21/07/2010 18:38:21] Craraaarrara: tem god on?
[21/07/2010 18:38:58] GOD Rapha: eu
[21/07/2010 18:38:58] GOD Rapha: fala
[21/07/2010 18:40:44] Craraaarrara: ou da uma infomasao ai
[21/07/2010 18:41:00] Craraaarrara: onde arrumo itens baik
[21/07/2010 18:41:16] Craraaarrara: baiak
[21/07/2010 18:46:27] GOD Rapha: are a vip
[21/07/2010 18:46:29] GOD Rapha: area vip
[21/07/2010 18:46:35] GOD Rapha: npc la vende
[21/07/2010 18:49:42] Craraaarrara: god
[21/07/2010 18:49:47] Craraaarrara: to bugado
[21/07/2010 18:49:48] Craraaarrara: to bugado
[21/07/2010 18:49:49] Craraaarrara: to bugado
[21/07/2010 18:49:53] Craraaarrara: to preso
[21/07/2010 18:57:35] Destination Noiszx: ;x
[21/07/2010 19:22:39] Craraaarrara: to preso
[21/07/2010 19:22:40] Craraaarrara: to preso
[21/07/2010 19:22:41] Craraaarrara: to preso
[21/07/2010 19:22:43] Craraaarrara: to preso
[21/07/2010 19:23:33] Craraaarrara: sai
[21/07/2010 19:23:34] Craraaarrara: ¬¬
[21/07/2010 19:30:47] Lukinha of war: quanto custa vip...?
[21/07/2010 19:31:27] GOD Rapha: 3kk
[21/07/2010 19:31:30] Lukinha of war: fmz
[21/07/2010 20:54:06] Itubaina: tem god on ?
[21/07/2010 20:56:14] Itubaina: tem god on ?
[21/07/2010 22:33:30] Destination Noiszx: ot online 24hrs ?
[21/07/2010 22:45:13] Destination Noiszx: ALGM AE ?
[21/07/2010 22:46:08] Destination Noiszx: OUUUU MANO
[22/07/2010 00:34:57] Lukinha of war: é
[22/07/2010 00:35:00] Lukinha of war: ot on 24h
[22/07/2010 00:40:31] Lukinha of war: god ta aew?
[22/07/2010 10:48:51] Gabysita Sorc: goood ta ai?
[22/07/2010 11:41:12] Destination Noiszx: GM ON KERU COMPRA VIP
[22/07/2010 11:57:42] Destination Noiszx: gm ?
[22/07/2010 11:57:47] Destination Noiszx: keru compra vip
[22/07/2010 11:58:37] Destination Noiszx: KERU COMPRA VIP
[22/07/2010 12:05:30] Destination Noiszx: GM TA AII ?
[22/07/2010 12:15:51] Xibito: vc fas?
[22/07/2010 12:26:14] Rosoolek: n fala
[22/07/2010 12:26:15] Rosoolek: god
[22/07/2010 12:27:16] Rosoolek: porraaaaaaaaa
[22/07/2010 12:37:56] Google: ALGUM TUTOR OU GM AI ?:
[22/07/2010 12:46:57] Zorba: q bixo cai addon dol
[22/07/2010 12:46:58] Zorba: ??
[22/07/2010 18:35:26] Slim Shady: gm
[22/07/2010 18:35:27] Slim Shady: ae
[22/07/2010 18:46:40] Royal Silvas: da onde eu dropo addon ? ou compro ?
[22/07/2010 18:46:42] Royal Silvas: da onde eu dropo addon ? ou compro ?
[22/07/2010 18:47:03] Royal Silvas: de que bixo eu dopro addon  ou onde compro ?
[22/07/2010 19:18:52] Mr Pet: god on
[22/07/2010 19:18:53] Mr Pet: ?
[22/07/2010 19:35:59] Zorba: GM onn
[22/07/2010 19:38:04] Zorba: oweu quero compra uma casa
[22/07/2010 19:38:32] Zorba: gmmmm
[22/07/2010 19:38:36] Zorba: ADM
[22/07/2010 19:41:48] Reppol: o server tem arena?
[22/07/2010 19:48:54] Zorba: admmm aee?
[22/07/2010 19:54:32] Falcon Fak: onde coloca promotion ?
[22/07/2010 20:34:18] Pedriinhoo: god
[22/07/2010 20:34:19] Pedriinhoo: o sabako
[22/07/2010 20:34:20] Pedriinhoo: e vip
[22/07/2010 20:34:26] Pedriinhoo: e god
[22/07/2010 20:34:28] Pedriinhoo: que dize
[22/07/2010 21:01:18] Popy: tem alguem ae?
[22/07/2010 21:01:24] Pedriinhoo: eu'
[22/07/2010 21:01:34] Popy: to trapado no meio da agua >> do depot
[22/07/2010 21:01:36] Popy: comofaz?
[22/07/2010 21:01:36] Popy: D:
[22/07/2010 22:05:41] Dragon hell: god ta ae ou cm?
[22/07/2010 22:44:33] Slim Shady: como faz pra ser vip ?
[22/07/2010 22:44:42] Slim Shady: adm ae?
[22/07/2010 22:44:43] Popy: paga 3kk
[22/07/2010 22:44:44] Popy: pro god
[22/07/2010 22:44:49] Slim Shady: ave maria
[22/07/2010 22:44:54] Slim Shady: nao tem condições n
[23/07/2010 00:03:18] Impostor: vai reiniciar de novo?
[23/07/2010 11:28:54] Mr pedro: god
[23/07/2010 11:28:58] Mr pedro: ta aew?
[23/07/2010 12:22:46] Ice'witch: ow
[23/07/2010 12:22:48] Ice'witch: Rapa
[23/07/2010 12:22:50] Ice'witch: Rapha
[23/07/2010 12:23:03] Ice'witch: quero compra uma casa
[23/07/2010 12:23:11] Ice'witch: mais nao ta dando
[23/07/2010 12:23:27] Pequeno Morcego: onde
[23/07/2010 12:23:29] Pequeno Morcego: vc tah
[23/07/2010 12:23:29] Pequeno Morcego: ?
[23/07/2010 12:23:35] Ice'witch: temple
[23/07/2010 12:39:16] Game: GOD
[23/07/2010 12:39:20] Game: GOD
[23/07/2010 12:39:28] Game: fala onde eu upo
[23/07/2010 12:39:36] Impostor: oxi
[23/07/2010 12:39:37] Impostor: drag
[23/07/2010 12:40:01] Game: manow
[23/07/2010 12:40:04] Game: n conssigo
[23/07/2010 12:40:08] Impostor: entao vai rot
[23/07/2010 12:40:12] Game: lol
[23/07/2010 12:40:15] Game: da itens aew
[23/07/2010 12:40:16] Game: ?
[23/07/2010 12:40:28] Impostor: n posso, to fazendo uma parada pra minha mae
[23/07/2010 12:40:50] Game: olha quanto é a addon?
[23/07/2010 12:40:59] Impostor: vc tem q usar o bonequinho chama addon doll
[23/07/2010 12:41:05] Impostor: ai vc fala !addon (outfit)
[23/07/2010 12:41:07] Impostor: ja era
[23/07/2010 12:41:08] Impostor: tipo
[23/07/2010 12:41:10] Impostor: .!addon shaman
[23/07/2010 12:41:11] Impostor: ai faz
[23/07/2010 12:42:15] Alix: help i need money for potions!!!! god plx help or a gm or cm 
[23/07/2010 12:42:24] Impostor: no need money for potion
[23/07/2010 12:42:28] Impostor: buy a single mana potion
[23/07/2010 12:42:31] Impostor: and it is forever.
[23/07/2010 12:42:40] Impostor: 12:44 Using the last great mana potion... 12:44 Using the last great mana potion... 12:44 Using the last great mana potion... 12:44 Using the last great mana potion... 12:44 Using the last great mana potion...
[23/07/2010 12:42:42] Game: 12:42 Voce não possui Addon Doll!
[23/07/2010 12:42:46] Game: n da
[23/07/2010 12:42:47] Impostor: to falando
[23/07/2010 12:42:49] Impostor: vc tem q ter o boneco
[23/07/2010 12:42:56] Game: queal
[23/07/2010 12:42:57] Game: ?
[23/07/2010 12:43:01] Impostor: vai dp
[23/07/2010 12:43:04] Impostor: templo*
[23/07/2010 12:49:25] Game: ta aew?
[23/07/2010 12:49:47] Game: tem alguem aew?
[23/07/2010 12:49:48] Game: tem alguem aew?
[23/07/2010 12:49:49] Game: tem alguem aew?
[23/07/2010 12:49:49] Game: tem alguem aew?
[23/07/2010 12:49:50] Game: tem alguem aew?
[23/07/2010 12:49:50] Game: tem alguem aew?
[23/07/2010 12:49:51] Game: tem alguem aew?
[23/07/2010 12:49:57] Game: tem alguem aew?
[23/07/2010 12:49:57] Game: tem alguem aew?
[23/07/2010 12:49:58] Game: tem alguem aew?
[23/07/2010 12:49:58] Game: tem alguem aew?
[23/07/2010 14:35:56] Rosoolek: god
[23/07/2010 14:35:56] Rosoolek: ta ai
[23/07/2010 14:35:57] Rosoolek: ?
[23/07/2010 14:40:04] Goathi Boladao: como compra outfit?
[23/07/2010 15:07:17] Impostor: lag pls
[23/07/2010 18:11:23] Slim Shady: god quanto eh a vip?
[23/07/2010 18:12:14] Slim Shady: muito caro
[23/07/2010 18:12:15] Slim Shady: ixi
[23/07/2010 18:12:26] Slim Shady: ate pq eh mto dificil de upar
[23/07/2010 18:55:17] Jack ralirena: god qro vip tenho a grana
[23/07/2010 22:04:51] Primo Da Lores: gm on ?
[23/07/2010 22:06:54] Primo Da Lores: gm n ?
[23/07/2010 23:45:24] Lady Power: god
[23/07/2010 23:45:26] Lady Power: eu quero
[23/07/2010 23:45:27] Lady Power: vip
[23/07/2010 23:45:38] Lady Power: eu quero comprar vip
[24/07/2010 10:11:25] Tibia: ot bugado
[24/07/2010 13:01:49] Primo Da Lores: gm on plz ?
[24/07/2010 20:53:11] Bcss: aonde cato o novo addon inteiro?
[24/07/2010 22:05:41] Free Style: ajuda
[24/07/2010 22:05:42] Free Style: plx
[24/07/2010 22:09:00] Free Style: AJUDAAAAAAAAAAAA
[24/07/2010 22:55:23] Primo Da Lores: opa
[24/07/2010 22:55:27] Primo Da Lores: help plz
[25/07/2010 01:38:58] Falcon Fak: alguem ? ><
[25/07/2010 02:14:17] Master Fox: aff n da pra sair daki
[25/07/2010 04:36:08] Popy: armaggedon
[25/07/2010 10:59:13] Dona Popet: como compra vip aki ?
[25/07/2010 12:37:52] Elder Knight: QUANTOS CUSTA A VIP
[25/07/2010 12:37:52] Elder Knight: ?
[25/07/2010 12:38:21] Devil: quanto e a vip star ?
[25/07/2010 12:50:02] Elder Knight: cade
[25/07/2010 12:50:03] Elder Knight: o god
[25/07/2010 12:51:58] Elder Knight: demonwing axe
[25/07/2010 12:52:26] Elder Knight: ?
[25/07/2010 14:21:47] Supeer Man: LAGGGGGGGGGGGGGGGGGGGGGGGGGGGGG
[25/07/2010 14:45:59] Master Killer: quanto custa vip..
[25/07/2010 15:59:53] Welcome: aff god leg do carai
[25/07/2010 16:08:26] Welcome: aff god leg do carai q porra de ot
[25/07/2010 17:19:08] Welcome: aff vai tomar no cu leg do carai
[25/07/2010 17:19:43] Welcome: aff god para de ver video porno ai
[25/07/2010 17:20:06] Welcome: ai
[25/07/2010 19:55:19] Newba: printscreen.zapto.org
[25/07/2010 19:55:40] Newba: entra ae seus pau no cuh
[25/07/2010 19:55:43] Newba: sem top
[25/07/2010 19:55:45] Newba: e sem lag
[25/07/2010 20:21:38] Newba: printscreen.zapto.org
[25/07/2010 20:21:39] Newba: entra ae
[25/07/2010 21:27:11] Master Killer: buy vip gm
[25/07/2010 21:29:26] Erza Scarlet: eu
[26/07/2010 02:47:02] Dragon hell: GOD-CM-GM-TUTOR ALGUEM ON POR FAVOR
[26/07/2010 09:24:23] Aniquiladora: TEAM ANIHI FALTA 2 lvl 100
[26/07/2010 11:12:23] Aniquiladora: EU ANIHI
[26/07/2010 13:21:23] Demoniac Saintz: god ou gm on ?
[26/07/2010 05:12:40] Mago Das Trevas: a onde poi promot
[26/07/2010 05:12:41] Dark knight: adm
[26/07/2010 05:12:46] Dark knight: onde tem drakens
[26/07/2010 05:12:46] Atra Miles: quero comprar vip
[26/07/2010 05:12:46] Dark knight: ?
[26/07/2010 05:12:50] Mago Das Trevas: a onde poi promot
[26/07/2010 05:12:55] Corey: tah lag po
[26/07/2010 05:13:03] Atra Miles: quero comprar vip
[26/07/2010 05:13:10] Mago Das Trevas: eu
[26/07/2010 05:13:42] Porkoo Aranha: ADM BUY VIP 3KK AKE
[26/07/2010 05:13:45] Cararararr: adm
[26/07/2010 05:13:47] Mago Das Trevas: a onde compra promot
[26/07/2010 05:13:53] Cararararr: buy vip ake
[26/07/2010 05:13:59] Cararararr: 3kk
[26/07/2010 05:14:26] Dark knight: god
[26/07/2010 05:14:34] Dark knight: adm
[26/07/2010 05:14:36] Dark knight: adm
[26/07/2010 05:14:40] Dark knight: onde ten drakens
[26/07/2010 05:14:49] Porkoo Aranha: jd vs ?
[26/07/2010 05:16:22] Mago: akspoaops
[26/07/2010 05:18:17] Dark knight: qanto ki ´´e a area vip
[26/07/2010 05:26:20] Dark knight: god
[26/07/2010 05:26:22] Dark knight: adm
[26/07/2010 05:26:26] Dark knight: me vende addon doll
[26/07/2010 05:26:27] Dark knight: ?
[26/07/2010 05:29:17] Lost Druidera: adm ta ai ?
[26/07/2010 05:29:28] Dark knight: Buy addon doll !!
[26/07/2010 05:29:31] Cararararr: fala no help[
[26/07/2010 05:29:35] Dark knight: Buy addon doll !!
[26/07/2010 05:29:56] Lost Druidera: adm nao tem respaw vip de frost nao ?
[26/07/2010 05:30:02] Lost Druidera: nao tem nem 1 bixo aki
[26/07/2010 05:30:11] Lost Druidera: aee
[26/07/2010 05:30:12] Lost Druidera: axei 1
[26/07/2010 05:30:14] Lost Druidera: ¬¬
[26/07/2010 05:46:02] Corey: laaaaaaaag porrra
[26/07/2010 05:46:31] Cararararr: lagg
[26/07/2010 05:52:51] Lost Druidera: porra
[26/07/2010 05:53:02] Lost Druidera: a staff of baiak nao faz nada
[26/07/2010 05:53:15] Lost Druidera: a staff of baiak nao faz nada e custa 1,5kk    
[26/07/2010 06:10:57] Krompax: Como compra promotion???
[26/07/2010 06:11:43] Mathuza Boladao: GM QUE LAGGGGGGGGGGG
[26/07/2010 06:11:50] Mathuza Boladao: TA DEMAIIS
[26/07/2010 06:11:53] Krompax: Como compra promotion???
[26/07/2010 06:11:55] Krompax: Como compra promotion???
[26/07/2010 06:12:07] Mathuza Boladao: ali na city msm
[26/07/2010 06:12:10] Mathuza Boladao: >>> do dp
[26/07/2010 06:12:15] Krompax: qual npc
[26/07/2010 06:12:17] Krompax: ??
[26/07/2010 06:12:33] Krompax: um de assassin?
[26/07/2010 06:12:50] Mathuza Boladao: andar de cima
[26/07/2010 06:12:51] Mathuza Boladao: dele
[26/07/2010 06:13:24] Krompax: vlw
[26/07/2010 06:25:35] Krompax: Como sai de uma guild???
[26/07/2010 06:25:43] Krompax: Como sai de uma guild???
[26/07/2010 06:26:04] Krompax: alguem aiii?
[26/07/2010 06:27:02] Krompax: quem aeee??
[26/07/2010 06:27:24] Krompax: alguem respondeee
[26/07/2010 06:27:27] Krompax: invita eu aee
[26/07/2010 06:27:34] Lost Druidera: fala no chata da gui !leaveguild
[26/07/2010 06:27:43] Lost Druidera: guild*
[26/07/2010 06:28:25] Krompax: como chama o cara
[26/07/2010 06:28:28] Krompax: q ta 333
[26/07/2010 06:28:30] Krompax: no lvl
[26/07/2010 06:28:33] Krompax: ele tava aqui no help
[26/07/2010 06:28:34] Krompax: agora
[26/07/2010 06:28:40] Lost Druidera: nao sei
[26/07/2010 06:29:50] Krompax: caraio
[26/07/2010 06:29:52] Krompax: pode dar pk?
[26/07/2010 06:29:57] Krompax: o cara quase me mata ake
[26/07/2010 06:42:04] Lost Druidera: ADM PQ TA TANTO LAG ???
[26/07/2010 06:54:59] Cararararr: adm ta ai
[26/07/2010 06:55:00] Cararararr: ??
[26/07/2010 06:55:39] Lord Loko: alguem?
[26/07/2010 06:55:50] Cararararr: tgod
[26/07/2010 06:55:51] Cararararr: ta ai
[26/07/2010 06:56:17] Lord Loko: ow pode me responder uma pergunta
[26/07/2010 06:56:18] Lord Loko: ?
[26/07/2010 06:56:49] Cararararr: tinha q vim mais
[26/07/2010 07:00:15] Lord Loko: tem os itens novos??????
[26/07/2010 07:01:40] Lost Druidera: s
[26/07/2010 07:02:12] Lord Loko: vlw
[26/07/2010 07:28:41] Lost Druidera: gm ta ae ?
[26/07/2010 07:43:42] Kaka Boladao: god ta on ?
[26/07/2010 07:50:47] Kaka Boladao: adm on
[26/07/2010 07:50:49] Kaka Boladao: ?
[26/07/2010 07:50:50] Kaka Boladao: alguem
[26/07/2010 08:38:51] Tavinho Crash: GM
[26/07/2010 08:39:02] Tavinho Crash: TÃO TRAPANDO OS NEWBIE
[26/07/2010 09:15:16] Kaka Boladao: God ta on  ?
[26/07/2010 09:19:51] Krompax: Nusssa ta muito laaaaaaag
[26/07/2010 09:19:53] Krompax: =/
[26/07/2010 12:28:32] Terrorista: affs mano tnc krl sumonaro um hero lah nos dragon maiis que krl mano
[26/07/2010 17:26:43] Constantin's: GOD
[26/07/2010 17:26:44] Constantin's: ...
[26/07/2010 17:28:57] Constantin's: GM...
[06/07/2015 22:23:16] [ADM]: ola
[06/07/2015 22:23:20] [ADM]: como faço pra tranzar
[06/07/2015 22:23:23] [ADM]: me deem dicas
[06/07/2015 22:23:27] [ADM]: um tutoriau
[06/07/2015 22:23:28] [ADM]: EAUHHAEUAHUEAHEUAHEU
[03/12/2015 16:47:37] Chatuba: onde pego dinheir aqui?
[03/12/2015 16:48:42] [ADM] Victor: vc mata os monstros e vende os items no npc mad
[03/12/2015 16:49:08] [ADM] Victor: do mesmo jeito que qualquer outro ot '-'
[03/12/2015 20:15:55] Lulu: Adm, sai da sua casa
[03/12/2015 20:15:57] Lulu: no templo
[03/12/2015 20:16:44] [ADM] Victor: não to nela. '-
[03/12/2015 20:17:21] Lulu: ta sim
[03/12/2015 20:17:28] Lulu: It belongs to house 'Temple House I'. [ADM] Victor owns this house.
[03/12/2015 20:17:31] Lulu: nao é vc?
[03/12/2015 20:17:35] [ADM] Victor: kkkk
[03/12/2015 20:17:40] Lulu: Ou sou eu desfarçado?
[03/12/2015 20:17:49] [ADM] Victor: significa que a house e minha não que eu estou dentro dela '-
[03/12/2015 20:18:05] Lulu: nao falei q vc esta dentro
[03/12/2015 20:18:10] Lulu: e sim que é sua
[03/12/2015 20:18:23] [ADM] Victor: vo precisar dar uma saida logo mais eu volto ae
[03/12/2015 20:18:29] Lulu: entao
[03/12/2015 20:18:30] Lulu: quero ela
[03/12/2015 20:18:32] Lulu: ;(
[03/12/2015 20:20:49] Lulu: Tira o exaust do utito tempo san.
[03/12/2015 20:21:37] Chatuba: 5!buyhouse
[03/12/2015 20:21:43] Chatuba: !buyhouse
[03/12/2015 20:34:13] Lulu: Tira o exaust
[03/12/2015 20:34:16] Lulu: do utito tempo san
[03/12/2015 20:35:51] Chatuba: ai lulu
[03/12/2015 20:35:53] Lulu: oi
[03/12/2015 20:35:54] Lulu: ?
[03/12/2015 20:35:56] Chatuba: vai jogar nesse ot?
[03/12/2015 20:35:58] Lulu: s
[03/12/2015 20:36:03] Chatuba: bora cria uma guild
[03/12/2015 20:36:06] Lulu: cria ae
[03/12/2015 20:36:09] Lulu: ja bora domina
[03/12/2015 20:36:13] Chatuba: nem sei cria hahahah
[03/12/2015 20:36:17] Lulu: kk
[03/12/2015 20:36:25] Chatuba: cria tu ai 
[03/12/2015 20:37:18] Lulu: /creatguild
[03/12/2015 20:37:21] Chatuba: esse ot é servidor caseiro ou é pago sera?
[03/12/2015 20:37:30] Lulu: sei la
[03/12/2015 20:38:06] Lulu: tomara q seja pago
[03/12/2015 20:38:17] Chatuba: sim
[03/12/2015 20:39:26] Lulu: Tira o carai do Exaust do utito tempo san
[03/12/2015 20:39:34] Lulu: Q dgç
[03/12/2015 20:39:36] Lulu: viu
[03/12/2015 20:39:50] Chatuba: ele nao ta on ele disse que ja volta
[03/12/2015 20:41:34] Lulu: fala nome
[03/12/2015 20:41:36] Lulu: pra guild
[03/12/2015 20:41:51] Chatuba: vish sei la mano coloca qualquer um ai
[03/12/2015 20:42:03] Lulu: fala um dahora
[03/12/2015 20:42:03] Lulu: ai
[03/12/2015 20:42:27] Lulu: Insane?
[03/12/2015 20:43:56] Chatuba: pode ser
[03/12/2015 20:44:19] Lulu: vou invitar ja
[03/12/2015 20:44:36] Lulu: acc
[03/12/2015 20:45:15] Chatuba: como que aceita? haahahhahaha
[03/12/2015 20:45:55] Lulu: .!joinguild Insane
[03/12/2015 20:59:11] Lulu: ADM
[03/12/2015 21:03:04] Lulu: ADm
[03/12/2015 21:21:11] Lulu: Adm
[03/12/2015 21:25:29] Lulu: Adm responde
[03/12/2015 21:31:49] Lulu: ADM
[03/12/2015 21:31:53] Lulu: RESPONDE
[03/12/2015 21:31:55] Lulu: CARAi
[03/12/2015 21:44:02] Lulu: ADM
[03/12/2015 21:52:28] Lulu: Adm entra pra resolva as coisas karai
[03/12/2015 22:06:22] Lulu: Cade o krl do adm
[03/12/2015 22:06:24] Lulu: Tnc viu
[03/12/2015 22:08:40] Mc Pikachu: calma man ele ja entra
[03/12/2015 22:08:49] Mc Pikachu: deve ta fazendo alguma coisa
[03/12/2015 22:08:49] Lulu: tem um mongol
[03/12/2015 22:08:51] Lulu: divulgando
[03/12/2015 22:08:56] Lulu: ja nao tem mt gente
[03/12/2015 22:09:05] Lulu: e o adm tem que arrumar mt coisa mano
[03/12/2015 22:09:07] Mc Pikachu: quem ta divulgando?
[03/12/2015 22:09:13] Lulu: o Druid
[03/12/2015 22:09:17] Lulu: Druid do rush
[03/12/2015 22:10:13] Mc Pikachu: ele ja saiu
[03/12/2015 22:10:55] Lulu: o Adm tem que tirar o exaust do utito tempo san.
[03/12/2015 22:11:00] Lulu: tem que coloca quest
[03/12/2015 22:11:29] Mc Pikachu: sim mais isso se ele quiser fazer ele faz com o tempo
[03/12/2015 22:11:51] Mc Pikachu: ja tem a quest vip voce guenta ela?
[03/12/2015 22:12:00] Lulu: nao sei ainda
[03/12/2015 22:12:03] Lulu: o bixo bate 3k
[03/12/2015 22:12:19] Lulu: e a potion n sobe life
[03/12/2015 22:12:30] Mc Pikachu: entao man como tu ja quer outras quest se tu nao sabe se guenta  a que tem
[03/12/2015 22:13:04] Lulu: aquela é quest vip pow
[03/12/2015 22:13:22] Lulu: eu quero firewalker boots
[03/12/2015 22:13:28] Lulu: se n, nao da
[03/12/2015 22:27:47] [ADM] Victor: Arrumei o utito tempo san como pedido.
[03/12/2015 22:27:53] Lulu: posso usar
[03/12/2015 22:27:54] Lulu: ja?
[03/12/2015 22:27:57] [ADM] Victor: Sim
[03/12/2015 22:28:16] Lulu: faz
[03/12/2015 22:28:17] Lulu: quest
[03/12/2015 22:28:31] [ADM] Victor: qual quest?
[03/12/2015 22:28:46] Lulu: faz
[03/12/2015 22:28:47] Lulu: algumas
[03/12/2015 22:28:49] Lulu: em poucas
[03/12/2015 22:29:32] Lulu: e o castle
[03/12/2015 22:29:40] Lulu: pq n coloca ele normal
[03/12/2015 22:29:43] Lulu: pra domina 24hrs
[03/12/2015 22:29:54] Chatuba: quest com armas seria legal ^^
[03/12/2015 22:30:19] Lulu: faz um tp
[03/12/2015 22:30:21] Lulu: com quests
[03/12/2015 22:30:22] Lulu: dahoras
[03/12/2015 22:31:03] Lulu: e pq n sobe life
[03/12/2015 22:31:06] Lulu: a potion de pally?
[03/12/2015 22:31:10] [ADM] Victor: no momento as armas mais fortes são as vip3, tem as armas god como aquela que tem no templo da vip1 mas é só cenário
[03/12/2015 22:31:35] [ADM] Victor: não mexi no pot de pally
[03/12/2015 22:31:44] Lulu: entao
[03/12/2015 22:31:47] Lulu: n ta subnid
[03/12/2015 22:31:47] [ADM] Victor: vou dar uma olhada
[03/12/2015 22:32:03] Chatuba: ai lulu bora depois quest vip? ^^
[03/12/2015 22:32:07] Lulu: sim
[03/12/2015 22:32:10] Lulu: deixa ele arrumar
[03/12/2015 22:32:13] Chatuba: so vo toma um banho
[03/12/2015 22:32:16] Lulu: blz
[03/12/2015 22:32:45] [ADM] Victor: hp ta entre 1000~1100 e mana 400~600 ta bom não?
[03/12/2015 22:32:58] Lulu: sei la mano
[03/12/2015 22:33:00] Lulu: o bixo bate
[03/12/2015 22:33:01] Lulu: 2,5k
[03/12/2015 22:33:07] Khaos: adm?
[03/12/2015 22:33:09] [ADM] Victor: qual bixo?
[03/12/2015 22:33:12] Lulu: olha que nao é o ghaz
[03/12/2015 22:33:14] [ADM] Victor: sou eu
[03/12/2015 22:33:15] Lulu: é o Quaras
[03/12/2015 22:33:24] [ADM] Victor: ah sim, esse bixo é assim mesmo
[03/12/2015 22:33:32] Lulu: pior que n
[03/12/2015 22:33:33] Lulu: kkk
[03/12/2015 22:33:38] Lulu: se for assim
[03/12/2015 22:33:42] Lulu: o Abobinator
[03/12/2015 22:33:42] [ADM] Victor: é sim, em baiak é
[03/12/2015 22:33:44] Khaos: adm victor pq tu n cria baiak vip 15? '-'
[03/12/2015 22:33:44] Lulu: esta batendo
[03/12/2015 22:33:46] Lulu: 5k
[03/12/2015 22:33:59] Lulu: vai criando quests
[03/12/2015 22:34:02] Lulu: adm
[03/12/2015 22:34:24] Lulu: e poe Castle 24h
[03/12/2015 22:34:28] Lulu: para haver war
[03/12/2015 22:34:30] Lulu: legal
[03/12/2015 22:34:36] Khaos: lulu xiu ae
[03/12/2015 22:34:45] Lulu: cara
[03/12/2015 22:34:48] Lulu: estou dando dicas
[03/12/2015 22:34:54] Lulu: nao tem castle
[03/12/2015 22:34:55] Lulu: '-'
[03/12/2015 22:35:05] [ADM] Victor: tem castle como não
[03/12/2015 22:35:09] Khaos: velho ele tinha q fazer isso vira baiak vip 15 -.-'
[03/12/2015 22:35:24] Khaos: maioria ja enjuo de ot xp baixa '-'
[03/12/2015 22:35:27] [ADM] Victor: baiak vip 15 é zuado de mais 
[03/12/2015 22:35:35] [ADM] Victor: e desnecessário
[03/12/2015 22:35:36] Khaos: pq vc axa issu?
[03/12/2015 22:35:56] Lulu: o Ot vai enjuar
[03/12/2015 22:36:00] Lulu: se nao tiver war...
[03/12/2015 22:36:03] Lulu: quests
[03/12/2015 22:36:09] [ADM] Victor: mais vale eu aumentar as que ja tem, 3 vip ja é mais do que o suficiente
[03/12/2015 22:36:30] Khaos: victor pq axa baiak vip 15 chatoh?
[03/12/2015 22:36:31] Khaos: -.-
[03/12/2015 22:36:49] Lulu: nao tem comando spells
[03/12/2015 22:36:54] Chatuba: acho melhor ele aumenta as parada da vip tres do que cria ate vip quinze
[03/12/2015 22:36:55] Lulu: ai fica dificil ne
[03/12/2015 22:36:56] Lulu: kk
[03/12/2015 22:36:58] [ADM] Victor: enquanto não tiver mais player não tem jeito de fazer war.
[03/12/2015 22:37:20] Lulu: como viro vip3?
[03/12/2015 22:37:23] Khaos: 30kk.
[03/12/2015 22:37:27] Chatuba: tem que fazer a quest
[03/12/2015 22:37:31] Chatuba: nao?
[03/12/2015 22:37:45] Lulu: nao é 30kk nao
[03/12/2015 22:37:59] Lulu: nao tem nem comando
[03/12/2015 22:38:01] Lulu: pra compra tio
[03/12/2015 22:38:04] [ADM] Victor: tipo, talvez ele ja tenha visto esse ot, era 30kk
[03/12/2015 22:38:11] Lulu: ah
[03/12/2015 22:38:18] Chatuba: agora como que é/
[03/12/2015 22:38:18] [ADM] Victor: eu editei esse ot faz 1 ou 2 anos nunca coloquei on
[03/12/2015 22:38:20] Khaos: !buyvip
[03/12/2015 22:38:21] Khaos: !buyvip3
[03/12/2015 22:38:23] Khaos: oxe
[03/12/2015 22:38:29] [ADM] Victor: hoje é com quest
[03/12/2015 22:38:36] Lulu: Entao
[03/12/2015 22:38:38] Chatuba: tendi
[03/12/2015 22:38:42] Lulu: faz quests
[03/12/2015 22:38:43] Lulu: ?
[03/12/2015 22:38:47] Khaos: onde compra as melhores armas ae?
[03/12/2015 22:38:53] Chatuba: vip 3
[03/12/2015 22:38:59] Khaos: -.-
[03/12/2015 22:39:01] Khaos: nd haver
[03/12/2015 22:39:02] Lulu: ou vip free
[03/12/2015 22:39:27] [ADM] Victor: eu vo da uma diminuida no quara la 
[03/12/2015 22:39:33] Lulu: blz
[03/12/2015 22:39:35] Lulu: e faz quests
[03/12/2015 22:39:36] Lulu: '--'
[03/12/2015 22:39:36] Lulu: kk
[03/12/2015 22:39:44] Lulu: o castle eu n entendi ainda
[03/12/2015 22:39:45] Khaos: diminuida em q?
[03/12/2015 22:39:51] Chatuba: quest é tudo deixa as parada mais disputada hahaha
[03/12/2015 22:39:52] Lulu: quara
[03/12/2015 22:39:57] Lulu: ta batendo 2,5k
[03/12/2015 22:40:03] Lulu: ne
[03/12/2015 22:40:22] Khaos: ta normal -.-
[03/12/2015 22:40:27] [ADM] Victor: eu sei, mas fui eu não ele ja era assim no baiak bryan que foi o ot base pra virar nisso
[03/12/2015 22:40:27] Lulu: claro ne
[03/12/2015 22:40:43] Khaos: vey to pensando se vo joga isso aki -.-'
[03/12/2015 22:40:54] Lulu: ninguem liga
[03/12/2015 22:40:54] Lulu: pra vc
[03/12/2015 22:40:57] Chatuba: fii se tu quiser nao joga mano
[03/12/2015 22:40:58] Lulu: vc se acha o bomzao
[03/12/2015 22:40:59] Khaos: xiu ae 
[03/12/2015 22:41:02] Lulu: acha que sabe de tudo
[03/12/2015 22:41:03] Lulu: lek
[03/12/2015 22:41:06] Lulu: se achar ruim
[03/12/2015 22:41:07] Khaos: eu n axo. eu sou.
[03/12/2015 22:41:07] Lulu: rala
[03/12/2015 22:41:09] Khaos: hunted.
[03/12/2015 22:41:10] Lulu: e faz um pra tu
[03/12/2015 22:41:14] Lulu: Bora q bora
[03/12/2015 22:41:17] Chatuba: ahahahahahahahahahahahahahahahhahahahahahahahahahaha
[03/12/2015 22:41:19] Khaos: kkkkkkkkkkkkkkkkkkkkkkk
[03/12/2015 22:41:21] Khaos: eu ri
[03/12/2015 22:41:33] Lulu: Sabe oq eu acho?
[03/12/2015 22:41:38] Lulu: falta dodge e critical
[03/12/2015 22:41:38] Lulu: kkk
[03/12/2015 22:41:39] Khaos: n queru saber
[03/12/2015 22:41:46] Lulu: ops..
[03/12/2015 22:41:47] Lulu: nao falei ctg
[03/12/2015 22:41:55] Khaos: help eh publico
[03/12/2015 22:41:58] Khaos: axo ruin vai pro pm'
[03/12/2015 22:42:03] Lulu: entao pronto
[03/12/2015 22:42:06] Lulu: fica deboas
[03/12/2015 22:42:06] Lulu: ai
[03/12/2015 22:42:06] Khaos: kkkkkkkkk
[03/12/2015 22:42:10] Lulu: n tem lvl
[03/12/2015 22:42:12] Lulu: pra falar cmg
[03/12/2015 22:42:17] Khaos: veý falando serio namoral
[03/12/2015 22:42:24] Khaos: esses ot n tem sentido ter grana
[03/12/2015 22:42:28] Khaos: n tem dodge nem critical
[03/12/2015 22:42:32] Lulu: kkk
[03/12/2015 22:42:36] Khaos: so compra arma e pronto
[03/12/2015 22:42:39] Khaos: -.-
[03/12/2015 22:42:43] Lulu: Falo tudooo
[03/12/2015 22:42:45] Lulu: bixaa
[03/12/2015 22:42:48] Khaos: guei
[03/12/2015 22:42:50] Lulu: HUHEUEHUEHUEHEUE
[03/12/2015 22:43:02] Lulu: Arraso
[03/12/2015 22:43:03] Khaos: tipo por isso gosto de baiak 15
[03/12/2015 22:43:08] Khaos: dogbe 80kk kd, critical 80kk
[03/12/2015 22:43:24] Khaos: ae ss junta deixa full e grana servi pra algo
[03/12/2015 22:43:26] [ADM] Victor: esse ot nem ta pronto
[03/12/2015 22:43:30] Lulu: ne
[03/12/2015 22:43:34] Lulu: amanha ele vai arrumando
[03/12/2015 22:43:39] Lulu: coloca quests por enquanto
[03/12/2015 22:43:51] [ADM] Victor: que quests
[03/12/2015 22:43:58] Khaos: coloca arma nova
[03/12/2015 22:44:02] Lulu: inventa
[03/12/2015 22:44:03] Khaos: nas quest
[03/12/2015 22:44:03] Lulu: tio
[03/12/2015 22:44:04] Khaos: e set
[03/12/2015 22:44:17] Khaos: tipo melhor arma aki eh q attack?
[03/12/2015 22:44:20] Chatuba: sim vai fica tezao 
[03/12/2015 22:44:29] Lulu: Nao é
[03/12/2015 22:44:30] Lulu: pra bater
[03/12/2015 22:44:31] Lulu: uma
[03/12/2015 22:44:33] Chatuba: da ate pra divulga em outros server
[03/12/2015 22:44:35] Lulu: é pra ser dahora mano
[03/12/2015 22:44:46] Lulu: quer bater uma
[03/12/2015 22:44:49] Khaos: ...
[03/12/2015 22:44:49] Lulu: www.sambaporno.
[03/12/2015 22:44:53] Khaos: mds
[03/12/2015 22:45:00] Lulu: o maluco q falo
[03/12/2015 22:45:00] Lulu: tio
[03/12/2015 22:45:02] Lulu: Tezao...
[03/12/2015 22:45:11] Khaos: tezao = T Grande
[03/12/2015 22:45:11] Khaos: -.-
[03/12/2015 22:45:16] Chatuba: '-'
[03/12/2015 22:45:17] Khaos: huhue
[03/12/2015 22:45:24] Lulu: to zoando mongol
[03/12/2015 22:45:25] Lulu: kk
[03/12/2015 22:45:28] Lulu: Ai sim adm
[03/12/2015 22:45:32] Lulu: to tirando 2k
[03/12/2015 22:45:36] Lulu: com utito
[03/12/2015 22:45:44] Lulu: Vem agora
[03/12/2015 22:45:49] Lulu: chatuba
[03/12/2015 22:45:49] Lulu: kk
[03/12/2015 22:45:51] Khaos: lulu pally aki usa pot e attack para?
[03/12/2015 22:45:56] Lulu: sim
[03/12/2015 22:45:58] Lulu: um pouco
[03/12/2015 22:46:00] Lulu: o fast abaixa
[03/12/2015 22:46:05] Khaos: adm falo q mexe aki por 2 anos
[03/12/2015 22:46:06] [ADM] Victor: isso é normal
[03/12/2015 22:46:09] Khaos: e n arrumo o bug de pally?
[03/12/2015 22:46:11] Lulu: nao ta atacando
[03/12/2015 22:46:14] Lulu: acabei de testa
[03/12/2015 22:46:18] Lulu: n abaixa n
[03/12/2015 22:46:21] Chatuba: isso é normal de pally
[03/12/2015 22:46:22] Khaos: velho td class usa runa, usa pot , e o attack n para
[03/12/2015 22:46:25] Khaos: pally vem bugado
[03/12/2015 22:46:25] [ADM] Victor: disse que arrumei faz 2 anos atraz, nao disse q to faz 2 anos arrumando
[03/12/2015 22:46:28] Khaos: tem q arrumar
[03/12/2015 22:46:31] Lulu: blz
[03/12/2015 22:46:36] Lulu: so quero isso
[03/12/2015 22:46:39] Lulu: por enquanto
[03/12/2015 22:47:02] Khaos: flw's pessoal 
[03/12/2015 22:47:06] Lulu: sai fora
[03/12/2015 22:47:06] [ADM] Victor: esse ot dava uns 300 bug no executável, agora ele não da nenhum 
[03/12/2015 22:47:08] Lulu: lixo
[03/12/2015 22:47:26] Lulu: adm
[03/12/2015 22:47:27] Lulu: sai da casa
[03/12/2015 22:47:28] Lulu: pow
[03/12/2015 22:47:39] Khaos: faz graça n pf kkkkkkk
[03/12/2015 22:47:40] Chatuba: ta legal o server so fazer umas quest dahora e coloca critico e dodge ai fica muuuuito bom
[03/12/2015 22:47:50] Lulu: bora logo
[03/12/2015 22:47:53] Lulu: fazer aquela quest la
[03/12/2015 22:48:02] Chatuba: vo toma banho fii raidao
[03/12/2015 22:48:06] Lulu: vai logo mano
[03/12/2015 22:48:12] Lulu: banho n da xp n
[03/12/2015 22:48:20] Khaos: cara virj.
[03/12/2015 22:48:28] Lulu: virj?
[03/12/2015 22:48:29] Lulu: kkkkkkkk
[03/12/2015 22:48:32] Chatuba: amanha tenho faculdade cedo uahsuah
[03/12/2015 22:48:34] Lulu: comediante...
[03/12/2015 22:49:31] Khaos: flw's povo... adm caso o ot n de certo crie baiak vip 15... flw's
[03/12/2015 22:49:42] Lulu: rala
[03/12/2015 22:50:16] Khaos: vem fazer
[03/12/2015 22:50:22] Lulu: nao da
[03/12/2015 22:50:24] Lulu: vc é lvl 8
[03/12/2015 22:50:52] Khaos: agr da?
[03/12/2015 22:51:02] Khaos: lixu.
[03/12/2015 22:51:25] Lulu: pega lvl 500
[03/12/2015 22:51:26] Lulu: e vem war
[03/12/2015 22:51:28] Lulu: fi
[03/12/2015 22:51:37] [ADM] Victor: ja diminui o dano do quara
[03/12/2015 22:51:49] Khaos: Neem Daá
[03/12/2015 22:51:55] Khaos: vo vaza aki flw
[03/12/2015 22:51:57] [ADM] Victor: tava 2600 o maximo coloquei 1800
[03/12/2015 22:51:57] Khaos: flw adm
[03/12/2015 22:51:59] Lulu: vai fazer as quests?
[03/12/2015 22:51:59] [ADM] Victor: flw
[03/12/2015 23:01:02] Chatuba: adm que hora os boss fica on?
[03/12/2015 23:02:28] Lulu: volta aqui
[03/12/2015 23:02:33] Lulu: chibata
[03/12/2015 23:02:56] [ADM] Victor: de 2 em 2 horas eu axo
[03/12/2015 23:04:31] Lulu: aff
[03/12/2015 23:04:32] Lulu: falo nd
[03/12/2015 23:04:35] Lulu: ta vendo que n sobe
[03/12/2015 23:04:37] Lulu: life
[03/12/2015 23:04:39] Lulu: carai
[03/12/2015 23:06:50] [ADM] Victor: q foi
[03/12/2015 23:07:01] Lulu: a potion
[03/12/2015 23:07:04] Lulu: nao sobe life
[03/12/2015 23:07:34] [ADM] Victor: sobe 1k de life ja não ta bom?
[03/12/2015 23:07:43] Lulu: nao sobe 1k
[03/12/2015 23:07:44] Lulu: nem aqui
[03/12/2015 23:07:47] Lulu: nem na china
[03/12/2015 23:07:53] [ADM] Victor: qual potion vc ta usando/?
[03/12/2015 23:08:00] Lulu: spirit
[03/12/2015 23:08:12] [ADM] Victor: local MIN_HEALTH = 1000 local MAX_HEALTH = 1100
[03/12/2015 23:08:22] [ADM] Victor: sobe 1k de life diz aquin no script
[03/12/2015 23:08:34] Lulu: vo testa
[03/12/2015 23:11:12] [ADM] Victor: quara ta hitando 1800 no max agora
[03/12/2015 23:12:15] Lulu: bom.
[03/12/2015 23:14:15] Chatuba: adm veja ai quanto ta subindo a pot de mana?
[03/12/2015 23:14:35] Chatuba: acho que ta dubindo de quinhentos em quinhentos
[03/12/2015 23:15:03] [ADM] Victor: vou ver
[03/12/2015 23:15:14] [ADM] Victor: se for isso vou aumentar
[03/12/2015 23:15:49] [ADM] Victor: 1k também vo aumentar não
[03/12/2015 23:16:33] Chatuba: vish
[03/12/2015 23:43:31] Chatuba: adm bixo da are vip dois da mais xp?
[03/12/2015 23:43:53] Lulu: ADM
[03/12/2015 23:44:00] Lulu: A star vip parece que tem menos fast atack
[03/12/2015 23:46:24] [ADM] Victor: msm coisa 
[03/12/2015 23:46:39] Chatuba: da a mesma xp?
[03/12/2015 23:47:06] [ADM] Victor: oq?
[03/12/2015 23:47:31] Chatuba: a xp da vip dois e melhor ou a mesma coisa que a normal?
[03/12/2015 23:48:41] [ADM] Victor: depende qual
[03/12/2015 23:48:53] [ADM] Victor: os monstro que tem Vip II no final da mais xp
[03/12/2015 23:50:20] Chatuba: tendi
[03/12/2015 23:55:08] Chatuba: addon ajuda alguma coisa?
[03/12/2015 23:56:23] [ADM] Victor: sim, fica mais bonito 
[03/12/2015 23:57:22] Chatuba: hahahaha
[03/12/2015 23:57:29] [ADM] Victor: coloquei o comando !spells 
[03/12/2015 23:57:36] [ADM] Victor: ja da pra usar
[03/12/2015 23:57:46] Lulu: fico bom.
[04/12/2015 00:08:01] Lulu: ADm
[04/12/2015 00:08:10] Lulu: faz o dinheiro
[04/12/2015 00:08:13] [ADM] Victor: ?
[04/12/2015 00:08:15] Lulu: gold nugget
[04/12/2015 00:08:28] Lulu: pra juntar 1kk em 1 pepita
[04/12/2015 00:08:30] Lulu: sei la
[04/12/2015 00:13:08] Lulu: Adm
[04/12/2015 00:13:13] Lulu: parou de funcionar o Heal
[04/12/2015 00:13:17] Lulu: da potion
[04/12/2015 00:13:18] Lulu: mano
[04/12/2015 00:13:24] [ADM] Victor: kkkkk
[04/12/2015 00:13:29] Lulu: vem ver
[04/12/2015 00:15:46] [ADM] Victor: parece q a star tem menos fast atack pq nem todos os hit dela da dano
[04/12/2015 00:16:08] Lulu: sim
[04/12/2015 00:16:51] Chatuba: lol to pk ai
[04/12/2015 00:17:07] [ADM] Victor: eu q coloquei mals
[04/12/2015 00:17:08] [ADM] Victor: tirei ja
[04/12/2015 00:17:20] Chatuba: hahah
[04/12/2015 00:17:27] Chatuba: vo lava loça flw
[04/12/2015 00:17:27] Lulu: vou fazer
[04/12/2015 00:17:28] Lulu: poi
[04/12/2015 00:17:30] Lulu: blz
[04/12/2015 00:22:18] [ADM] Victor: vo precisar de um GM pro ot
[04/12/2015 00:22:26] Lulu: ah
[04/12/2015 00:22:28] Lulu: me da comando
[04/12/2015 00:22:29] Lulu: pra banir
[04/12/2015 00:22:33] Lulu: quem divulgar
[04/12/2015 00:23:10] Lulu: tem pouca gente
[04/12/2015 00:23:10] Lulu: pow
[04/12/2015 00:23:50] [ADM] Victor: entao po ngm vai vim divulgar aqui
[04/12/2015 00:24:07] Lulu: tem sim
[04/12/2015 00:24:10] Lulu: tinha um mlk
[04/12/2015 00:24:12] Lulu: divulgando
[04/12/2015 00:24:20] Lulu: ele me chingo de tudo
[04/12/2015 00:24:21] Lulu: kkkkkkkkkk
[04/12/2015 00:24:34] Lulu: poe pra virar 2kk em 2 pedrinha
[04/12/2015 00:26:56] Lulu: pode?
[04/12/2015 00:28:45] Lulu: ?
[04/12/2015 00:29:56] [ADM] Victor: to fazendo isso
[04/12/2015 00:31:50] Lulu: Essa star ta errando hit d++ ein '--'
[04/12/2015 00:34:27] Chatuba: orra eu quero ser gm hahahaha
[04/12/2015 00:34:35] Lulu: nao ia dormi?
[04/12/2015 00:34:40] Lulu: Rala tio
[04/12/2015 00:34:41] Lulu: kk
[04/12/2015 00:34:42] Chatuba: tava lavando loça
[04/12/2015 00:34:45] Chatuba: hahahahaha
[04/12/2015 00:34:48] [ADM] Victor: tu é mulher?
[04/12/2015 00:34:56] Lulu: quem?
[04/12/2015 00:34:57] Chatuba: pior que nem quero gm nao pode joga qual a graça
[04/12/2015 00:35:09] [ADM] Victor: chatuba
[04/12/2015 00:35:11] Chatuba: oi
[04/12/2015 00:35:14] [ADM] Victor: tu é mulher?
[04/12/2015 00:35:18] Chatuba: nop
[04/12/2015 00:35:24] Lulu: Machista ein
[04/12/2015 00:35:25] Lulu: Adm
[04/12/2015 00:35:26] [ADM] Victor: porque lavas a louça então
[04/12/2015 00:35:29] [ADM] Victor: auhsdhasuhd 
[04/12/2015 00:35:31] Lulu: kkkkkkkk
[04/12/2015 00:35:31] [ADM] Victor: brincadeira
[04/12/2015 00:35:31] Chatuba: kkkkkkkkkk
[04/12/2015 00:35:33] Lulu: eu lavo tio
[04/12/2015 00:35:37] Lulu: e nao so Mina
[04/12/2015 00:35:41] [ADM] Victor: brincando só
[04/12/2015 00:35:45] [ADM] Victor: tb lavo as vezes
[04/12/2015 00:35:51] Lulu: ja era
[04/12/2015 00:35:53] Lulu: vamo desenrola
[04/12/2015 00:36:05] Chatuba: sumemo
[04/12/2015 00:36:07] Chatuba: hahahahaha
[04/12/2015 00:36:23] [ADM] Victor: gm pode jogar 
[04/12/2015 00:36:26] Lulu: Chega aqui pra frente do templo
[04/12/2015 00:36:32] [ADM] Victor: só nao pode usar o cargo pra obter beneficios
[04/12/2015 00:36:32] Chatuba: orra entao eu quero ahahah
[04/12/2015 00:36:32] Lulu: PRo resumo
[04/12/2015 00:36:53] Lulu: da gm n
[04/12/2015 00:36:55] Lulu: pra ningm
[04/12/2015 00:37:04] Lulu: nao tem player velho
[04/12/2015 00:37:11] Chatuba: verdade 
[04/12/2015 00:37:19] Chatuba: melhor espera um pouco
[04/12/2015 00:37:20] Lulu: Espera aparecer uns 20-30
[04/12/2015 00:37:24] Lulu: e coloca semitutor
[04/12/2015 00:37:30] Lulu: pra dar mute
[04/12/2015 00:37:32] Lulu: ou ban
[04/12/2015 00:37:33] [ADM] Victor: semitutor kk
[04/12/2015 00:37:44] [ADM] Victor: tem tutor e senior tutor só
[04/12/2015 00:37:45] Lulu: eae
[04/12/2015 00:37:53] Lulu: msmm ein
[04/12/2015 00:37:57] Lulu: ta ousado
[04/12/2015 00:38:07] [ADM] Victor: kkk
[04/12/2015 00:38:31] Chatuba: ai lulu daqui a pouco meu kina ja vai te passa en
[04/12/2015 00:38:39] Lulu: kkkkkk
[04/12/2015 00:38:44] Lulu: ta com kina
[04/12/2015 00:38:45] Lulu: tbm?
[04/12/2015 00:38:53] Chatuba: ta la Mc Pikachu
[04/12/2015 00:38:55] Chatuba: hahahaha
[04/12/2015 00:38:57] Lulu: ah
[04/12/2015 00:39:02] Lulu: Adm
[04/12/2015 00:39:03] Lulu: coloco la
[04/12/2015 00:39:09] Lulu: 1kk virar pepita ou algo..
[04/12/2015 00:39:10] Lulu: ?
[04/12/2015 00:39:19] [ADM] Victor: coloquei
[04/12/2015 00:39:23] Lulu: faz quest agr
[04/12/2015 00:39:24] Lulu: tio
[04/12/2015 00:39:24] [ADM] Victor: mas nao ta funcionando ainda
[04/12/2015 00:39:32] [ADM] Victor: tem que da restart no server
[04/12/2015 00:39:34] Lulu: ah
[04/12/2015 00:39:38] Chatuba: os bagulho do gold vai ajuda bastante
[04/12/2015 00:39:42] Lulu: espera 
[04/12/2015 00:39:45] Lulu: pra 5h da manha
[04/12/2015 00:39:49] Lulu: ne
[04/12/2015 00:39:53] Lulu: amanha
[04/12/2015 00:39:56] Lulu: vo loga uns mc
[04/12/2015 00:39:59] Lulu: e deixa treiner
[04/12/2015 00:40:00] Lulu: kk
[04/12/2015 00:40:04] Chatuba: hahaha
[04/12/2015 00:40:15] Lulu: eles desloga dps de quanto tempo
[04/12/2015 00:40:16] Lulu: ?
[04/12/2015 00:41:35] [ADM] Victor: nem sei se kicka
[04/12/2015 00:41:42] Chatuba: se o server fica vinte e quatro horas on tem que fazer um bagulho de enche stamina 
[04/12/2015 00:41:56] [ADM] Victor: stamina refil 
[04/12/2015 00:42:01] Chatuba: sim
[04/12/2015 00:42:08] [ADM] Victor: pois é tem altas parada pra faze ainda
[04/12/2015 00:42:21] Chatuba: sim de pouco em pouco o server cresce
[04/12/2015 00:42:23] Lulu: vai dormir
[04/12/2015 00:42:24] [ADM] Victor: o npc bulma e o npc do addon tem q arrumar tb eu axo
[04/12/2015 00:42:24] Lulu: q hrs?
[04/12/2015 00:42:36] Chatuba: daqui a pouco hahahah
[04/12/2015 00:42:41] Lulu: tu n
[04/12/2015 00:42:41] Lulu: kkk
[04/12/2015 00:42:47] Chatuba: se o server nao fecha vo deixa de bot
[04/12/2015 00:42:52] [ADM] Victor: eu vo ums 1 ou 1:30
[04/12/2015 00:43:03] Lulu: Lembra do tp
[04/12/2015 00:43:04] Lulu: de quest
[04/12/2015 00:43:09] Lulu: usa imaginaçao
[04/12/2015 00:43:12] [ADM] Victor: q tp de quest
[04/12/2015 00:43:33] Lulu: um tp exclusivo
[04/12/2015 00:43:36] Lulu: que tenha so quests
[04/12/2015 00:43:55] [ADM] Victor: nem da
[04/12/2015 00:44:04] [ADM] Victor: pq tem quests na vip 1, na vip 2 e na 3
[04/12/2015 00:44:23] Chatuba: nois so fez a primeira hahah e quase sofremo
[04/12/2015 00:44:28] Lulu: man
[04/12/2015 00:44:32] Lulu: n to falando 1 so
[04/12/2015 00:44:33] [ADM] Victor: só se eu colocar o tp com restrição até da pra fazzer
[04/12/2015 00:44:36] Lulu: varias...
[04/12/2015 00:44:43] [ADM] Victor: da pra fazer 1 só
[04/12/2015 00:44:57] Chatuba: faz um com itens de ataque
[04/12/2015 00:45:46] Lulu: eu ja pedi
[04/12/2015 00:45:48] Lulu: pro adm
[04/12/2015 00:45:51] Lulu: sair da casa dele
[04/12/2015 00:45:54] Lulu: e fazer 1 so
[04/12/2015 00:46:04] Lulu: mas nem ele séde
[04/12/2015 00:46:05] Lulu: nem eu
[04/12/2015 00:46:11] Chatuba: quer nada olha o tamanho da minha casa minuscula
[04/12/2015 00:46:13] Chatuba: hahahahha
[04/12/2015 00:46:30] Lulu: a minha
[04/12/2015 00:46:32] Chatuba: as casa aqui é tudo piquena
[04/12/2015 00:46:32] Lulu: é de frente
[04/12/2015 00:46:45] [ADM] Victor: ali era 1 house só, mas como eu tirei 3 house pra faze a igreja e o espaço do npc de addon eu parti ela no meio
[04/12/2015 00:46:52] Lulu: compra castelo
[04/12/2015 00:46:52] Lulu: kk
[04/12/2015 00:47:00] Lulu: pra que igreja?
[04/12/2015 00:47:01] [ADM] Victor: tirei 2 house*
[04/12/2015 00:47:01] Chatuba: pra guild
[04/12/2015 00:47:03] Chatuba: hahaha
[04/12/2015 00:47:06] Lulu: quer casa
[04/12/2015 00:47:08] Lulu: vai pro habbo
[04/12/2015 00:47:10] [ADM] Victor: pq jesus gosta
[04/12/2015 00:47:10] Lulu: se pega antes
[04/12/2015 00:47:16] Lulu: Mas jesus n joga
[04/12/2015 00:47:17] Lulu: '-'
[04/12/2015 00:47:22] [ADM] Victor: mas ele gosta msm assim
[04/12/2015 00:47:23] Lulu: e nao enche seu bolso de grana
[04/12/2015 00:47:24] Chatuba: mais ele ta vendo
[04/12/2015 00:47:26] Chatuba: hahahaha
[04/12/2015 00:47:38] [ADM] Victor: o npc da igreja serve pra casar
[04/12/2015 00:47:52] Chatuba: e casar serve pra alguma coisa?
[04/12/2015 00:47:53] Lulu: chatuba
[04/12/2015 00:47:55] Lulu: casa cmg?
[04/12/2015 00:48:02] [ADM] Victor: nao lembro se serve
[04/12/2015 00:48:07] Chatuba: bora la ve
[04/12/2015 00:48:18] [ADM] Victor: kkk como eu disse, editei isso fazz 1 ou 2 anos n lembro
[04/12/2015 00:48:27] Lulu: kkkkkk
[04/12/2015 00:48:29] Lulu: VOu ser pai
[04/12/2015 00:48:49] Chatuba: hi
[04/12/2015 00:48:59] Test 3: casar da o outifit
[04/12/2015 00:49:02] Lulu: Como vai se chama nossso filho
[04/12/2015 00:49:02] Lulu: ?
[04/12/2015 00:49:05] Test 3: de husband
[04/12/2015 00:49:15] Lulu: Thomas turbando
[04/12/2015 00:49:19] Lulu: vai ser
[04/12/2015 00:50:08] Chatuba: conste da igreja
[04/12/2015 01:03:07] Chatuba: flw vo deixa de bot e i dormi
[04/12/2015 01:03:17] Chatuba: te amanha seu gay
[04/12/2015 01:03:22] Lulu: flw
[04/12/2015 01:05:25] [ADM] Victor: flw
[04/12/2015 01:05:46] [ADM] Victor: to me batendo aqui pra fazer o script de trocar crystal coin pro bagulinho la
[04/12/2015 01:06:07] [ADM] Victor: to tendo que fazer, axei um aqui mas ta bugado
[04/12/2015 01:06:16] Lulu: kkk
[04/12/2015 01:06:26] Chatuba: ja faz o de stamina hahaha
[04/12/2015 01:06:30] Chatuba: flw agr é serio
[04/12/2015 01:07:01] Lulu: kkk
[04/12/2015 01:07:04] Lulu: matei o rei
[04/12/2015 01:07:05] Lulu: deu nd
[04/12/2015 01:08:20] [ADM] Victor: como assim?
[04/12/2015 01:08:25] Lulu: matei ele
[04/12/2015 01:08:27] Lulu: e nao caiu loot
[04/12/2015 01:08:28] Lulu: kk
[04/12/2015 01:08:33] Estudante Matematico: Boa madrugada pra vcs.
[04/12/2015 01:08:38] [ADM] Victor: tem chance de não cair..
[04/12/2015 01:08:40] Lulu: vai sai ja
[04/12/2015 01:08:40] Lulu: ?
[04/12/2015 01:08:42] [ADM] Victor: mas é bem pequena kk
[04/12/2015 01:08:46] Lulu: vixi
[04/12/2015 01:08:49] Lulu: mas nao caiu nd
[04/12/2015 01:08:50] Lulu: safado
[04/12/2015 01:08:57] Estudante Matematico: vou sai n lulu
[04/12/2015 01:09:01] Estudante Matematico: kk
[04/12/2015 01:09:01] Lulu: ah
[04/12/2015 01:09:04] Lulu: vai fica
[04/12/2015 01:09:06] Lulu: ?
[04/12/2015 01:09:10] Estudante Matematico: claro 
[04/12/2015 01:09:14] Lulu: pra jogar
[04/12/2015 01:09:15] Estudante Matematico: pq n ficaria
[04/12/2015 01:09:16] Lulu: ou conversa
[04/12/2015 01:09:17] Lulu: kk
[04/12/2015 01:09:33] Estudante Matematico: por em quanto conversa e conhecer o ot
[04/12/2015 01:09:33] [ADM] Victor: 01:09 Loot of a king of baiak: a moon backpack, a mastermind shield, a warrior helmet.
[04/12/2015 01:09:40] [ADM] Victor: king ta normal tu deu má sorte só
[04/12/2015 01:09:56] Lulu: negro só se fode,,,
[04/12/2015 01:09:57] [ADM] Victor: vo ver la se termino o script
[04/12/2015 01:10:00] Lulu: termina ai
[04/12/2015 01:10:01] [ADM] Victor: kk
[04/12/2015 01:10:01] Lulu: namoral
[04/12/2015 01:10:19] Estudante Matematico: A staff ta formada de quantas pessoas?
[04/12/2015 01:10:24] Lulu: 1
[04/12/2015 01:10:38] [ADM] Victor: só eu no momento
[04/12/2015 01:10:38] Estudante Matematico: ok
[04/12/2015 01:10:50] Estudante Matematico: Ot tem host ou é no seu pc?
[04/12/2015 01:11:05] [ADM] Victor: pq
[04/12/2015 01:11:13] [ADM] Victor: só pq é meu pc é ruim ?
[04/12/2015 01:11:20] [ADM] Victor: oshe
[04/12/2015 01:11:21] Lulu: rlx adm
[04/12/2015 01:11:25] Lulu: ta se revolando ai
[04/12/2015 01:11:30] Estudante Matematico: não falei nada so perguntei.
[04/12/2015 01:11:39] Lulu: ne
[04/12/2015 01:11:44] [ADM] Victor: kkk
[04/12/2015 01:11:44] Lulu: ta batendo tua nave?
[04/12/2015 01:11:45] Lulu: kk
[04/12/2015 01:12:11] Lulu: mds
[04/12/2015 01:12:12] Lulu: 50 hit
[04/12/2015 01:12:15] Lulu: 10 acerto
[04/12/2015 01:12:15] Estudante Matematico: ADM parabéns seu ot tem tudo pra ser um futuro grande baiak
[04/12/2015 01:12:24] Lulu: psé
[04/12/2015 01:12:28] Lulu: falta uns bagulho
[04/12/2015 01:12:31] Lulu: mas ele n termina
[04/12/2015 01:12:53] Estudante Matematico: Sim sempre falta alguma coisa.
[04/12/2015 01:13:37] Lulu: mas esse
[04/12/2015 01:13:40] Lulu: falta quests
[04/12/2015 01:13:43] Lulu: é o essencial.
[04/12/2015 01:13:43] Estudante Matematico: Precisa de Muitas Quests. 
[04/12/2015 01:13:48] Lulu: viu.
[04/12/2015 01:15:14] Estudante Matematico: mais n é quests normais que falo é editadas de itens melhores de attack , sets, Etc. E npcs.
[04/12/2015 01:15:31] Lulu: eu sei..
[04/12/2015 01:15:35] Lulu: ele deveria por um boss
[04/12/2015 01:15:36] Lulu: tlg
[04/12/2015 01:15:56] Lulu: é foda
[04/12/2015 01:15:58] Lulu: pq ele tem q divulga
[04/12/2015 01:16:02] Lulu: e edita
[04/12/2015 01:16:06] Estudante Matematico: n
[04/12/2015 01:16:10] Estudante Matematico: N funciona assim
[04/12/2015 01:16:11] Lulu: tirar duvidas..
[04/12/2015 01:16:24] Lulu: ele é só 1
[04/12/2015 01:16:29] Lulu: se ele n divulga...
[04/12/2015 01:16:31] Estudante Matematico: COmo ele falo a staff so tem ele n da pra administra um ot sozinho
[04/12/2015 01:16:46] Lulu: psé
[04/12/2015 01:17:15] Lulu: da sim pow
[04/12/2015 01:17:21] Estudante Matematico: Lulu - Xp deveria baixar um pouco mais n ?
[04/12/2015 01:17:24] Lulu: é só ele por algum tutor.
[04/12/2015 01:17:28] Lulu: nao
[04/12/2015 01:17:31] Lulu: assim ta legal
[04/12/2015 01:17:39] Lulu: so falta por coisas editeds
[04/12/2015 01:17:40] Estudante Matematico: Vc upo esse lvl em quanto tempo?
[04/12/2015 01:17:49] Lulu: 4-5hrs
[04/12/2015 01:17:56] Lulu: pq to conversando
[04/12/2015 01:18:03] Estudante Matematico: então teria que ajeita os stags
[04/12/2015 01:18:37] Lulu: ai ele vai ter
[04/12/2015 01:18:39] Lulu: q reseta
[04/12/2015 01:18:40] Lulu: -.-
[04/12/2015 01:18:58] Estudante Matematico: lvl 500 + 250x
[04/12/2015 01:19:17] [ADM] Victor: nem tem stages
[04/12/2015 01:19:34] Lulu: deixa assim msm
[04/12/2015 01:19:39] Lulu: so coloca os gold nuggets
[04/12/2015 01:20:09] Estudante Matematico: rapaz eu acho assim lvls 1k 1,500. 2k  n é bonito de se ver
[04/12/2015 01:20:25] Chatuba: slc deixa assim
[04/12/2015 01:20:30] Lulu: mds
[04/12/2015 01:20:31] Chatuba: hahahahahahahahaahhh
[04/12/2015 01:20:34] Lulu: Kkk
[04/12/2015 01:20:55] Lulu: vai dormi
[04/12/2015 01:20:55] Lulu: mano
[04/12/2015 01:21:02] Estudante Matematico: Quem ?
[04/12/2015 01:21:07] Chatuba: eu
[04/12/2015 01:21:07] Lulu: o chatuba
[04/12/2015 01:21:19] Estudante Matematico: oia ai o cara ja ta 900+
[04/12/2015 01:21:22] Chatuba: falei que ia dormi a umas duas hora hahaha
[04/12/2015 01:21:24] Estudante Matematico: Xp ta muito auta
[04/12/2015 01:21:25] Lulu: sim
[04/12/2015 01:21:37] Chatuba: so tu upa vei
[04/12/2015 01:21:57] Estudante Matematico: mais ta muito xp pow tem que baixar
[04/12/2015 01:22:06] Lulu: sim
[04/12/2015 01:22:08] Lulu: so um pouco
[04/12/2015 01:22:12] Lulu: pra chega no maximo...
[04/12/2015 01:22:16] Lulu: 1200
[04/12/2015 01:22:27] Chatuba: slc mais sem reseta slc to a tarde inteira upando hahahah
[04/12/2015 01:22:32] Lulu: tbm
[04/12/2015 01:22:54] Estudante Matematico: ta 800x bota 600x e 500+ 300x
[04/12/2015 01:23:14] Estudante Matematico: ai fica bem top 
[04/12/2015 01:23:19] Lulu: isso grt
[04/12/2015 01:23:43] Lulu: agr vai upa
[04/12/2015 01:23:46] Lulu: pra mim te mata vai.
[04/12/2015 01:23:48] Mc Pikachu: para de fica conversando se nao ja vo te passa
[04/12/2015 01:24:00] Lulu: i eu com isso
[04/12/2015 01:24:02] Lulu: kkk
[04/12/2015 01:24:08] Mc Pikachu: vo te kila quer um x1?
[04/12/2015 01:24:11] Lulu: so nao pego 1k pq n quero
[04/12/2015 01:24:17] Lulu: bora
[04/12/2015 01:24:23] Lulu: to com lag
[04/12/2015 01:24:24] Lulu: do cao
[04/12/2015 01:24:28] Lulu: mas bora
[04/12/2015 01:24:37] Lulu: Estudante
[04/12/2015 01:24:41] Lulu: oq acha de dodge e critical?
[04/12/2015 01:25:03] Estudante Matematico: Acho que estraga o Pvp do ot
[04/12/2015 01:25:06] Mc Pikachu: 2kde voce?
[04/12/2015 01:25:21] Lulu: pera ai
[04/12/2015 01:25:30] Mc Pikachu: ta dormindo tio
[04/12/2015 01:31:36] [ADM] Victor: desgraça essa porra
[04/12/2015 01:31:42] Lulu: pq?
[04/12/2015 01:32:08] Estudante Matematico: Qual problema vitor.
[04/12/2015 01:32:16] Mc Pikachu: é victor
[04/12/2015 01:33:43] Chatuba: cara e outra se for por estagios nao tem como fazer as quest
[04/12/2015 01:33:54] Lulu: tem sim
[04/12/2015 01:34:07] [ADM] Victor: vai ser bem mais foda
[04/12/2015 01:34:08] Chatuba: eu com lvl 800 e pouco nao guentava direito com o pally
[04/12/2015 01:34:29] [ADM] Victor: mas n to querendo colocar stages não
[04/12/2015 01:34:29] Chatuba: nem venha cara nois demo sorte de o infernatil fica trapado sozinho
[04/12/2015 01:34:37] Estudante Historico: Agora eu vo treina
[04/12/2015 01:34:46] Lulu: kkkkkkkkkk
[04/12/2015 01:35:03] [ADM] Victor: ja projetei a quest vip3 com essa xp 
[04/12/2015 01:35:11] Lulu: help
[04/12/2015 01:35:19] [ADM] Victor: se axaram ruim a quest vip vcs nem tão ligado na vip3
[04/12/2015 01:35:23] Lulu: eita
[04/12/2015 01:35:24] Lulu: pohh4
[04/12/2015 01:35:24] Chatuba: lulu amanha nois faz a da vip dois
[04/12/2015 01:35:28] Lulu: o boss bate 5k
[04/12/2015 01:35:29] Lulu: doido
[04/12/2015 01:35:38] Lulu: sim
[04/12/2015 01:35:56] Estudante Historico: Tem que ter ek pra blokar e os druid da sio simples brother
[04/12/2015 01:36:03] Estudante Historico: Victor manda pm quero fala com vc.
[04/12/2015 01:36:07] Chatuba: hahahahahah voce que pensa fiii
[04/12/2015 01:36:17] Lulu: kkk
[04/12/2015 01:36:20] Lulu: se liga
[04/12/2015 01:36:23] Lulu: Victor
[04/12/2015 01:36:26] Lulu: nao conseguiu
[04/12/2015 01:36:31] Lulu: os negocio da pepita
[04/12/2015 01:36:33] Lulu: ?
[04/12/2015 01:36:36] [ADM] Victor: Ainda não
[04/12/2015 01:36:39] Lulu: blz
[04/12/2015 01:36:48] [ADM] Victor: n manjo de script to tentando me virar
[04/12/2015 01:36:48] Chatuba: ate amanha
[04/12/2015 01:36:53] Lulu: ah
[04/12/2015 01:36:57] Lulu: vai chatuba
[04/12/2015 01:37:01] Lulu: vc ta falando a 3h
[04/12/2015 01:37:02] Lulu: kk
[04/12/2015 01:37:04] [ADM] Victor: até amanha
[04/12/2015 01:37:10] Chatuba: nao agr é serio mesmo
[04/12/2015 01:37:19] Chatuba: preciso dormi mais o ot me chama hahahaha
[04/12/2015 01:37:26] Lulu: kk
[04/12/2015 01:37:35] Estudante Historico: Se vc n feiz a quest onde arrumo a star Lulu?
[04/12/2015 01:37:46] Lulu: eu fiz sim
[04/12/2015 01:37:46] Chatuba: nois fez a primeira
[04/12/2015 01:37:49] Lulu: quem falo que nao
[04/12/2015 01:37:55] Chatuba: a quest que tem no templo
[04/12/2015 01:37:55] Estudante Historico: Ata ok
[04/12/2015 01:38:01] Lulu: eu solei
[04/12/2015 01:38:03] Lulu: infernalt
[04/12/2015 01:38:06] Lulu: sem bota
[04/12/2015 01:38:25] Chatuba: pq demo sorte ahahahahahahahahahahha
[04/12/2015 01:38:33] Chatuba: mais se guento uns pancadao
[04/12/2015 01:38:36] Lulu: mas
[04/12/2015 01:38:40] Lulu: vc n ia dormi
[04/12/2015 01:38:41] Lulu: kk
[04/12/2015 01:38:48] Chatuba: kkkk flw
[04/12/2015 01:38:56] Chatuba: espero ver voce amanha lulu
[04/12/2015 01:38:59] Chatuba: viado
[04/12/2015 01:39:01] Lulu: blz
[04/12/2015 01:39:03] Lulu: gay
[04/12/2015 01:39:06] Chatuba: nao se mude
[04/12/2015 01:39:17] Lulu: tenho q ver
[04/12/2015 01:39:18] Lulu: mano
[04/12/2015 01:39:31] Lulu: senao ja era
[04/12/2015 01:41:12] Estudante Historico: Lulu vai divuga e para de manha home.
[04/12/2015 01:41:26] Lulu: q?
[04/12/2015 01:41:26] Lulu: kk
[04/12/2015 01:41:50] Lulu: ta loco é
[04/12/2015 01:41:50] Lulu: adm
[04/12/2015 01:42:03] Lulu: kika o chatuba
[04/12/2015 01:42:04] Lulu: ai
[04/12/2015 01:42:33] Lulu: vou saindo aqui
[04/12/2015 01:42:37] Lulu: daqui a 10min
[04/12/2015 01:42:38] Lulu: volto
[04/12/2015 01:48:22] Lulu: ja foi?
[04/12/2015 01:50:32] [ADM] Victor: Sim
[04/12/2015 01:50:38] Lulu: conseguiu?
[04/12/2015 01:50:43] [ADM] Victor: Sim tenta ai
[04/12/2015 01:51:08] Lulu: boa
[04/12/2015 01:51:09] [ADM] Victor: tentei fazer sozinho nem deu
[04/12/2015 01:51:14] Lulu: kk
[04/12/2015 01:51:17] [ADM] Victor: achei num fórum gringo 
[04/12/2015 01:51:22] [ADM] Victor: kkk
[04/12/2015 01:51:27] Lulu: kk
[04/12/2015 01:51:31] Lulu: so n ta juntando
[04/12/2015 01:51:36] Lulu: mas ta bom
[04/12/2015 01:58:15] Lulu: adm
[04/12/2015 01:58:22] Lulu: da pra tu por autoloot nao?
[04/12/2015 02:01:39] [ADM] Victor: tu tem bot pow
[04/12/2015 02:01:47] Lulu: eu?
[04/12/2015 02:01:49] Lulu: kkkkkkk
[04/12/2015 02:01:57] [ADM] Victor: tem n? 
[04/12/2015 02:01:59] [ADM] Victor: wtf
[04/12/2015 02:02:10] Lulu: so heala
[04/12/2015 02:02:14] Lulu: é heala errado ainda
[04/12/2015 02:02:25] [ADM] Victor: o tp pras quest vai ser do lado do tp da inquisition
[04/12/2015 02:02:34] Lulu: ah sim
[04/12/2015 02:02:41] Lulu: ja fez alguma?
[04/12/2015 02:03:34] [ADM] Victor: não
[04/12/2015 02:03:59] [ADM] Victor: só coloquei no global events
[04/12/2015 02:04:05] [ADM] Victor: pra aparecer akele texto em cima
[04/12/2015 02:04:12] [ADM] Victor: do tp
[04/12/2015 02:04:32] Lulu: e a star vip
[04/12/2015 02:04:36] Lulu: ta errando legal ein
[04/12/2015 02:04:37] Lulu: kk
[04/12/2015 02:04:56] Lulu: vo compra uma mira
[04/12/2015 02:04:57] Lulu: pra ela
[04/12/2015 02:05:01] [ADM] Victor: arranja mais skill q n faz isso
[04/12/2015 02:05:03] [ADM] Victor: uhdasuhud
[04/12/2015 02:05:07] Lulu: 110?
[04/12/2015 02:05:09] Lulu: ta bom n
[04/12/2015 02:05:13] [ADM] Victor: n
[04/12/2015 02:05:25] Lulu: e ela
[04/12/2015 02:05:26] Lulu: é lenta
[04/12/2015 02:05:30] Lulu: assim msm?
[04/12/2015 02:05:35] [ADM] Victor: normal
[04/12/2015 02:05:41] [ADM] Victor: mas logo tu vai usa arco de novo
[04/12/2015 02:05:46] [ADM] Victor: vip3 é arco
[04/12/2015 02:05:59] Lulu: vou la
[04/12/2015 02:06:02] Lulu: faze a quest
[04/12/2015 02:06:02] Lulu: kk
[04/12/2015 02:06:08] [ADM] Victor: 02:05 You see a bow vip3 (Range:10, Atk +55, Hit% +40).
[04/12/2015 02:06:15] Lulu: oxi..
[04/12/2015 02:06:16] [ADM] Victor: nao erra 1 hit essa porra ae
[04/12/2015 02:06:39] [ADM] Victor: eu vo alterar os item vip3 
[04/12/2015 02:06:43] Lulu: tem q faze
[04/12/2015 02:06:43] [ADM] Victor: ta muito robado
[04/12/2015 02:06:45] Lulu: vip poi
[04/12/2015 02:06:49] Lulu: ah
[04/12/2015 02:06:53] Lulu: ?
[04/12/2015 02:07:04] [ADM] Victor: com set vip3 ngm morre mais
[04/12/2015 02:07:13] Lulu: morre sim
[04/12/2015 02:07:16] Lulu: heal é baixo
[04/12/2015 02:07:19] [ADM] Victor: não morre
[04/12/2015 02:07:25] [ADM] Victor: tem muita defesa
[04/12/2015 02:07:32] [ADM] Victor: e defesa mágica ainda
[04/12/2015 02:07:40] [ADM] Victor: mas eu vo arrumar
[04/12/2015 02:07:49] Lulu: tendeu
[04/12/2015 02:08:04] Lulu: para de ver porno ai
[04/12/2015 02:08:11] Lulu: que ta lag aqui em casa
[04/12/2015 02:11:55] [ADM] Victor: nem to
[04/12/2015 02:11:59] Lulu: kk
[04/12/2015 02:13:17] Lulu: eu dasho mt
[04/12/2015 02:13:18] Lulu: kk
[04/12/2015 02:13:23] Lulu: finalç
[04/12/2015 02:13:33] Lulu: eu corro?
[04/12/2015 02:14:22] Lulu: KKKKKKKKKk
[04/12/2015 02:14:23] Lulu: toma aee
[04/12/2015 02:14:27] Lulu: dash fulll
[04/12/2015 02:14:57] Lulu: carai
[04/12/2015 02:14:58] Lulu: god
[04/12/2015 02:15:02] Lulu: peguei a mrd da boots
[04/12/2015 02:15:47] Lulu: Adm
[04/12/2015 02:15:52] Lulu: essa boots nao ta funcionando
[04/12/2015 02:16:14] Lulu: ta bixada ela
[04/12/2015 02:18:39] [ADM] Victor: qual
[04/12/2015 02:18:47] Lulu: da vip
[04/12/2015 02:18:52] Lulu: poi
[04/12/2015 02:19:01] [ADM] Victor: manda look
[04/12/2015 02:19:07] Lulu: pera
[04/12/2015 02:19:26] Lulu: 02:19 You see Super Soft Boots that is brand-new. It weighs 8.00 oz.
[04/12/2015 02:19:34] Lulu: normal ta subindo 270
[04/12/2015 02:19:38] Lulu: com ela
[04/12/2015 02:19:39] Lulu: msm coisa
[04/12/2015 02:19:40] Lulu: kk
[04/12/2015 02:21:00] [ADM] Victor: nem mexi nessa bota
[04/12/2015 02:21:06] [ADM] Victor: tenho cupa nao ja era bugada kkk
[04/12/2015 02:21:15] Lulu: '-'
[04/12/2015 02:21:16] Lulu: e agr
[04/12/2015 02:21:20] Lulu: me da
[04/12/2015 02:21:21] Lulu: o helmet
[04/12/2015 02:21:24] Lulu: no lugar
[04/12/2015 02:21:24] Lulu: kk
[04/12/2015 02:21:40] [ADM] Victor: kkk
[04/12/2015 02:22:29] Lulu: bazir
[04/12/2015 02:22:30] Lulu: ?
[04/12/2015 02:22:48] Lulu: bazir nem com firewalker boots
[04/12/2015 02:22:49] Lulu: '--'
[04/12/2015 02:26:26] [ADM] Victor: sim
[04/12/2015 02:26:31] [ADM] Victor: bazir é osso
[04/12/2015 02:26:43] [ADM] Victor: vo dormi, 
[04/12/2015 02:26:46] Lulu: blz
[04/12/2015 02:26:49] [ADM] Victor: termino esses tp amanha
[04/12/2015 02:26:58] [ADM] Victor: boa noite
[04/12/2015 02:27:10] Lulu: eu jogo amanha '--'
[04/12/2015 02:27:16] Lulu: vai la
[04/12/2015 02:27:18] Lulu: boa noite
[04/12/2015 02:28:24] [ADM] Victor: vo fechar o ot nao
[04/12/2015 02:28:39] Lulu: kk
[04/12/2015 02:28:49] Lulu: tenho sono
[04/12/2015 02:28:50] Lulu: tbm
[04/12/2015 02:28:53] [ADM] Victor: só que de manha nao posso garantir que minha mae nao vai fechar atela do note ai o ot vai cair 
[04/12/2015 02:29:22] Lulu: ah
[04/12/2015 14:48:06] Chatuba: ai adm ta ai?
[04/12/2015 14:52:23] Mc Pikachu: adm ta ai?
[04/12/2015 14:53:46] [CM] Helper: oi
[04/12/2015 14:53:53] Mc Pikachu: voce é adm?
[04/12/2015 14:53:57] [CM] Helper: sim
[04/12/2015 14:54:04] Mc Pikachu: esse refina mento
[04/12/2015 14:54:05] [CM] Helper: esse char ta na mesma acc
[04/12/2015 14:54:08] Mc Pikachu: vai ate quanto?
[04/12/2015 14:54:16] [CM] Helper: 12 eu axo
[04/12/2015 14:54:21] Mc Pikachu: ele falha?
[04/12/2015 14:54:26] [CM] Helper: obvio
[04/12/2015 14:54:29] Mc Pikachu: hahahah
[04/12/2015 14:54:32] [CM] Helper: asuhdah
[04/12/2015 14:54:32] Mc Pikachu: certeza
[04/12/2015 14:54:34] Mc Pikachu: fico massa
[04/12/2015 14:54:42] Mc Pikachu: funciona na staff de mage?
[04/12/2015 14:54:47] [CM] Helper: to trabalhando num castle agr mesmo
[04/12/2015 14:54:53] [CM] Helper: acho que sim
[04/12/2015 14:55:17] Mc Pikachu: ta rolando vaga aqui?
[04/12/2015 14:57:02] [CM] Helper: depende
[04/12/2015 14:57:11] Mc Pikachu: depende do que?
[04/12/2015 14:57:45] Mc Pikachu: eu entro todo dia menos de manha
[04/12/2015 14:58:04] [CM] Helper: depende de como vai ser usado
[04/12/2015 14:59:12] Mc Pikachu: pra ajuda os player e te ajuda
[04/12/2015 14:59:21] Mc Pikachu: nao so desses de me beneficia
[04/12/2015 14:59:27] Mc Pikachu: gosto de joga na raça hahaha
[04/12/2015 15:00:23] [ADM] Victor: faz uma acc ai 
[04/12/2015 15:00:57] Mc Pikachu: beleza
[04/12/2015 15:02:25] Bilu: criei
[04/12/2015 15:02:32] [ADM] Victor: quer qual nome
[04/12/2015 15:02:55] Bilu: veja um ai
[04/12/2015 15:02:57] Bilu: qualquer um
[04/12/2015 15:03:13] Bilu: vo divulga o ot em outro servers pode ser?
[04/12/2015 15:03:25] Bilu: ajuda a vim mais gente
[04/12/2015 15:03:28] [ADM] Victor: pera ai
[04/12/2015 15:03:33] [ADM] Victor: posso escolher o nome ne blz
[04/12/2015 15:03:37] Bilu: sim
[04/12/2015 15:03:50] [ADM] Victor: reloga
[04/12/2015 16:13:37] Adrian: [Adm] Victor ??
[04/12/2015 16:15:24] Adrian: Addm ?
[04/12/2015 16:15:38] [CM] Bananinha: ele deve estar off no momento
[04/12/2015 16:15:53] [CM] Bananinha: mais nao temos vagas
[04/12/2015 16:17:01] Adrian: assim 
[04/12/2015 16:17:02] Adrian: pdcre
[04/12/2015 22:39:33] File De Abacate: estou preso
[04/12/2015 22:39:35] File De Abacate: socoro
[04/12/2015 22:39:39] [CM] Bananinha: calma
[04/12/2015 22:40:08] File De Abacate: vlw
[04/12/2015 22:40:19] File De Abacate: quest vip e foda em
[04/12/2015 22:40:25] File De Abacate: vem demon
[04/12/2015 22:40:34] File De Abacate: primeiro de cima
[04/12/2015 22:41:56] File De Abacate: ok
[04/12/2015 22:42:11] File De Abacate: qe lvl aguenta quest vip
[04/12/2015 22:42:19] File De Abacate: hi
[04/12/2015 22:42:45] [CM] Bananinha: entao ontem foi um pally e um sorc pally lvl 700 e pouco e sorc 800 e pouco
[04/12/2015 22:42:59] [CM] Bananinha: mais deram sorte de o infernatil fica trapado sozinho
[04/12/2015 22:43:17] [CM] Bananinha: entao aconcelho irem em um lvl 1000 com kina junto
[04/12/2015 22:43:27] [CM] Bananinha: ou antes se quiser tentar
[04/12/2015 22:43:56] Chatuba: aew galera ^^
[04/12/2015 22:46:18] File De Abacate: foda
[04/12/2015 22:46:19] File De Abacate: de upar
[04/12/2015 22:46:29] [CM] Bananinha: é assim mesmo
[04/12/2015 22:46:39] [CM] Bananinha: quer upa rapido vai demon
[04/12/2015 22:46:56] File De Abacate: a nem demon
[04/12/2015 22:47:15] [CM] Bananinha: / goto File De Abacate
[04/12/2015 22:47:35] File De Abacate: ta aqui
[04/12/2015 22:47:48] File De Abacate: sd
[04/12/2015 22:47:49] File De Abacate: bug
[04/12/2015 22:48:01] File De Abacate: para de realar
[04/12/2015 22:48:16] [CM] Bananinha: hmm
[05/12/2015 15:42:20] Sityes: !info
[05/12/2015 20:10:34] Lulu: Cade o pessoal adm?
[05/12/2015 20:11:11] Lulu: Lvl 5k wft?
[05/12/2015 21:18:27] Lulu: Eai adm
[05/12/2015 21:18:27] Lulu: po
