[19/06/2015 12:34:06] /up
[19/06/2015 12:34:13] /t
[19/06/2015 12:34:47] /a
[19/06/2015 12:35:28] /a
[19/06/2015 12:35:40] /a
[19/06/2015 12:38:35] /t
[19/06/2015 12:38:52] /a
[19/06/2015 12:38:53] /a
[19/06/2015 12:39:37] /a
[19/06/2015 12:39:38] /a
[19/06/2015 12:39:43] /a
[19/06/2015 12:39:57] /a
[19/06/2015 12:39:58] /a
[19/06/2015 12:39:59] /a
[19/06/2015 12:40:06] /a
[19/06/2015 12:40:06] /a
[19/06/2015 12:40:23] /a
[19/06/2015 12:41:57] /t
[19/06/2015 12:42:54] /a
[19/06/2015 12:45:20] /t
[19/06/2015 12:47:29] /a 2
[19/06/2015 13:03:46] /t
[19/06/2015 13:04:18] /a
[19/06/2015 13:04:19] /a
[19/06/2015 13:04:43] /i 8855
[19/06/2015 13:05:19] /i 2343
[19/06/2015 13:06:09] /i 7838
[19/06/2015 13:06:25] /r
[19/06/2015 13:07:07] /attr set attack 99999
[19/06/2015 13:23:51] /reload
[19/06/2015 13:23:55] /reload config
[19/06/2015 13:24:34] /clean
[19/06/2015 13:25:42] /a
[19/06/2015 13:56:28] /goto 310, 181, 7
[19/06/2015 13:56:35] /t
[19/06/2015 13:57:50] /goto 157, 52, 7
[19/06/2015 13:57:50] /goto 163, 52, 7
[19/06/2015 13:57:50] /goto 160, 54, 7
[19/06/2015 13:57:51] /goto 160, 54, 7
[19/06/2015 13:57:51] /goto 157, 52, 7
[19/06/2015 13:57:51] /goto 163, 52, 7
[19/06/2015 13:57:51] /goto 160, 54, 7
[19/06/2015 13:57:52] /goto 157, 52, 7
[19/06/2015 13:57:52] /goto 163, 52, 7
[19/06/2015 13:57:52] /goto 160, 54, 7
[19/06/2015 13:57:52] /goto 160, 54, 7
[19/06/2015 13:57:52] /goto 157, 52, 7
[19/06/2015 13:57:52] /goto 163, 52, 7
[19/06/2015 13:57:52] /goto 160, 54, 7
[19/06/2015 13:57:52] /goto 157, 52, 7
[19/06/2015 13:57:53] /goto 163, 52, 7
[19/06/2015 13:57:53] /goto 160, 54, 7
[19/06/2015 13:57:53] /goto 157, 52, 7
[19/06/2015 13:57:54] /goto 163, 52, 7
[19/06/2015 13:57:54] /goto 157, 52, 7
[19/06/2015 13:57:54] /goto 163, 52, 7
[19/06/2015 13:57:54] /goto 160, 54, 7
[19/06/2015 13:57:54] /goto 157, 52, 7
[19/06/2015 13:57:55] /goto 163, 52, 7
[19/06/2015 13:57:55] /goto 160, 54, 7
[19/06/2015 13:57:55] /goto 157, 52, 7
[19/06/2015 13:57:55] /goto 163, 52, 7
[19/06/2015 13:57:55] /goto 160, 54, 7
[19/06/2015 13:57:56] /goto 157, 52, 7
[19/06/2015 13:57:56] /goto 163, 52, 7
[19/06/2015 13:57:56] /goto 160, 54, 7
[19/06/2015 13:57:56] /goto 157, 52, 7
[19/06/2015 13:57:56] /goto 163, 52, 7
[19/06/2015 13:57:56] /goto 160, 54, 7
[19/06/2015 13:57:56] /goto 157, 52, 7
[19/06/2015 13:57:56] /goto 163, 52, 7
[19/06/2015 13:57:57] /goto 163, 52, 7
[19/06/2015 13:57:57] /goto 160, 54, 7
[19/06/2015 13:57:57] /goto 157, 52, 7
[19/06/2015 13:57:57] /goto 163, 52, 7
[19/06/2015 13:57:57] /goto 157, 52, 7
[19/06/2015 13:57:57] /goto 163, 52, 7
[19/06/2015 13:57:58] /goto 160, 54, 7
[19/06/2015 13:57:58] /goto 157, 52, 7
[19/06/2015 13:57:58] /goto 163, 52, 7
[19/06/2015 13:57:58] /goto 160, 54, 7
[19/06/2015 13:57:58] /goto 157, 52, 7
[19/06/2015 13:57:58] /goto 157, 52, 7
[19/06/2015 13:57:58] /goto 163, 52, 7
[19/06/2015 13:57:59] /goto 160, 54, 7
[19/06/2015 13:57:59] /goto 157, 52, 7
[19/06/2015 13:57:59] /goto 163, 52, 7
[19/06/2015 13:57:59] /goto 160, 54, 7
[19/06/2015 13:57:59] /goto 157, 52, 7
[19/06/2015 13:57:59] /goto 163, 52, 7
[19/06/2015 13:57:59] /goto 160, 54, 7
[19/06/2015 13:57:59] /goto 157, 52, 7
[19/06/2015 13:58:00] /goto 163, 52, 7
[19/06/2015 13:58:00] /goto 160, 54, 7
[19/06/2015 13:58:00] /goto 157, 52, 7
[19/06/2015 13:58:00] /goto 163, 52, 7
[19/06/2015 13:58:00] /goto 160, 54, 7
[19/06/2015 13:58:00] /goto 157, 52, 7
[19/06/2015 13:58:00] /goto 160, 54, 7
[19/06/2015 13:58:01] /goto 157, 52, 7
[19/06/2015 13:58:01] /goto 163, 52, 7
[19/06/2015 13:58:01] /goto 160, 54, 7
[19/06/2015 13:58:01] /goto 157, 52, 7
[19/06/2015 13:58:01] /goto 163, 52, 7
[19/06/2015 13:58:01] /goto 160, 54, 7
[19/06/2015 13:58:01] /goto 157, 52, 7
[19/06/2015 13:58:01] /goto 163, 52, 7
[19/06/2015 13:58:01] /goto 160, 54, 7
[19/06/2015 13:58:02] /goto 157, 52, 7
[19/06/2015 13:58:02] /goto 163, 52, 7
[19/06/2015 13:58:03] /goto 160, 54, 7
[19/06/2015 13:58:03] /goto 163, 52, 7
[19/06/2015 13:58:03] /goto 157, 52, 7
[19/06/2015 13:58:04] /goto 163, 52, 7
[19/06/2015 13:58:04] /goto 160, 54, 7
[19/06/2015 13:58:04] /goto 157, 52, 7
[19/06/2015 13:58:04] /goto 163, 52, 7
[19/06/2015 13:58:04] /goto 160, 54, 7
[19/06/2015 13:58:05] /goto 157, 52, 7
[19/06/2015 13:58:05] /goto 163, 52, 7
[19/06/2015 13:58:05] /goto 160, 54, 7
[19/06/2015 13:58:06] /goto 157, 52, 7
[19/06/2015 13:58:06] /goto 163, 52, 7
[19/06/2015 13:58:06] /goto 160, 54, 7
[19/06/2015 13:58:06] /goto 157, 52, 7
[19/06/2015 13:58:06] /goto 163, 52, 7
[19/06/2015 13:58:06] /goto 160, 54, 7
[19/06/2015 13:58:06] /goto 157, 52, 7
[19/06/2015 13:58:06] /goto 163, 52, 7
[19/06/2015 13:58:06] /goto 160, 54, 7
[19/06/2015 13:58:07] /goto 157, 52, 7
[19/06/2015 13:58:07] /goto 163, 52, 7
[19/06/2015 13:58:07] /goto 160, 54, 7
[19/06/2015 13:58:07] /goto 163, 52, 7
[19/06/2015 13:58:07] /goto 163, 52, 7
[19/06/2015 13:58:08] /goto 163, 52, 7
[19/06/2015 13:58:08] /goto 163, 52, 7
[19/06/2015 13:58:08] /goto 163, 52, 7
[19/06/2015 13:58:08] /goto 163, 52, 7
[19/06/2015 13:58:08] /goto 163, 52, 7
[19/06/2015 13:58:08] /goto 163, 52, 7
[19/06/2015 13:58:09] /goto 163, 52, 7
[19/06/2015 13:58:09] /goto 163, 52, 7
[19/06/2015 13:58:09] /goto 160, 54, 7
[19/06/2015 13:58:09] /goto 157, 52, 7
[19/06/2015 13:58:09] /goto 163, 52, 7
[19/06/2015 13:58:10] /goto 160, 54, 7
[19/06/2015 13:58:10] /goto 157, 52, 7
[19/06/2015 13:58:10] /goto 163, 52, 7
[19/06/2015 13:58:10] /goto 160, 54, 7
[19/06/2015 13:58:11] /goto 160, 54, 7
[19/06/2015 13:58:11] /goto 160, 54, 7
[19/06/2015 13:58:11] /goto 160, 54, 7
[19/06/2015 13:58:11] /goto 160, 54, 7
[19/06/2015 13:58:12] /goto 160, 54, 7
[19/06/2015 13:58:12] /goto 160, 54, 7
[19/06/2015 13:58:12] /goto 160, 54, 7
[19/06/2015 13:58:12] /goto 160, 54, 7
[19/06/2015 13:58:12] /goto 160, 54, 7
[19/06/2015 13:58:12] /goto 160, 54, 7
[19/06/2015 13:58:12] /goto 160, 54, 7
[19/06/2015 13:58:12] /goto 160, 54, 7
[19/06/2015 13:58:12] /goto 160, 54, 7
[19/06/2015 13:58:12] /goto 160, 54, 7
[19/06/2015 13:58:12] /goto 160, 54, 7
[19/06/2015 13:58:13] /goto 160, 54, 7
[19/06/2015 13:58:13] /goto 160, 54, 7
[19/06/2015 13:58:13] /goto 160, 54, 7
[19/06/2015 13:58:13] /goto 160, 54, 7
[19/06/2015 13:58:13] /goto 160, 54, 7
[19/06/2015 13:58:13] /goto 160, 54, 7
[19/06/2015 13:58:13] /goto 160, 54, 7
[19/06/2015 13:58:13] /goto 160, 54, 7
[19/06/2015 13:58:13] /goto 160, 54, 7
[19/06/2015 13:58:13] /goto 160, 54, 7
[19/06/2015 13:58:13] /goto 160, 54, 7
[19/06/2015 13:58:13] /goto 160, 54, 7
[19/06/2015 13:58:13] /goto 160, 54, 7
[19/06/2015 13:58:13] /goto 160, 54, 7
[19/06/2015 13:58:13] /goto 160, 54, 7
[19/06/2015 13:58:13] /goto 160, 54, 7
[19/06/2015 13:58:13] /goto 160, 54, 7
[19/06/2015 13:58:13] /goto 160, 54, 7
[19/06/2015 13:58:13] /goto 160, 54, 7
[19/06/2015 13:58:13] /goto 160, 54, 7
[19/06/2015 13:58:13] /goto 160, 54, 7
[19/06/2015 13:58:13] /goto 160, 54, 7
[19/06/2015 13:58:13] /goto 160, 54, 7
[19/06/2015 13:58:13] /goto 160, 54, 7
[19/06/2015 13:58:13] /goto 160, 54, 7
[19/06/2015 13:58:13] /goto 160, 54, 7
[19/06/2015 13:58:13] /goto 160, 54, 7
[19/06/2015 13:58:13] /goto 160, 54, 7
[19/06/2015 13:58:13] /goto 160, 54, 7
[19/06/2015 13:58:13] /goto 160, 54, 7
[19/06/2015 13:58:13] /goto 160, 54, 7
[19/06/2015 13:58:13] /goto 160, 54, 7
[19/06/2015 13:58:13] /goto 160, 54, 7
[19/06/2015 13:58:14] /goto 160, 54, 7
[19/06/2015 13:58:14] /goto 160, 54, 7
[19/06/2015 13:58:14] /goto 160, 54, 7
[19/06/2015 13:58:14] /goto 160, 54, 7
[19/06/2015 13:58:14] /goto 160, 54, 7
[19/06/2015 13:58:14] /goto 160, 54, 7
[19/06/2015 13:58:14] /goto 160, 54, 7
[19/06/2015 13:58:14] /goto 160, 54, 7
[19/06/2015 13:58:14] /goto 160, 54, 7
[19/06/2015 13:58:14] /goto 163, 52, 7
[19/06/2015 13:58:14] /goto 157, 52, 7
[19/06/2015 13:58:14] /goto 163, 52, 7
[19/06/2015 13:58:14] /goto 160, 54, 7
[19/06/2015 13:58:14] /goto 157, 52, 7
[19/06/2015 13:58:14] /goto 163, 52, 7
[19/06/2015 13:58:14] /goto 160, 54, 7
[19/06/2015 13:58:15] /goto 157, 52, 7
[19/06/2015 13:58:15] /goto 163, 52, 7
[19/06/2015 13:58:15] /goto 160, 54, 7
[19/06/2015 13:58:15] /goto 163, 52, 7
[19/06/2015 13:58:15] /goto 157, 52, 7
[19/06/2015 13:58:15] /goto 160, 54, 7
[19/06/2015 13:58:15] /goto 163, 52, 7
[19/06/2015 13:58:15] /goto 157, 52, 7
[19/06/2015 13:58:15] /goto 160, 54, 7
[19/06/2015 13:58:15] /goto 163, 52, 7
[19/06/2015 13:58:15] /goto 157, 52, 7
[19/06/2015 14:02:48] /i addon doll
[19/06/2015 14:03:08] /t
[23/06/2015 22:42:10] /a
[23/06/2015 22:42:16] /a 2
[23/06/2015 22:44:50] /a 2
[23/06/2015 22:44:56] /a 2
[23/06/2015 22:45:01] /a 2
[23/06/2015 22:52:41] /reload items
[23/06/2015 22:52:59] /reload config
[23/06/2015 23:01:34] /a
[23/06/2015 23:01:58] /a
[23/06/2015 23:02:01] /a
[23/06/2015 23:32:35] /a
[23/06/2015 23:32:38] /a
[23/06/2015 23:32:48] /t
[23/06/2015 23:32:55] /r
[23/06/2015 23:34:14] /i 1387
[23/06/2015 23:34:36] /attr set destination 248, 357, 7
[23/06/2015 23:34:43] /attr set destination 248, 357, 7
[23/06/2015 23:34:53] /attr destination 248, 357, 7
[23/06/2015 23:34:58] /a
[23/06/2015 23:35:04] /i 1387
[23/06/2015 23:35:06] /i 1387
[23/06/2015 23:35:24] /attr destination 250, 357, 7
[23/06/2015 23:35:35] /attr set destination 250, 357, 7
[23/06/2015 23:35:49] /attr set destination 252, 357, 7
[23/06/2015 23:35:53] /attr destination 252, 357, 7
[23/06/2015 23:35:57] /a 3
[23/06/2015 23:35:59] /a 5
[23/06/2015 23:36:34] /a
[23/06/2015 23:36:35] /a
[23/06/2015 23:36:37] /a
[23/06/2015 23:36:48] /i 1387
[23/06/2015 23:37:04] /attr destination 250, 357, 7
[24/06/2015 00:18:20] /a 2
[24/06/2015 00:18:25] /a
[24/06/2015 00:18:30] /a
[24/06/2015 00:18:32] /a
[24/06/2015 00:18:34] /a
[24/06/2015 00:42:43] /a 2
[24/06/2015 00:42:47] /a
[24/06/2015 00:43:00] /a
[24/06/2015 00:43:08] /a
[24/06/2015 00:43:11] /a
[24/06/2015 00:43:12] /a
[24/06/2015 00:43:17] /r
[24/06/2015 00:43:21] /r
[24/06/2015 00:43:25] /r
[24/06/2015 00:43:25] /r
[24/06/2015 00:43:26] /r
[24/06/2015 00:43:29] /r
[24/06/2015 00:43:30] /r
[24/06/2015 00:43:30] /r
[24/06/2015 00:43:33] /t
[24/06/2015 00:43:58] /r
[24/06/2015 00:44:04] /r
[24/06/2015 00:48:00] /reload
[24/06/2015 00:48:02] /reload config
[24/06/2015 00:48:14] /reload movements
[24/06/2015 00:53:11] /a
[24/06/2015 00:53:13] /a
[24/06/2015 00:53:15] /a
[24/06/2015 00:53:19] /a
[24/06/2015 00:53:20] /a
[24/06/2015 00:53:21] /a
[24/06/2015 00:53:21] /a
[24/06/2015 00:53:23] /a
[24/06/2015 00:53:23] /a
[26/06/2015 00:03:41] /a
[26/06/2015 00:03:54] /a
[26/06/2015 00:03:56] /a
[26/06/2015 00:03:58] /a
[26/06/2015 00:03:58] /a
[26/06/2015 00:03:59] /a
[26/06/2015 00:06:46] /a
[26/06/2015 00:09:15] /a
[26/06/2015 00:09:20] /a
[26/06/2015 00:12:31] /a
[26/06/2015 00:12:34] /a
[26/06/2015 00:12:39] /r
[26/06/2015 00:12:40] /r
[26/06/2015 00:12:41] /r
[26/06/2015 00:12:43] /a
[26/06/2015 00:12:44] /a
[26/06/2015 00:12:44] /a
[26/06/2015 00:12:45] /a
[26/06/2015 00:12:46] /a
[26/06/2015 00:12:46] /a
[26/06/2015 00:13:20] /t
[26/06/2015 00:14:10] /a
[26/06/2015 00:14:13] /a
[26/06/2015 00:15:37] /a 2
[26/06/2015 00:41:35] /a
[26/06/2015 00:41:47] /a
[26/06/2015 00:41:48] /a
[26/06/2015 00:41:49] /a
[26/06/2015 00:41:50] /a
[26/06/2015 00:57:12] /m mister ever
[26/06/2015 00:57:28] /m mr.ever
[26/06/2015 23:26:34] /a
[26/06/2015 23:26:45] /t
[26/06/2015 23:27:01] /n padre
[26/06/2015 23:27:28] /s padre
[26/06/2015 23:27:32] /s padre marcelo
[26/06/2015 23:27:37] /s dufi
[26/06/2015 23:31:30] /t
[26/06/2015 23:33:10] /ghost
[26/06/2015 23:33:15] /ghost
[26/06/2015 23:33:41] /r
[26/06/2015 23:33:42] /r
[26/06/2015 23:33:48] /r
[26/06/2015 23:34:07] /kick jesus
[26/06/2015 23:35:44] /t
[26/06/2015 23:39:52] /t
[26/06/2015 23:40:00] /a 3
[26/06/2015 23:40:22] /i 2160
[26/06/2015 23:40:25] /i backpack
[26/06/2015 23:40:27] /i 2160
[26/06/2015 23:40:27] /i 2160
[26/06/2015 23:40:28] /i 2160
[26/06/2015 23:40:28] /i 2160
[26/06/2015 23:40:29] /i 2160
[26/06/2015 23:40:29] /i 2160
[26/06/2015 23:40:30] /i 2160
[26/06/2015 23:40:30] /i 2160
[26/06/2015 23:40:42] /i 2160
[26/06/2015 23:40:42] /i 2160
[26/06/2015 23:40:43] /i 2160
[26/06/2015 23:40:43] /i 2160
[26/06/2015 23:40:44] /i 2160
[26/06/2015 23:40:47] /i 2160
[26/06/2015 23:40:48] /i 2160
[26/06/2015 23:40:48] /i 2160
[26/06/2015 23:40:48] /i 2160
[26/06/2015 23:40:49] /i 2160
[26/06/2015 23:40:49] /i 2160
[26/06/2015 23:40:50] /i 2160
[26/06/2015 23:40:50] /i 2160
[26/06/2015 23:40:51] /i 2160
[26/06/2015 23:40:51] /i 2160
[26/06/2015 23:40:58] /i 2160
[26/06/2015 23:40:59] /i 2160
[26/06/2015 23:40:59] /i 2160
[26/06/2015 23:40:59] /i 2160
[26/06/2015 23:41:00] /i 2160
[26/06/2015 23:42:29] /a
[26/06/2015 23:42:46] /a
[26/06/2015 23:42:54] /a
[26/06/2015 23:43:11] /up
[26/06/2015 23:43:17] /a 3
[26/06/2015 23:43:38] /a
[26/06/2015 23:43:40] /a 5
[26/06/2015 23:43:42] /a 3
[26/06/2015 23:43:44] /a 3
[26/06/2015 23:43:46] /a
[27/06/2015 00:09:34] /clean
[27/06/2015 00:09:41] /a 2
[27/06/2015 23:51:13] /t
[27/06/2015 23:53:59] /a 2
[28/06/2015 00:14:31] /t
[28/06/2015 16:56:40] /n celest
[28/06/2015 16:56:43] /s celenst
[28/06/2015 16:56:47] /s celest
[28/06/2015 16:57:17] /a
[28/06/2015 16:58:04] /a 2
[28/06/2015 16:58:14] /a
[28/06/2015 16:58:22] /t
[29/06/2015 16:18:31] /addskill level, jesus, 50
[29/06/2015 16:19:12] /addskill jesus, level, 50
[29/06/2015 16:19:43] /addskill [adm], level, 50
[29/06/2015 16:19:59] /i 2160
[29/06/2015 16:20:00] /i 2160
[29/06/2015 16:20:02] /i 2160
[29/06/2015 16:20:02] /i 2160
[29/06/2015 16:20:03] /i 2160
[29/06/2015 16:20:03] /i 2160
[29/06/2015 16:20:04] /i 2160
[29/06/2015 16:20:04] /i 2160
[29/06/2015 16:20:04] /i 2160
[29/06/2015 16:20:05] /i 2160
[29/06/2015 16:20:05] /i 2160
[29/06/2015 16:20:06] /i 2160
[29/06/2015 16:20:07] /i 2160
[29/06/2015 16:20:08] /i 2160
[29/06/2015 16:20:09] /i 2160
[29/06/2015 16:20:09] /i 2160
[29/06/2015 16:20:10] /i 2160
[29/06/2015 16:20:10] /i 2160
[29/06/2015 16:20:11] /i 2160
[29/06/2015 16:20:11] /i 2160
[29/06/2015 16:20:12] /i 2160
[29/06/2015 16:20:13] /i 2160
[29/06/2015 16:20:13] /i 2160
[29/06/2015 16:20:14] /i 2160
[29/06/2015 16:20:15] /i 2160
[29/06/2015 16:20:16] /i 2160
[29/06/2015 16:20:17] /i 2160
[29/06/2015 16:20:17] /i 2160
[29/06/2015 16:20:18] /i 2160
[29/06/2015 16:20:19] /i 2160
[29/06/2015 16:26:11] /addskill [adm], level, 50
[29/06/2015 16:26:17] /addskill jesus, level, 50
[29/06/2015 16:26:39] /i 2160
[29/06/2015 16:26:39] /i 2160
[29/06/2015 16:26:40] /i 2160
[29/06/2015 16:26:43] /i 2160
[29/06/2015 16:26:43] /i 2160
[29/06/2015 16:26:43] /i 2160
[29/06/2015 16:26:43] /i 2160
[29/06/2015 16:26:43] /i 2160
[29/06/2015 16:26:44] /i 2160
[29/06/2015 16:26:45] /i 2160
[29/06/2015 16:26:45] /i 2160
[29/06/2015 16:26:46] /i 2160
[29/06/2015 16:26:47] /i 2160
[29/06/2015 16:26:47] /i 2160
[29/06/2015 16:26:48] /i 2160
[29/06/2015 16:26:48] /i 2160
[29/06/2015 16:26:48] /i 2160
[29/06/2015 16:26:52] /i 2160
[29/06/2015 16:26:53] /i 2160
[29/06/2015 16:26:53] /i 2160
[29/06/2015 16:26:53] /i 2160
[29/06/2015 16:26:54] /i 2160
[29/06/2015 16:26:54] /i 2160
[29/06/2015 16:26:55] /i 2160
[29/06/2015 16:26:55] /i 2160
[29/06/2015 16:26:58] /i 2160
[29/06/2015 16:28:18] /addskill Test, level, 50
[29/06/2015 16:28:29] /attr 6
[29/06/2015 16:30:58] /attr basespeed 9000000
[29/06/2015 16:31:08] /info jesus
[29/06/2015 16:37:59] /reload database
[29/06/2015 16:38:43] /reload npcs
[29/06/2015 16:38:54] /reload celest
[29/06/2015 16:39:00] /reload npc celest
[29/06/2015 16:39:08] /n priest
[29/06/2015 16:39:20] /r
[30/06/2015 23:57:53] /i 1221
[30/06/2015 23:57:59] /r
[30/06/2015 23:58:01] /i 1213
[30/06/2015 23:58:04] /r
[01/07/2015 00:28:21] /goto 160, 54, 7
[01/07/2015 00:39:47] /t
[01/07/2015 00:39:53] /town vip
[01/07/2015 00:52:53] /a 2
[01/07/2015 00:54:11] /reload npcs
[01/07/2015 00:54:33] /a 2
[01/07/2015 00:56:10] /attr maxhealth 99999999999999999999
[01/07/2015 00:56:15] /attr health 99999999999999999999
[01/07/2015 01:08:58] /goto 1247, 504, 7
[01/07/2015 01:09:23] /a 5
[01/07/2015 01:09:24] /a 5
[01/07/2015 01:09:25] /a 5
[01/07/2015 01:09:29] /a 5
[01/07/2015 01:09:29] /a 5
[01/07/2015 01:09:30] /a 5
[01/07/2015 01:09:31] /a 5
[01/07/2015 01:09:31] /a 5
[01/07/2015 01:09:32] /a 5
[01/07/2015 01:09:32] /a 5
[01/07/2015 01:09:33] /a 5
[01/07/2015 01:09:34] /a 5
[01/07/2015 01:09:35] /a 5
[01/07/2015 01:09:36] /a 5
[01/07/2015 01:10:13] /a 2
[01/07/2015 01:10:14] /a 2
[01/07/2015 01:10:16] /a 2
[01/07/2015 01:10:19] /a 2
[01/07/2015 01:10:23] /a 2
[01/07/2015 01:10:27] /a 2
[01/07/2015 01:10:49] /i machete
[01/07/2015 01:11:00] /a
[01/07/2015 01:18:08] /goto 1247, 504, 7
[01/07/2015 01:18:11] /a 2
[01/07/2015 01:18:18] /a 10
[01/07/2015 01:18:20] /a 10
[01/07/2015 01:18:21] /a 10
[01/07/2015 01:18:21] /a 10
[01/07/2015 01:18:22] /a 10
[01/07/2015 01:18:23] /a 10
[01/07/2015 01:18:24] /a 10
[01/07/2015 01:18:27] /a 2
[01/07/2015 01:19:00] /save
[01/07/2015 01:20:17] /a 10
[01/07/2015 01:20:51] /up
[01/07/2015 01:20:58] /a 5
[01/07/2015 01:21:01] /a 2
[01/07/2015 01:21:11] /a 2
[01/07/2015 01:21:13] /a 2
[01/07/2015 01:21:20] /a 3
[01/07/2015 01:21:21] /a 3
[01/07/2015 01:21:24] /a 3
[01/07/2015 01:35:51] /a 2
[01/07/2015 01:36:09] /a 2
[01/07/2015 01:36:10] /a 2
[01/07/2015 01:36:16] /a 3
[01/07/2015 01:36:17] /a 3
[01/07/2015 01:36:25] /i 2089
[01/07/2015 01:40:13] /reload actions
[01/07/2015 01:46:57] /reload actions
[01/07/2015 01:49:05] /reload actions
[01/07/2015 01:52:01] /reload actions
[01/07/2015 01:53:39] /a 2
[01/07/2015 01:53:43] /a 2
[01/07/2015 01:53:44] /a 2
[01/07/2015 01:53:44] /a 2
[01/07/2015 01:53:45] /a 2
[01/07/2015 01:53:51] /a 2
[01/07/2015 01:53:51] /a 2
[01/07/2015 01:53:52] /a 2
[01/07/2015 01:53:52] /a 2
[01/07/2015 01:53:53] /a 2
[01/07/2015 01:53:54] /a 2
[01/07/2015 01:53:58] /a 2
[01/07/2015 01:53:58] /a 2
[01/07/2015 01:53:59] /a 2
[01/07/2015 01:54:00] /a 2
[01/07/2015 01:54:01] /a 2
[01/07/2015 01:54:04] /a 2
[01/07/2015 01:54:10] /i 2089
[01/07/2015 01:54:39] /reload actions
[01/07/2015 01:55:22] /attr action 1222
[01/07/2015 01:55:44] /attr uniqueid 2089
[01/07/2015 01:55:53] /attr uid 2089
[01/07/2015 02:15:36] /a 2
[01/07/2015 02:15:50] /a 5
[01/07/2015 02:15:53] /a 5
[01/07/2015 02:15:54] /a 5
[01/07/2015 02:15:56] /a
[01/07/2015 02:15:59] /a
[01/07/2015 02:16:11] /i 2089
[01/07/2015 02:18:21] /attr actionid 0
[01/07/2015 02:18:38] /attr actionid 2000
[01/07/2015 02:20:05] /r
[01/07/2015 02:20:10] /i 2105
[01/07/2015 02:20:24] /r
[01/07/2015 02:20:27] /i 5106
[01/07/2015 02:20:42] /r
[01/07/2015 02:20:47] /i 5105
[01/07/2015 21:37:07] /a
[01/07/2015 21:37:22] /up
[01/07/2015 21:37:38] /a 4
[01/07/2015 21:37:41] /a 4
[01/07/2015 21:37:42] /a 4
[01/07/2015 21:37:43] /a 4
[01/07/2015 21:37:51] /a
[01/07/2015 21:38:31] /attr set attribute 1221
[01/07/2015 21:38:42] /attr attribute 1221
[01/07/2015 21:38:54] /r
[01/07/2015 21:55:46] /t
[01/07/2015 21:57:28] /t
[01/07/2015 21:58:11] /reload movements
[01/07/2015 21:59:25] /reload movements
[01/07/2015 21:59:58] /reload movements
[01/07/2015 22:00:21] /reload movements
[01/07/2015 22:00:35] /r
[01/07/2015 22:00:36] /r
[01/07/2015 22:04:12] /t
[01/07/2015 22:04:59] /reload movements
[01/07/2015 22:05:07] /r
[01/07/2015 22:05:09] /r
[01/07/2015 22:05:12] /t
[01/07/2015 22:17:32] /t
[01/07/2015 22:19:13] /a
[01/07/2015 22:19:17] /a
[01/07/2015 22:19:19] /a
[01/07/2015 22:20:45] /a
[01/07/2015 22:20:46] /a
[01/07/2015 22:21:10] /t
[01/07/2015 22:29:29] /t
[01/07/2015 22:29:50] /r
[01/07/2015 23:44:17] /a
[01/07/2015 23:44:18] /a
[02/07/2015 00:07:45] /a
[02/07/2015 00:07:55] /r
[02/07/2015 00:08:06] /up
[02/07/2015 00:08:20] /a 4
[02/07/2015 00:08:23] /a 4
[02/07/2015 00:08:23] /a 4
[02/07/2015 00:08:25] /a 4
[02/07/2015 00:09:32] /a 2
[02/07/2015 00:22:33] /t
[02/07/2015 00:22:47] /r
[02/07/2015 12:14:52] /t
[02/07/2015 12:16:13] /t
[02/07/2015 12:16:46] /reload movements
[02/07/2015 12:17:15] /t
[02/07/2015 18:58:13] /a
[02/07/2015 18:58:19] /a
[02/07/2015 18:58:22] /a
[02/07/2015 18:59:07] /t
[02/07/2015 19:02:33] /a
[02/07/2015 19:02:38] /a
[02/07/2015 19:02:39] /a
[02/07/2015 19:03:20] /a
[02/07/2015 19:03:25] /a
[02/07/2015 19:03:26] /a
[02/07/2015 19:06:50] /a 2
[02/07/2015 22:16:26] /reload npcs
[02/07/2015 22:16:31] /n varkhal
[02/07/2015 22:16:36] /n dove
[02/07/2015 22:16:43] /r
[02/07/2015 22:23:11] /i minotaur leather
[02/07/2015 22:24:42] /a
[02/07/2015 22:24:43] /a
[02/07/2015 22:24:44] /a
[02/07/2015 22:24:44] /a
[02/07/2015 22:24:45] /a
[02/07/2015 22:24:47] /a
[02/07/2015 22:25:29] /t
[02/07/2015 22:25:36] /up
[02/07/2015 22:41:48] /t
[02/07/2015 22:42:28] /newtype 1
[02/07/2015 22:42:30] /newtype 2
[02/07/2015 22:42:31] /newtype 3
[02/07/2015 22:42:32] /newtype 4
[02/07/2015 22:42:33] /newtype 5
[02/07/2015 22:43:05] /newtype 128
[02/07/2015 22:44:54] /attr addaddon 3
[02/07/2015 22:44:57] /attr addaddon 3
[02/07/2015 22:44:57] /attr addaddon 3
[02/07/2015 22:44:58] /attr addaddon 3
[02/07/2015 22:44:59] /attr addaddon 3
[02/07/2015 22:44:59] /attr addaddon 3
[02/07/2015 22:45:00] /attr addaddon 3
[02/07/2015 22:45:00] /attr addaddon 3
[02/07/2015 22:46:17] /t
[02/07/2015 22:46:27] /reload npcs
[02/07/2015 22:46:33] /n varkhal
[02/07/2015 22:46:36] /r
[02/07/2015 22:46:38] /t
[02/07/2015 22:47:03] /up
[02/07/2015 22:47:31] /a
[02/07/2015 22:47:50] /a
[02/07/2015 22:48:56] /reload houses
[02/07/2015 22:49:20] /a 2
[02/07/2015 22:51:11] /up
[02/07/2015 22:51:31] /down
[02/07/2015 22:51:32] /down
[02/07/2015 23:08:27] /up
[02/07/2015 23:08:36] /a
[02/07/2015 23:08:37] /a
[02/07/2015 23:08:38] /a
[02/07/2015 23:08:38] /a
[02/07/2015 23:08:39] /a
[02/07/2015 23:11:19] /up
[02/07/2015 23:32:43] /up
[02/07/2015 23:32:45] /a
[02/07/2015 23:35:15] /up
[02/07/2015 23:35:19] /a
[02/07/2015 23:35:20] /a
[02/07/2015 23:35:22] /a
[02/07/2015 23:35:28] /a
[02/07/2015 23:39:18] /up
[02/07/2015 23:39:19] /a
[02/07/2015 23:39:20] /a
[02/07/2015 23:39:22] /a
[02/07/2015 23:42:19] /up
[02/07/2015 23:42:21] /a
[02/07/2015 23:42:56] /a
[02/07/2015 23:42:59] /a
[02/07/2015 23:43:04] /a
[02/07/2015 23:44:53] /addskill level, [adm], 500
[02/07/2015 23:45:09] /addskill [adm], level, 500
[02/07/2015 23:45:28] /save
[02/07/2015 23:52:12] /a
[02/07/2015 23:52:23] /up
[02/07/2015 23:52:38] /a
[02/07/2015 23:52:48] /a
[02/07/2015 23:55:04] /a
[02/07/2015 23:55:07] /a
[02/07/2015 23:55:10] /a 2
[02/07/2015 23:55:12] /a
[03/07/2015 00:03:41] /a
[03/07/2015 00:04:11] /a
[03/07/2015 00:04:13] /a
[03/07/2015 01:21:38] /a
[03/07/2015 01:25:36] /a 5
[03/07/2015 01:25:46] /a 2
[03/07/2015 01:25:48] /a 2
[03/07/2015 01:25:51] /a 2
[03/07/2015 01:25:53] /a 2
[03/07/2015 01:25:56] /a 2
[03/07/2015 01:25:57] /a 2
[03/07/2015 01:26:00] /a 2
[03/07/2015 01:27:06] /a
[03/07/2015 01:27:55] /reload actions
[03/07/2015 17:56:52] /t
[03/07/2015 17:57:26] /m king minotaur
[03/07/2015 18:00:16] /t
[03/07/2015 18:00:33] /m king minotaur
[03/07/2015 18:00:34] /m king minotaur
[03/07/2015 18:00:35] /m king minotaur
[03/07/2015 18:00:35] /m king minotaur
[03/07/2015 18:00:36] /m king minotaur
[03/07/2015 18:00:37] /m king minotaur
[03/07/2015 18:00:37] /m king minotaur
[03/07/2015 18:00:38] /m king minotaur
[03/07/2015 18:00:39] /m king minotaur
[03/07/2015 18:01:46] /reload monsters
[03/07/2015 18:01:47] /m king minotaur
[03/07/2015 18:01:49] /m king minotaur
[03/07/2015 18:01:49] /m king minotaur
[03/07/2015 18:01:50] /m king minotaur
[03/07/2015 18:01:51] /m king minotaur
[03/07/2015 18:01:51] /m king minotaur
[03/07/2015 18:01:52] /m king minotaur
[03/07/2015 18:02:08] /reload monsters
[03/07/2015 18:02:21] /m king minotaur
[03/07/2015 18:02:22] /m king minotaur
[03/07/2015 18:02:37] /m king minotaur
[03/07/2015 18:06:38] /reload otbm
[03/07/2015 18:06:52] /reload
[03/07/2015 18:07:04] /reload world
[03/07/2015 18:09:58] /t
[03/07/2015 18:10:07] /reload monsters
[03/07/2015 18:10:13] /m king minotaur
[04/07/2015 00:01:45] /m king minotaur
[04/07/2015 00:02:00] /m king minotaur
[04/07/2015 00:02:00] /m king minotaur
[04/07/2015 00:02:01] /m king minotaur
[04/07/2015 00:02:01] /m king minotaur
[04/07/2015 00:48:28] /i 2160
[04/07/2015 00:48:31] /i 2160
[04/07/2015 00:48:36] /i backpack
[04/07/2015 00:48:39] /i backpack
[04/07/2015 00:48:41] /i 2160
[04/07/2015 00:48:45] /i 2160
[04/07/2015 00:48:46] /i 2160
[04/07/2015 00:48:46] /i 2160
[04/07/2015 00:48:47] /i 2160
[04/07/2015 00:48:47] /i 2160
[04/07/2015 00:48:48] /i 2160
[04/07/2015 00:48:48] /i 2160
[04/07/2015 00:48:49] /i 2160
[04/07/2015 00:48:50] /i 2160
[04/07/2015 00:48:51] /i 2160
[04/07/2015 00:48:51] /i 2160
[04/07/2015 00:48:52] /i 2160
[04/07/2015 00:48:53] /i 2160
[04/07/2015 00:48:53] /i 2160
[04/07/2015 00:48:54] /i 2160
[04/07/2015 00:48:54] /i 2160
[04/07/2015 00:48:55] /i 2160
[04/07/2015 00:48:56] /i 2160
[04/07/2015 00:48:56] /i 2160
[04/07/2015 00:48:59] /i 2160
[04/07/2015 00:48:59] /i 2160
[04/07/2015 00:49:00] /i 2160
[04/07/2015 00:49:01] /i 2160
[04/07/2015 00:49:01] /i 2160
[04/07/2015 00:54:39] /i axe vip3
[04/07/2015 00:54:46] /i armor vip3
[04/07/2015 00:54:53] /i legs vip3
[04/07/2015 00:55:02] /i helmet vip3
[04/07/2015 00:55:11] /i boots vip3
[04/07/2015 00:55:40] /i shield vip3
[04/07/2015 01:22:01] /reload xml
[04/07/2015 16:37:14] /t
[04/07/2015 16:37:15] /up
[04/07/2015 16:37:56] /a
[04/07/2015 16:38:01] /a
[04/07/2015 16:38:45] /a
[04/07/2015 16:38:53] /t
[04/07/2015 16:43:58] /t
[04/07/2015 16:45:40] /i 11788
[04/07/2015 16:45:44] /r
[04/07/2015 16:47:57] /i 11031
[04/07/2015 16:48:03] /r
[04/07/2015 16:48:12] /i 12031
[04/07/2015 16:48:17] /r
[04/07/2015 23:15:05] /t
[04/07/2015 23:15:43] /a
[05/07/2015 00:17:42] /a
[05/07/2015 00:17:53] /t
[05/07/2015 00:22:50] /reload spawns
[05/07/2015 00:24:11] /i 2043
[05/07/2015 00:25:42] /a 10
[05/07/2015 00:25:43] /a 10
[05/07/2015 00:25:43] /a 10
[05/07/2015 00:25:44] /a 10
[05/07/2015 00:25:45] /a 10
[05/07/2015 00:25:46] /a 10
[05/07/2015 00:25:47] /a 10
[05/07/2015 00:25:49] /a 10
[05/07/2015 00:25:50] /a 10
[05/07/2015 00:26:51] /a 4
[05/07/2015 00:26:56] /a 4
[05/07/2015 00:27:00] /a 4
[05/07/2015 00:35:10] /reload globalevents
[05/07/2015 00:38:57] /reload globalevents
[05/07/2015 00:39:24] /a
[05/07/2015 01:01:42] /reload globalevents
[05/07/2015 19:13:17] /a
[05/07/2015 19:17:54] /t
[05/07/2015 19:18:50] /a
[05/07/2015 19:18:52] /a
[05/07/2015 19:18:52] /a
[05/07/2015 19:23:24] /reload globalevents
[05/07/2015 19:23:56] /reload globalevents
[05/07/2015 19:24:55] /reload globalevents
[05/07/2015 19:24:59] /a
[05/07/2015 19:25:00] /reload globalevents
[05/07/2015 19:25:26] /reload globalevents
[05/07/2015 19:25:36] /reload mods
[05/07/2015 19:26:52] /reload mods
[05/07/2015 19:26:58] /t
[05/07/2015 19:27:08] /a
[05/07/2015 19:31:57] /a
[05/07/2015 19:32:06] /up
[05/07/2015 19:32:32] /t
[05/07/2015 23:25:55] /t
[05/07/2015 23:26:33] /reload globalevents
[05/07/2015 23:27:26] /reload globalevents
[06/07/2015 00:03:44] /t
[06/07/2015 00:13:02] /reload actions
[06/07/2015 00:14:04] /reload actions
[06/07/2015 00:14:51] /reload actions
[06/07/2015 00:15:13] /reload actions
[06/07/2015 00:16:21] /reload actions
[06/07/2015 00:17:18] /reload actions
[06/07/2015 00:17:38] /reload actions
[06/07/2015 00:18:42] /reload actions
[06/07/2015 00:20:13] /reload actions
[06/07/2015 00:25:14] /reload actions
[06/07/2015 00:25:37] /reload actions
[06/07/2015 00:25:49] /reload actions
[06/07/2015 00:26:15] /reload actions
[06/07/2015 00:26:55] /reload actions
[06/07/2015 00:27:35] /reload actions
[06/07/2015 00:28:03] /reload actions
[06/07/2015 00:29:26] /reload actions
[06/07/2015 00:30:15] /reload actions
[06/07/2015 00:30:58] /reload actions
[06/07/2015 00:31:10] /reload actions
[06/07/2015 00:31:31] /reload actions
[06/07/2015 00:32:08] /reload actions
[06/07/2015 00:32:24] /reload actions
[06/07/2015 00:32:58] /reload actions
[06/07/2015 00:34:43] /reload actions
[06/07/2015 00:35:03] /reload actions
[06/07/2015 00:35:19] /reload actions
[06/07/2015 00:37:25] /reload actions
[06/07/2015 00:37:58] /i backpack
[06/07/2015 00:38:12] /reload actions
[06/07/2015 19:22:53] /t
[06/07/2015 19:23:24] /attr actionid 1300
[06/07/2015 19:23:30] /attr actionid 1500
[06/07/2015 19:23:35] /attr actionid 1900
[06/07/2015 19:23:39] /attr actionid 1800
[06/07/2015 19:23:45] /attr actionid 1700
[06/07/2015 19:23:50] /attr actionid 1600
[06/07/2015 19:23:54] /attr actionid 1500
[06/07/2015 19:24:03] /r
[06/07/2015 19:24:05] /r
[06/07/2015 19:26:54] /r
[06/07/2015 19:27:15] /reload globalevents
[06/07/2015 19:27:43] /reload globalevents
[06/07/2015 19:28:52] /reload globalevents
[06/07/2015 19:29:01] /reload globalevents
[06/07/2015 19:29:27] /reload globalevents
[06/07/2015 19:29:31] /reload globalevents
[06/07/2015 19:34:47] /reload globalevents
[06/07/2015 21:44:18] /reload globalevents
[06/07/2015 21:45:12] /reload globalevents
[06/07/2015 21:45:55] /reload globalevents
[06/07/2015 21:45:58] /reload globalevents
[06/07/2015 21:48:57] /reload globalevents
[06/07/2015 21:49:57] /reload globalevents
[06/07/2015 21:51:56] /attr aumentarmeupau
[06/07/2015 21:54:36] /reload globalevents
[06/07/2015 21:57:23] /attr health 200000
[06/07/2015 21:57:52] /reload globalevents
[06/07/2015 21:57:58] /r
[06/07/2015 21:58:00] /r
[06/07/2015 21:58:04] /a
[06/07/2015 21:58:10] /a
[06/07/2015 21:58:12] /a
[06/07/2015 21:59:44] /reload globalevents
[06/07/2015 21:59:54] /m king minotaur
[06/07/2015 21:59:56] /m king minotaur
[06/07/2015 21:59:58] /a
[06/07/2015 22:00:00] /m king minotaur
[06/07/2015 22:00:02] /a
[06/07/2015 22:00:03] /a
[06/07/2015 22:00:05] /a
[06/07/2015 22:00:06] /a
[06/07/2015 22:00:08] /a
[06/07/2015 22:00:09] /a
[06/07/2015 22:00:11] /t
[06/07/2015 22:04:41] /reload globalevents
[06/07/2015 22:05:50] /reload globalevents
[06/07/2015 22:05:52] /reload globalevents
[06/07/2015 22:07:56] /reload globalevents
[06/07/2015 22:08:54] /reload globalevents
[06/07/2015 22:09:12] /r
[06/07/2015 22:09:13] /r
[06/07/2015 22:10:35] /reload globalevents
[06/07/2015 22:11:27] /r
[06/07/2015 22:11:57] /reload globalevents
[06/07/2015 22:11:58] /r
[06/07/2015 22:13:53] /reload globalevents
[06/07/2015 22:15:02] /bc ola
[06/07/2015 22:15:14] /bc querem falar comigo estou no help
[06/07/2015 22:16:48] /r
[06/07/2015 22:16:50] /r
[06/07/2015 22:17:24] /reload globalevents
[06/07/2015 22:17:41] /bc green, querem falar comigo estou no help
[06/07/2015 22:17:45] /bc green, querem falar comigo estou no help
[06/07/2015 22:22:49] /reload globalevents
[06/07/2015 22:22:50] /r
[06/07/2015 22:23:40] /r
[06/07/2015 23:26:56] /t
[06/07/2015 23:27:01] /i 1387
[06/07/2015 23:27:21] /attr destination 1378, 170, 7
[06/07/2015 23:27:24] /t
[06/07/2015 23:32:38] /r
[06/07/2015 23:36:01] /r
[06/07/2015 23:37:06] /a
[06/07/2015 23:37:20] /t
[09/07/2015 13:39:52] /t
[09/07/2015 13:39:56] /up
[09/07/2015 13:41:56] /t
[09/07/2015 14:37:01] /t
[09/07/2015 14:38:12] /t
[09/07/2015 14:38:30] /i addon doll
[09/07/2015 14:38:53] /t
[09/07/2015 14:40:37] /i 12154
[09/07/2015 14:40:49] /r
[09/07/2015 14:40:50] /t
[09/07/2015 14:45:33] /reload actions
[09/07/2015 14:46:01] /i 12154
[09/07/2015 14:46:07] /r
[09/07/2015 14:46:12] /i 12156
[09/07/2015 14:46:19] /r
[09/07/2015 14:52:05] /i 2281
[09/07/2015 15:03:12] /i 2060
[09/07/2015 15:03:15] /r
[09/07/2015 15:17:32] /r
[09/07/2015 15:24:11] /reload talkactions
[09/07/2015 15:24:41] /reload talkactions
[09/07/2015 15:27:42] /reload talkactions
[09/07/2015 22:26:28] /reload talkactions
[09/07/2015 22:26:33] /reload weapons
[09/07/2015 22:35:00] /i 8844
[09/07/2015 22:35:13] /i meat
[09/07/2015 22:36:35] /i 8845
[09/07/2015 22:48:08] /t
[09/07/2015 22:48:12] /up
[09/07/2015 22:48:17] /a 10
[09/07/2015 22:48:17] /a 10
[09/07/2015 22:48:19] /a 10
[09/07/2015 22:48:20] /a 10
[09/07/2015 22:48:48] /t
[09/07/2015 22:50:52] /m training
[09/07/2015 22:51:45] /m tha exp carrier
[10/07/2015 00:05:18] /i 6541
[10/07/2015 00:06:21] /reload actions
[10/07/2015 00:07:51] /i 6541
[10/07/2015 00:08:43] /i 10523
[10/07/2015 00:08:50] /i 10523
[10/07/2015 00:08:51] /i 10523
[10/07/2015 00:08:51] /i 10523
[10/07/2015 00:09:17] /reload actions
[10/07/2015 00:19:25] /i 2090
[10/07/2015 00:19:39] /i 2087
[10/07/2015 00:19:44] /r
[10/07/2015 00:20:30] /i 2092
[10/07/2015 00:20:32] /i 2093
[10/07/2015 00:20:33] /i 2094
[10/07/2015 00:20:36] /r
[10/07/2015 00:20:42] /r
[10/07/2015 00:20:48] /r
[10/07/2015 00:36:25] /up
[10/07/2015 01:16:32] /t
[10/07/2015 01:16:41] /t
[10/07/2015 01:19:11] /a 5
[10/07/2015 01:19:12] /a 5
[10/07/2015 01:19:13] /a 5
[10/07/2015 01:19:14] /a 5
[10/07/2015 01:19:14] /a 5
[10/07/2015 01:19:15] /a 5
[10/07/2015 01:19:15] /a 5
[10/07/2015 01:19:16] /a 5
[10/07/2015 01:19:16] /a 5
[10/07/2015 01:19:17] /a 5
[10/07/2015 01:19:17] /a 5
[10/07/2015 01:19:18] /a 5
[10/07/2015 01:19:19] /a 5
[10/07/2015 01:19:19] /a 5
[10/07/2015 01:19:20] /a 5
[10/07/2015 01:19:21] /a 5
[10/07/2015 01:19:22] /a 5
[10/07/2015 01:19:22] /a 5
[10/07/2015 01:19:23] /a 5
[10/07/2015 01:19:24] /a 5
[10/07/2015 01:19:25] /a 5
[10/07/2015 01:19:31] /a 5
[10/07/2015 01:19:31] /a 5
[10/07/2015 01:19:31] /a 5
[10/07/2015 01:19:34] /a
[10/07/2015 01:22:33] /t
[10/07/2015 01:22:39] /i 1387
[10/07/2015 01:22:52] /attr destination 1305, 481, 9
[10/07/2015 01:22:56] /up
[10/07/2015 01:23:00] /a 3
[10/07/2015 01:23:13] /a 4
[10/07/2015 01:23:16] /a 4
[10/07/2015 01:23:17] /a 4
[10/07/2015 01:23:21] /a
[10/07/2015 01:23:24] /a
[10/07/2015 01:23:39] /i 1026
[10/07/2015 01:23:40] /i 1026
[10/07/2015 01:23:40] /i 1026
[10/07/2015 01:23:41] /i 1026
[10/07/2015 01:23:42] /i 1026
[10/07/2015 01:23:44] /a
[10/07/2015 01:23:45] /i 1026
[10/07/2015 01:23:54] /i 1025
[10/07/2015 01:23:58] /i 1025
[10/07/2015 01:24:06] /i 1387
[10/07/2015 01:24:14] /attr destination 160, 54, 7
[10/07/2015 01:24:20] /a
[10/07/2015 01:24:29] /i 1026
[10/07/2015 01:24:35] /a
[10/07/2015 01:24:43] /a
[10/07/2015 01:24:46] /a 6
[10/07/2015 01:24:48] /a
[10/07/2015 01:24:51] /up
[10/07/2015 01:24:54] /a 4
[10/07/2015 01:25:18] /i 13087
[10/07/2015 01:25:26] /i 1387
[10/07/2015 01:25:39] /attr destination 1282, 507, 9
[10/07/2015 01:25:43] /t
[10/07/2015 01:28:25] /a
[10/07/2015 01:28:27] /a
[10/07/2015 01:28:28] /a
[10/07/2015 01:28:28] /a
[10/07/2015 02:20:24] /i ovos de pascoa
[10/07/2015 02:20:33] /i ovo de pascoa
[10/07/2015 04:19:43] /i ovo de pascoa
[10/07/2015 04:19:44] /i ovo de pascoa
[10/07/2015 04:25:00] /i ovo de pascoa
[10/07/2015 04:26:45] /reload mods
[10/07/2015 04:32:03] /reload mods
[10/07/2015 04:38:18] /reload mods
[10/07/2015 04:53:46] /reload globalevents
[10/07/2015 04:54:52] /reload globalevents
[10/07/2015 04:55:17] /reload globalevents
[10/07/2015 04:56:26] /reload globalevents
[10/07/2015 04:58:37] /reload globalevents
[10/07/2015 04:59:17] /reload globalevents
[10/07/2015 04:59:47] /reload globalevents
[10/07/2015 05:00:03] /reload globalevents
[10/07/2015 05:04:35] /reload globalevents
[10/07/2015 05:05:20] /reload globalevents
[10/07/2015 05:05:40] /reload globalevents
[10/07/2015 13:29:42] /i 5940
[10/07/2015 13:29:48] /i 5952
[10/07/2015 13:32:28] /reload actions
[10/07/2015 13:32:59] /reload actions
[10/07/2015 13:33:02] /i 5940
[10/07/2015 13:33:04] /i 5952
[10/07/2015 13:33:05] /i 5940
[10/07/2015 13:33:06] /i 5952
[10/07/2015 13:33:07] /i 5940
[10/07/2015 13:33:07] /i 5952
[10/07/2015 13:33:08] /i 5940
[10/07/2015 13:33:09] /i 5952
[10/07/2015 14:11:04] /reload talkactions
[10/07/2015 14:11:57] /a
[10/07/2015 14:12:05] /a
[10/07/2015 14:12:07] /a
[10/07/2015 14:13:44] /reload globalevents
[10/07/2015 14:15:05] /up
[10/07/2015 14:15:24] /i 8855
[10/07/2015 14:15:38] /i 2435
[10/07/2015 14:15:48] /i 7432
[10/07/2015 14:16:01] /i 2446
[10/07/2015 14:16:08] /i 7735
[10/07/2015 14:16:42] /reload talkactions
[10/07/2015 14:17:14] /reload globalevents
[10/07/2015 14:17:36] /up
[10/07/2015 14:17:46] /up
[10/07/2015 14:18:36] /r
[10/07/2015 14:25:32] /save
[11/07/2015 01:33:42] /t
[11/07/2015 01:35:51] /reload globalevents
[11/07/2015 01:36:31] /reload globalevents
[11/07/2015 01:41:09] /reload actions
[11/07/2015 01:44:46] /a
[11/07/2015 01:44:47] /a
[11/07/2015 01:45:06] /a 10
[11/07/2015 01:45:08] /a 10
[11/07/2015 01:45:10] /a 10
[11/07/2015 01:45:12] /a 10
[11/07/2015 01:45:14] /a 10
[11/07/2015 01:45:16] /a
[11/07/2015 01:47:34] /reload actions
[11/07/2015 01:48:22] /reload actions
[11/07/2015 01:50:19] /reload actions
[11/07/2015 01:51:47] /a
[11/07/2015 01:51:48] /a
[11/07/2015 01:51:55] /up
[11/07/2015 01:53:35] /n ring seller
[11/07/2015 01:54:02] /r
[11/07/2015 01:57:18] /reload actions
[11/07/2015 01:58:19] /reload actions
[11/07/2015 02:00:52] /reload actions
[11/07/2015 02:04:53] /reload actions
[11/07/2015 02:06:43] /reload actions
[11/07/2015 02:07:09] /reload actions
[11/07/2015 02:14:27] /reload actions
[11/07/2015 02:15:21] /reload actions
[02/12/2015 18:43:43] /a
[02/12/2015 18:43:47] /a
[02/12/2015 18:43:56] /a
[02/12/2015 18:44:07] /a
[02/12/2015 18:44:10] /a
[02/12/2015 18:44:20] /a
[02/12/2015 18:44:22] /r
[02/12/2015 18:44:23] /r
[02/12/2015 18:44:25] /r
[02/12/2015 18:44:27] /t
[02/12/2015 19:40:32] /reload
[02/12/2015 19:40:34] /reload npc
[02/12/2015 19:40:40] /m celest
[02/12/2015 19:40:43] /n celest
[02/12/2015 19:40:46] /r
[02/12/2015 19:42:00] /i 3160
[02/12/2015 19:42:08] /i 2160
[02/12/2015 19:42:10] /i 2160
[02/12/2015 19:42:18] /i 405
[02/12/2015 20:18:00] /i 1386
[02/12/2015 20:20:59] /i 5940
[02/12/2015 20:23:00] /reload items
[02/12/2015 20:23:07] /i 5952
[02/12/2015 20:23:13] /r
[02/12/2015 20:23:17] /r
[02/12/2015 20:23:19] /r
[02/12/2015 20:23:24] /i 9833
[03/12/2015 00:32:39] /t
[03/12/2015 00:34:45] /up
[03/12/2015 00:35:07] /a 5
[03/12/2015 00:35:09] /a
[03/12/2015 00:35:10] /a
[03/12/2015 00:35:12] /a
[03/12/2015 00:35:14] /a 2
[03/12/2015 00:35:17] /a 2
[03/12/2015 00:35:22] /a 2
[03/12/2015 00:36:33] /attr set attack 10000
[03/12/2015 14:40:58] /t
[03/12/2015 14:42:25] /r
[03/12/2015 14:42:28] /i 1386
[03/12/2015 14:42:36] /i 1386
[03/12/2015 14:42:43] /r
[03/12/2015 14:44:32] /reload actions
[03/12/2015 14:45:50] /reload actions
[03/12/2015 14:50:12] /reload items
[03/12/2015 14:50:19] /r
[03/12/2015 14:50:20] /r
