[03/12/2015 15:13:58] /t
[03/12/2015 15:38:03] /a
[03/12/2015 15:42:05] /ghost
[03/12/2015 15:42:11] /bc green, ola
[03/12/2015 15:42:21] /bc Bom
[03/12/2015 15:42:25] /b ei
[03/12/2015 15:42:50] /b Nao respondo PM, querem falar comigo somente no canal Help. Obrigado
[03/12/2015 15:43:16] /ghost
[03/12/2015 15:48:00] /ghost
[03/12/2015 15:48:29] /a
[03/12/2015 16:07:11] /squelch
[03/12/2015 16:08:52] /bc Só respondo no Help.
[03/12/2015 16:18:07] /a 2
[03/12/2015 16:18:14] /t
[03/12/2015 16:20:43] /bc green, Qualquer coisa estou a disposição no canal Help, não respondo pm. Obrigado e bom game.
[03/12/2015 16:23:19] /bc green, Qualquer coisa estou a disposição no canal Help, não respondo pm. Obrigado e bom game.
[03/12/2015 16:31:14] /a
[03/12/2015 16:31:20] /a
[03/12/2015 16:31:30] /a
[03/12/2015 16:47:11] /bc green, Qualquer coisa estou a disposição no canal Help, não respondo pm. Obrigado e bom game.
[03/12/2015 17:02:22] /a 2
[03/12/2015 17:04:26] /i backpack
[03/12/2015 17:04:33] /i snakebit rod
[03/12/2015 17:04:45] /i snakebit rod
[03/12/2015 17:04:46] /i snakebit rod
[03/12/2015 17:04:47] /i snakebit rod
[03/12/2015 17:05:29] /i 2182
[03/12/2015 17:05:50] /i moonlight rod
[03/12/2015 17:06:04] /i northwind rod
[03/12/2015 17:06:10] /i hailstorm rod
[03/12/2015 17:06:16] /i wand of vortex
[03/12/2015 17:06:30] /i wand of dragonbreath
[03/12/2015 17:06:35] /i wand of decay
[03/12/2015 17:06:40] /i wand of draconia
[03/12/2015 17:06:48] /i wand os cosmic energy
[03/12/2015 17:06:54] /i wand of inferno
[03/12/2015 17:07:08] /i magic sulphur
[03/12/2015 17:07:16] /i soul stone
[03/12/2015 17:07:36] /i ankh
[03/12/2015 17:07:41] /i ankh
[03/12/2015 17:07:42] /i ankh
[03/12/2015 17:07:43] /i ankh
[03/12/2015 17:07:43] /i ankh
[03/12/2015 17:07:44] /i ankh
[03/12/2015 17:07:45] /i ankh
[03/12/2015 17:07:50] /i backpack
[03/12/2015 17:07:53] /i ankh
[03/12/2015 17:07:54] /i ankh
[03/12/2015 17:07:54] /i ankh
[03/12/2015 17:07:55] /i ankh
[03/12/2015 17:07:55] /i ankh
[03/12/2015 17:07:56] /i ankh
[03/12/2015 17:07:57] /i ankh
[03/12/2015 17:08:07] /i ankh
[03/12/2015 17:08:08] /i ankh
[03/12/2015 17:08:08] /i ankh
[03/12/2015 17:08:09] /i ankh
[03/12/2015 17:08:09] /i ankh
[03/12/2015 17:08:10] /i ankh
[03/12/2015 17:08:10] /i ankh
[03/12/2015 17:08:11] /i ankh
[03/12/2015 17:08:11] /i ankh
[03/12/2015 17:08:12] /i ankh
[03/12/2015 17:09:09] /i terra rod
[03/12/2015 17:11:20] /i minotaur backpack
[03/12/2015 17:11:39] /i demon legs
[03/12/2015 17:11:43] /i demon armor
[03/12/2015 17:11:46] /i demon helmet
[03/12/2015 17:11:54] /i golden boots
[03/12/2015 17:12:04] /i magic long sword
[03/12/2015 17:12:14] /i magic sword
[03/12/2015 17:13:02] /i golden armor
[03/12/2015 17:13:06] /i golden legs
[03/12/2015 17:13:10] /i golden helmet
[03/12/2015 17:13:27] /i blessed shield
[03/12/2015 17:13:35] /a 2
[03/12/2015 17:13:42] /i 12288
[03/12/2015 17:15:28] /reload weapons
[03/12/2015 17:16:00] /a 2
[03/12/2015 17:17:14] /i golden backpack
[03/12/2015 17:17:28] /r
[03/12/2015 17:25:55] /t
[03/12/2015 17:26:18] /a 2
[03/12/2015 17:27:01] /goto king jeremy
[03/12/2015 17:28:53] /r
[03/12/2015 17:29:06] /i 1387
[03/12/2015 17:29:16] /attr destination 160, 54, 7
[03/12/2015 17:29:51] /t
[03/12/2015 18:14:38] /goto king jeremy
[03/12/2015 18:14:59] /t
[03/12/2015 18:15:15] /a
[03/12/2015 18:15:45] /a
[03/12/2015 18:16:40] /t
[03/12/2015 18:16:48] /i addon doll
[03/12/2015 18:16:56] /a 2
[03/12/2015 18:17:31] /i addon doll
[03/12/2015 18:17:32] /i addon doll
[03/12/2015 18:17:33] /i addon doll
[03/12/2015 18:17:33] /i addon doll
[03/12/2015 18:17:34] /i addon doll
[03/12/2015 18:17:34] /i addon doll
[03/12/2015 18:17:34] /i addon doll
[03/12/2015 18:17:35] /i addon doll
[03/12/2015 18:17:36] /i addon doll
[03/12/2015 18:17:36] /i addon doll
[03/12/2015 18:17:36] /i addon doll
[03/12/2015 18:17:37] /i addon doll
[03/12/2015 18:17:40] /i addon doll
[03/12/2015 18:17:40] /i addon doll
[03/12/2015 18:17:41] /i addon doll
[03/12/2015 18:17:41] /i addon doll
[03/12/2015 18:17:42] /i addon doll
[03/12/2015 18:17:42] /i addon doll
[03/12/2015 18:18:05] /t
[03/12/2015 18:19:22] /i addon doll
[03/12/2015 18:19:23] /i addon doll
[03/12/2015 18:19:23] /i addon doll
[03/12/2015 18:19:24] /i addon doll
[03/12/2015 18:19:24] /i addon doll
[03/12/2015 18:19:25] /i addon doll
[03/12/2015 18:19:26] /i addon doll
[03/12/2015 18:25:48] /t
[03/12/2015 18:26:11] /a 2
[03/12/2015 18:27:14] /t
[03/12/2015 18:27:33] /a 2
[03/12/2015 18:30:39] /a 2
[03/12/2015 18:30:55] /i lance of gods
[03/12/2015 18:31:09] /attr set attack 200000
[03/12/2015 18:31:23] /r
[03/12/2015 18:31:32] /i 4398
[03/12/2015 18:31:37] /r
[03/12/2015 18:31:41] /r
[03/12/2015 18:31:46] /t
[03/12/2015 18:31:58] /i staff of gods
[03/12/2015 18:34:00] /t
[03/12/2015 18:34:17] /a
[03/12/2015 18:34:31] /a 2
[03/12/2015 18:34:55] /attr set attacck 90000000
[03/12/2015 18:35:04] /attr set attack 90000000
[03/12/2015 18:35:27] /a
[03/12/2015 18:35:33] /up
[03/12/2015 18:35:35] /up
[03/12/2015 19:05:50] /a
[03/12/2015 19:05:54] /a 2
[03/12/2015 19:06:01] /a 2
[03/12/2015 19:06:03] /a
[03/12/2015 19:12:56] /t
[03/12/2015 19:17:19] /goto King Jeremy
[03/12/2015 19:17:24] /t
[03/12/2015 19:30:26] /goto chatuba
[03/12/2015 19:30:29] /t
[03/12/2015 19:31:09] /t
[03/12/2015 20:13:15] /goto account manager
[03/12/2015 20:15:56] /a 2
[03/12/2015 20:16:58] /a 2
[03/12/2015 22:22:22] /t
[03/12/2015 22:27:21] /reload spells
[03/12/2015 22:30:11] /a
[03/12/2015 22:30:12] /a
[03/12/2015 22:30:12] /a
[03/12/2015 22:32:51] /a 2
[03/12/2015 22:38:49] /a 2
[03/12/2015 22:42:56] /t
[03/12/2015 22:47:58] /a
[03/12/2015 22:48:00] /ghost
[03/12/2015 22:48:42] /i 2160
[03/12/2015 22:48:43] /i 2160
[03/12/2015 22:48:44] /i 2160
[03/12/2015 22:48:44] /i 2160
[03/12/2015 22:48:45] /i 2160
[03/12/2015 22:48:45] /i 2160
[03/12/2015 22:48:46] /i 2160
[03/12/2015 22:48:46] /i 2160
[03/12/2015 22:48:53] /i red lantern
[03/12/2015 22:49:04] /i chest
[03/12/2015 22:49:09] /r
[03/12/2015 22:49:27] /i 1738
[03/12/2015 22:49:28] /i 1738
[03/12/2015 22:49:29] /i 1738
[03/12/2015 22:49:51] /i 1738
[03/12/2015 22:50:36] /i enchanted small ruby
[03/12/2015 22:50:59] /i firlefanz
[03/12/2015 22:51:23] /reload monster
[03/12/2015 22:54:00] /i 7959
[03/12/2015 22:54:06] /i 7959
[03/12/2015 22:54:54] /r
[03/12/2015 22:54:55] /r
[03/12/2015 22:54:55] /r
[03/12/2015 22:54:58] /r all
[03/12/2015 22:55:40] /i 1656
[03/12/2015 22:55:43] /r all
[03/12/2015 22:55:44] /r all
[03/12/2015 22:59:01] /ghost
[03/12/2015 22:59:06] /ghost
[03/12/2015 22:59:08] /ghost
[03/12/2015 22:59:13] /ghost
[03/12/2015 22:59:16] /ghost
[03/12/2015 22:59:22] /ghost
[03/12/2015 23:00:03] /r all
[03/12/2015 23:00:04] /r all
[03/12/2015 23:00:06] /r all
[03/12/2015 23:00:07] /r all
[03/12/2015 23:02:20] /gethouse lulu
[03/12/2015 23:06:02] /r
[03/12/2015 23:06:08] /ghost
[03/12/2015 23:16:51] /goto Chatuba
[03/12/2015 23:24:44] /a
[03/12/2015 23:26:14] /up
[03/12/2015 23:26:23] /a 5
[03/12/2015 23:26:25] /a 5
[03/12/2015 23:26:29] /a 5
[03/12/2015 23:26:30] /a 5
[03/12/2015 23:26:31] /a 5
[03/12/2015 23:26:32] /a 5
[03/12/2015 23:26:33] /a 5
[03/12/2015 23:26:35] /a 3
[03/12/2015 23:26:38] /a 3
[03/12/2015 23:26:41] /a 7
[03/12/2015 23:26:58] /a 2
[03/12/2015 23:27:17] /goto Lulu
[03/12/2015 23:27:30] /up
[03/12/2015 23:28:20] /a 5
[03/12/2015 23:30:12] /a 4
[03/12/2015 23:30:34] /a 3
[03/12/2015 23:30:36] /a
[03/12/2015 23:30:58] /a
[03/12/2015 23:31:24] /a
[03/12/2015 23:31:26] /a
[03/12/2015 23:31:59] /a
[03/12/2015 23:38:02] /a
[03/12/2015 23:42:11] /a 2
[03/12/2015 23:42:23] /t
[03/12/2015 23:42:53] /a 3
[03/12/2015 23:43:12] /a 2
[03/12/2015 23:43:32] /a 2
[03/12/2015 23:44:09] /t
[03/12/2015 23:45:27] /a
[03/12/2015 23:46:15] /a
[03/12/2015 23:46:17] /t
[03/12/2015 23:49:10] /a
[03/12/2015 23:57:06] /reload talkactions
[04/12/2015 00:01:39] /m yellow butterfly
[04/12/2015 00:01:51] /attr set maxhealth 99999999999999999
[04/12/2015 00:01:59] /attr maxhealth 99999999999999999
[04/12/2015 00:02:05] /attr health 99999999999999999
[04/12/2015 00:02:09] /a 2
[04/12/2015 00:02:44] /a 2
[04/12/2015 00:02:50] /ghost
[04/12/2015 00:03:30] /r
[04/12/2015 00:03:33] /ghost
[04/12/2015 00:06:57] /a
[04/12/2015 00:07:11] /up 3
[04/12/2015 00:07:15] /up 2
[04/12/2015 00:07:18] /down
[04/12/2015 00:10:42] /a
[04/12/2015 00:13:47] /ghost
[04/12/2015 00:14:59] /ghost
[04/12/2015 00:16:29] /attr skull 3
[04/12/2015 00:16:47] /attr skull 0
[04/12/2015 00:16:51] /attr skull 0
[04/12/2015 00:17:38] /attr skull 2
[04/12/2015 00:17:41] /attr skull 3
[04/12/2015 00:17:43] /attr skull 4
[04/12/2015 00:17:45] /attr skull 4
[04/12/2015 00:17:47] /attr skull 5
[04/12/2015 00:17:49] /attr skull 5
[04/12/2015 00:17:52] /attr skull 0
[04/12/2015 00:17:54] /a 2
[04/12/2015 00:23:30] /mc Lulu
[04/12/2015 00:24:25] /a 2
[04/12/2015 00:24:34] /t
[04/12/2015 00:30:12] /reload actions
[04/12/2015 00:32:22] /reload items
[04/12/2015 00:38:51] /mc chatuba
[04/12/2015 00:45:22] /reload actions
[04/12/2015 00:50:48] /ghost
[04/12/2015 00:53:11] /ghost
[04/12/2015 00:55:38] /ghost
[04/12/2015 00:56:23] /ghost
[04/12/2015 00:59:42] /reload actions
[04/12/2015 01:01:00] /reload actions
[04/12/2015 01:08:46] /a
[04/12/2015 01:09:18] /m king of baiak
[04/12/2015 01:09:50] /t
[04/12/2015 01:10:14] /reload actions
[04/12/2015 01:14:18] /reload actions
[04/12/2015 01:15:18] /reload actions
[04/12/2015 01:17:04] /reload actions
[04/12/2015 01:21:22] /reload actions
[04/12/2015 01:24:07] /reload actions
[04/12/2015 01:28:58] /reload actions
[04/12/2015 01:30:52] /reload actions
[04/12/2015 01:33:43] /reload actions
[04/12/2015 01:38:27] /reload actions
[04/12/2015 01:39:31] /reload actions
[04/12/2015 01:41:13] /bc red, Vou reiniciar o server daqui a 2 minutos fiquem PZ não vo me responsabilizar por possíveis perdas.
[04/12/2015 01:41:17] /bc red, Vou reiniciar o server daqui a 2 minutos fiquem PZ não vo me responsabilizar por possíveis perdas.
[04/12/2015 01:41:21] /bc red, Vou reiniciar o server daqui a 2 minutos fiquem PZ não vo me responsabilizar por possíveis perdas.
[04/12/2015 01:41:23] /bc red, Vou reiniciar o server daqui a 2 minutos fiquem PZ não vo me responsabilizar por possíveis perdas.
[04/12/2015 01:42:43] /reload actions
[04/12/2015 01:43:07] /bc red, Reiniciando.. Já voltamos.
[04/12/2015 01:43:11] /save
[04/12/2015 01:45:11] /i 2157
[04/12/2015 01:45:35] /r all
[04/12/2015 01:45:39] /r all
[04/12/2015 01:46:00] /r
[04/12/2015 01:46:03] /r all
[04/12/2015 01:46:06] /r all
[04/12/2015 01:46:31] /ghost
[04/12/2015 01:49:36] /reload actions
[04/12/2015 01:50:25] /reload actions
[04/12/2015 01:52:37] /r all
[04/12/2015 01:52:43] /r
[04/12/2015 01:53:44] /a
[04/12/2015 01:53:51] /m yellow butterfly
[04/12/2015 01:54:11] /attr maxhealth 999999999999999999999
[04/12/2015 01:54:17] /attr health 999999999999999999999
[04/12/2015 01:54:21] /m yellow butterfly
[04/12/2015 01:54:27] /attr maxhealth 99999999999999
[04/12/2015 01:54:39] /attr health 99999999999999
[04/12/2015 01:55:43] /r
[04/12/2015 01:57:24] /i blessed shield
[04/12/2015 02:01:35] /ghost
[04/12/2015 02:05:55] /i 8855
[04/12/2015 02:18:46] /r
[04/12/2015 02:19:33] /i super soft boots
[04/12/2015 13:31:40] /r
[04/12/2015 13:33:33] /i 8306
[04/12/2015 13:33:34] /i 8306
[04/12/2015 13:33:35] /i 8306
[04/12/2015 13:33:35] /i 8306
[04/12/2015 13:33:35] /i 8306
[04/12/2015 13:33:36] /i 8306
[04/12/2015 13:33:36] /i 8306
[04/12/2015 13:33:41] /i sword
[04/12/2015 13:34:14] /i 8306
[04/12/2015 13:34:15] /i 8306
[04/12/2015 13:34:15] /i 8306
[04/12/2015 13:34:16] /i 8306
[04/12/2015 13:34:16] /i 8306
[04/12/2015 13:34:17] /i 8306
[04/12/2015 13:34:17] /i 8306
[04/12/2015 13:34:41] /i 8306
[04/12/2015 13:34:42] /i 8306
[04/12/2015 13:34:42] /i 8306
[04/12/2015 13:34:43] /i 8306
[04/12/2015 13:34:43] /i 8306
[04/12/2015 13:34:44] /i 8306
[04/12/2015 13:34:44] /i 8306
[04/12/2015 13:34:45] /i 8306
[04/12/2015 13:35:02] /i sword
[04/12/2015 13:35:09] /r
[04/12/2015 13:35:17] /r
[04/12/2015 13:35:22] /i 8306
[04/12/2015 13:35:22] /i 8306
[04/12/2015 13:47:51] /i 2641
[04/12/2015 13:47:57] /r
[04/12/2015 13:50:02] /reload globalevents
[04/12/2015 13:50:12] /r
[04/12/2015 13:50:13] /r
[04/12/2015 13:50:15] /r
[04/12/2015 13:54:51] /r
[04/12/2015 13:54:53] /r
[04/12/2015 13:54:56] /r
[04/12/2015 13:55:02] /r
[04/12/2015 13:55:08] /i 5773
[04/12/2015 13:55:12] /r
[04/12/2015 13:55:26] /i 5774
[04/12/2015 13:55:30] /r
[04/12/2015 13:55:31] /r
[04/12/2015 13:55:32] /r
[04/12/2015 13:55:38] /r
[04/12/2015 13:55:43] /r
[04/12/2015 13:55:52] /i 407
[04/12/2015 13:55:56] /r
[04/12/2015 13:56:04] /i 5771
[04/12/2015 13:56:23] /i 1397
[04/12/2015 14:00:46] /newtype 127
[04/12/2015 14:01:21] /newtype 302
[04/12/2015 14:03:30] /reload npc
[04/12/2015 14:03:40] /n refinamento
[04/12/2015 14:03:58] /i 2157
[04/12/2015 14:04:49] /a
[04/12/2015 14:04:50] /r
[04/12/2015 14:06:57] /a 2
[04/12/2015 14:06:58] /t
[04/12/2015 15:07:26] /attr group 4
[04/12/2015 15:20:04] /goto [GM] Bananinha
[04/12/2015 15:20:07] /t
[04/12/2015 15:20:11] /t 2
[04/12/2015 15:20:13] /t 3
[04/12/2015 15:41:43] /m rat
[04/12/2015 15:41:46] /r
[04/12/2015 15:42:32] /m rat
[04/12/2015 15:42:35] /r
[04/12/2015 15:43:56] /a
[04/12/2015 15:43:59] /a
[04/12/2015 15:44:11] /a
[04/12/2015 15:45:29] /t [GM] Bananinha
[04/12/2015 15:49:57] /attr group 5
[04/12/2015 15:50:14] /kick [CM] Bananinha
[04/12/2015 15:53:37] /mc axe love
[04/12/2015 15:56:59] /reload actions
[04/12/2015 15:57:10] /reload movements
[04/12/2015 15:57:26] /reload talkactions
[04/12/2015 16:03:37] /info chatuba
[04/12/2015 16:06:48] /bc red, qualquer coisa estamos a disposição no canal Help.
[04/12/2015 16:59:01] /reload globalevents
[04/12/2015 17:04:45] /goto demon vip ii
[04/12/2015 17:21:03] /t
[04/12/2015 17:24:15] /reload globalevents
[04/12/2015 17:24:48] /reload globalevents
[04/12/2015 17:51:03] /a 2
[04/12/2015 17:52:14] /i 7460
[04/12/2015 17:53:33] /r
[04/12/2015 17:53:34] /r
[04/12/2015 17:53:34] /r
[04/12/2015 17:53:35] /r
[04/12/2015 17:53:36] /r
[04/12/2015 17:53:42] /t
[04/12/2015 18:03:40] /t
[04/12/2015 18:25:46] /b fiz umas alterações vo reiniciar o ot 
[04/12/2015 18:25:49] /save
[04/12/2015 18:27:30] /t
[04/12/2015 18:40:24] /save
[04/12/2015 18:42:17] /ghost
[04/12/2015 18:43:30] /reload globalevents
[04/12/2015 18:46:24] /reload movements
[04/12/2015 18:46:32] /reload talkactions
[04/12/2015 18:47:15] /a 3
[04/12/2015 18:48:12] /a 4
[04/12/2015 18:50:43] /a 5
[04/12/2015 18:50:45] /a 5
[04/12/2015 18:50:47] /a 2
[04/12/2015 18:50:52] /a 2
[04/12/2015 18:50:54] /a 2
[04/12/2015 18:51:13] /a 2
[04/12/2015 18:54:57] /a
[04/12/2015 18:54:59] /a 2
[04/12/2015 18:55:04] /a 2
[04/12/2015 18:55:40] /a
[04/12/2015 19:26:21] /up
[04/12/2015 19:26:32] /t
[04/12/2015 19:30:54] /a 2
[04/12/2015 19:30:57] /a 2
[04/12/2015 19:31:00] /a 2
[04/12/2015 19:31:04] /a 2
[04/12/2015 19:31:05] /a 2
[04/12/2015 19:31:10] /a 2
[04/12/2015 19:31:12] /a 2
[04/12/2015 19:32:06] /a 2
[04/12/2015 19:32:49] /a 2
[04/12/2015 19:32:52] /up
[04/12/2015 19:33:36] /c Test 2
[04/12/2015 19:34:05] /t Test 2
[04/12/2015 19:35:13] /c [CM] Bananinha
[04/12/2015 19:35:16] /c [CM] Bananinha
[04/12/2015 19:35:30] /down
[04/12/2015 19:35:31] /down
[04/12/2015 19:35:32] /down
[04/12/2015 19:35:38] /c test 2
[04/12/2015 19:35:59] /r
[04/12/2015 19:38:47] /up
[04/12/2015 19:38:47] /up
[04/12/2015 19:38:48] /up
[04/12/2015 19:43:06] /t
[04/12/2015 19:43:48] /reload globalevents
[04/12/2015 19:45:24] /reload globalevents
[04/12/2015 19:52:56] /reload globalevents
[04/12/2015 19:58:55] /i pergaminho de forja
[04/12/2015 20:06:20] /t
[04/12/2015 20:12:19] /a
[04/12/2015 20:12:43] /a
[04/12/2015 20:12:50] /a
[04/12/2015 20:12:59] /a 4
[04/12/2015 20:13:18] /r
[04/12/2015 20:13:21] /a 4
[04/12/2015 20:13:24] /r
[04/12/2015 20:13:28] /r
[04/12/2015 20:13:37] /r
[04/12/2015 20:13:40] /a
[04/12/2015 20:13:48] /t
[04/12/2015 20:15:29] /a
[04/12/2015 20:15:32] /a
[04/12/2015 20:17:21] /m bugzin
[04/12/2015 20:18:17] /m bug
[04/12/2015 20:19:40] /reload monster
[04/12/2015 20:19:49] /m bugzin
[04/12/2015 20:20:06] /i sudden death rune
[04/12/2015 20:20:47] /reload monster
[04/12/2015 20:21:43] /reload monster
[04/12/2015 20:21:49] /m bazir
[04/12/2015 20:22:00] /m bugzin
[04/12/2015 20:23:18] /a 2
[04/12/2015 20:26:20] /goto chatuba
[04/12/2015 20:38:22] /ghost
[04/12/2015 20:40:31] /a 2
[04/12/2015 20:40:35] /a 2
[04/12/2015 20:40:57] /a 2
[04/12/2015 20:40:59] /a 3
[04/12/2015 21:02:44] /b vo reiniciar
[04/12/2015 21:02:47] /save
[04/12/2015 21:10:10] /a 2
[04/12/2015 21:12:46] /attr destination 1311, 1533, 6
[04/12/2015 21:12:55] /a 2
[04/12/2015 21:12:58] /up
[04/12/2015 21:13:01] /up
[04/12/2015 21:13:47] /down
[04/12/2015 21:13:48] /down
[04/12/2015 21:13:48] /down
[04/12/2015 21:13:49] /down
[04/12/2015 21:13:53] /a 5
[04/12/2015 21:13:54] /a 5
[04/12/2015 21:13:59] /a 5
[04/12/2015 21:14:00] /a 5
[04/12/2015 21:14:03] /a 5
[04/12/2015 21:14:05] /a 5
[04/12/2015 21:14:08] /a 5
[04/12/2015 21:14:13] /a 2
[04/12/2015 21:15:59] /t
[04/12/2015 21:38:30] /i 7253
[04/12/2015 21:38:49] /r
[04/12/2015 21:40:11] /i 7489
[04/12/2015 21:40:23] /r
[04/12/2015 21:40:40] /i 7494
[04/12/2015 23:09:12] /goto [CM] Bananinha
[04/12/2015 23:11:33] /i 8432
[04/12/2015 23:12:15] /down
[04/12/2015 23:12:18] /down
[04/12/2015 23:12:19] /a 2
[04/12/2015 23:12:21] /r
[04/12/2015 23:12:22] /r
[04/12/2015 23:12:23] /r
[04/12/2015 23:12:24] /r
[04/12/2015 23:12:25] /r
[04/12/2015 23:12:26] /r
[04/12/2015 23:12:27] /r
[04/12/2015 23:12:28] /r
[04/12/2015 23:12:29] /r
[04/12/2015 23:12:30] /r
[04/12/2015 23:12:31] /r
[04/12/2015 23:12:32] /r
[04/12/2015 23:12:36] /r
[04/12/2015 23:12:37] /r
[04/12/2015 23:12:38] /r
[04/12/2015 23:12:40] /r
[04/12/2015 23:12:42] /r
[04/12/2015 23:12:43] /r
[04/12/2015 23:12:44] /r
[04/12/2015 23:12:45] /r
[04/12/2015 23:12:46] /r
[04/12/2015 23:12:46] /r
[04/12/2015 23:12:52] /r
[04/12/2015 23:12:53] /r
[04/12/2015 23:12:54] /r
[04/12/2015 23:13:01] /r
[04/12/2015 23:13:02] /r
[04/12/2015 23:13:03] /r
[04/12/2015 23:13:05] /r
[04/12/2015 23:13:06] /r
[04/12/2015 23:13:06] /r
[04/12/2015 23:26:01] /t
[04/12/2015 23:34:47] /i 1285
[04/12/2015 23:34:52] /reload actions
[04/12/2015 23:35:47] /reload actions
[04/12/2015 23:38:52] /r
[04/12/2015 23:39:07] /i 7253
[04/12/2015 23:39:17] /r
[04/12/2015 23:39:17] /r
[04/12/2015 23:40:12] /t
[04/12/2015 23:41:18] /i 7494
[04/12/2015 23:41:38] /i 7489
[04/12/2015 23:41:46] /r
[04/12/2015 23:42:02] /reload actions
[04/12/2015 23:42:44] /i 7489
[04/12/2015 23:42:44] /i 7489
[04/12/2015 23:42:45] /i 7489
[04/12/2015 23:44:37] /goto chatuba
[04/12/2015 23:45:51] /ghost
[04/12/2015 23:47:08] /ghost
[04/12/2015 23:47:42] /i 7489
[04/12/2015 23:47:43] /i 7489
[04/12/2015 23:47:43] /i 7489
[04/12/2015 23:53:20] /reload actions
[04/12/2015 23:54:43] /reload actions
[04/12/2015 23:55:57] /reload actions
[04/12/2015 23:56:14] /reload actions
[04/12/2015 23:57:21] /reload actions
[04/12/2015 23:57:32] /reload actions
[04/12/2015 23:58:21] /reload actions
[05/12/2015 00:01:48] /i 7489
[05/12/2015 00:01:48] /i 7489
[05/12/2015 00:01:49] /i 7489
[05/12/2015 00:02:32] /reload actions
[05/12/2015 00:02:48] /i 7489
[05/12/2015 00:02:49] /i 7489
[05/12/2015 00:13:49] /reload npc
[05/12/2015 00:13:56] /n comerciante
[05/12/2015 00:14:24] /reload npc
[05/12/2015 00:14:28] /n comerciante
[05/12/2015 00:14:29] /a
[05/12/2015 00:14:31] /a
[05/12/2015 00:14:32] /r
[05/12/2015 00:19:09] /reload npc
[05/12/2015 00:19:20] /i backpack
[05/12/2015 00:19:31] /r
[05/12/2015 00:21:15] /a
[05/12/2015 00:22:09] /a 3
[05/12/2015 00:23:14] /a
[05/12/2015 00:24:26] /a
[05/12/2015 00:26:27] /ghost
[05/12/2015 00:26:33] /i 2435
[05/12/2015 00:26:44] /i 7432
[05/12/2015 00:26:56] /i 8855
[05/12/2015 00:27:12] /i 2446
[05/12/2015 00:27:37] /i 7735
[05/12/2015 00:27:53] /r
[05/12/2015 00:28:42] /a
[05/12/2015 00:31:23] /reload actions
[05/12/2015 00:31:51] /i pergaminho de forja
[05/12/2015 00:31:59] /i staff vip3
[05/12/2015 00:32:02] /i staff vip3
[05/12/2015 00:32:02] /i staff vip3
[05/12/2015 00:32:03] /i staff vip3
[05/12/2015 00:32:04] /i pergaminho de forja
[05/12/2015 00:32:05] /i pergaminho de forja
[05/12/2015 00:32:05] /i pergaminho de forja
[05/12/2015 00:32:49] /a
[05/12/2015 00:33:38] /i staff vip 3
[05/12/2015 00:33:42] /i staff vip3
[05/12/2015 00:33:46] /i pergaminho de forja
[05/12/2015 00:35:19] /i 2390
[05/12/2015 00:40:56] /i 7409
[05/12/2015 00:43:19] /i 7450
[05/12/2015 00:44:52] /i 8925
[05/12/2015 00:45:17] /i 8924
[05/12/2015 00:52:24] /r
[05/12/2015 00:53:16] /i 7438
[05/12/2015 00:53:30] /i 8852
[05/12/2015 00:58:10] /r
[05/12/2015 01:15:09] /reload items
[05/12/2015 01:15:16] /reload actions
[05/12/2015 01:15:29] /reload weapons
[05/12/2015 01:18:29] /save
[05/12/2015 01:19:46] /r
[05/12/2015 01:19:54] /i forged sword
[05/12/2015 01:19:57] /i forged axe
[05/12/2015 01:20:00] /i forged club
[05/12/2015 01:20:39] /i forged bow
[05/12/2015 01:21:31] /i sword vip3
[05/12/2015 01:21:35] /i axe vip3
[05/12/2015 01:21:38] /i club vip3
[05/12/2015 01:21:55] /i forged staff
[05/12/2015 01:23:04] /goto [CM] Bananinha
[05/12/2015 01:23:32] /i bow vip3
[05/12/2015 01:24:20] /i forged bow
[05/12/2015 01:24:27] /i bow vip3
[05/12/2015 01:25:42] /r all
[05/12/2015 01:25:54] /i axe vip3
[05/12/2015 01:25:59] /i staff vip3
[05/12/2015 01:26:07] /i pergaminho de forja
[05/12/2015 01:26:08] /i pergaminho de forja
[05/12/2015 01:26:09] /i pergaminho de forja
[05/12/2015 01:26:09] /i pergaminho de forja
[05/12/2015 01:27:13] /r
[05/12/2015 01:28:11] /i forged axe
[05/12/2015 01:28:15] /i forged sword
[05/12/2015 01:29:50] /r
[05/12/2015 01:30:56] /t
[05/12/2015 01:31:00] /a 2
[05/12/2015 01:31:11] /r
[05/12/2015 01:32:55] /a 3
[05/12/2015 01:34:46] /a 2
[05/12/2015 01:34:54] /a 2
[05/12/2015 01:34:58] /up
[05/12/2015 01:36:25] /a
[05/12/2015 01:36:47] /a
[05/12/2015 01:36:49] /a
[05/12/2015 01:36:49] /a
[05/12/2015 01:36:50] /a
[05/12/2015 01:36:55] /a 2
[05/12/2015 01:37:00] /a
[05/12/2015 01:37:01] /a
[05/12/2015 01:37:13] /attr destination 160, 54, 7
[05/12/2015 01:39:02] /r
[05/12/2015 01:42:01] /i sniper gloves
[05/12/2015 01:44:37] /i snakebite rod
[05/12/2015 01:44:42] /i moonlight rod
[05/12/2015 01:44:47] /i necrotic rod
[05/12/2015 01:44:50] /i backpack
[05/12/2015 01:45:06] /i northwind rod
[05/12/2015 01:45:11] /i terra rod
[05/12/2015 01:45:17] /i hailstorm rod
[05/12/2015 01:45:26] /i wand of vortex
[05/12/2015 01:45:33] /i wand of dragonbreath
[05/12/2015 01:45:37] /i wand of decay
[05/12/2015 01:45:49] /i wand of draconia
[05/12/2015 01:45:56] /i wand of cosmic energy
[05/12/2015 01:46:00] /i wand of inferno
[05/12/2015 01:46:08] /i magic sulphur
[05/12/2015 01:46:14] /i soul stone
[05/12/2015 01:46:18] /i ankh
[05/12/2015 01:46:19] /i ankh
[05/12/2015 01:46:20] /i ankh
[05/12/2015 01:46:21] /i ankh
[05/12/2015 01:46:21] /i ankh
[05/12/2015 01:46:22] /i ankh
[05/12/2015 01:46:23] /i ankh
[05/12/2015 01:46:23] /i ankh
[05/12/2015 01:46:24] /i ankh
[05/12/2015 01:46:25] /i ankh
[05/12/2015 01:46:26] /i ankh
[05/12/2015 01:46:26] /i ankh
[05/12/2015 01:46:27] /i ankh
[05/12/2015 01:46:28] /i ankh
[05/12/2015 01:46:29] /i ankh
[05/12/2015 01:46:30] /i ankh
[05/12/2015 01:46:30] /i ankh
[05/12/2015 01:46:33] /i ankh
[05/12/2015 01:46:34] /i ankh
[05/12/2015 01:46:35] /i ankh
[05/12/2015 01:46:50] /r
[05/12/2015 01:46:55] /i backpack
[05/12/2015 01:58:58] /m king knight
[05/12/2015 01:59:12] /m king knight
[05/12/2015 01:59:12] /m king knight
[05/12/2015 01:59:13] /m king knight
[05/12/2015 01:59:13] /m king knight
[05/12/2015 01:59:14] /m king knight
[05/12/2015 01:59:15] /a 2
[05/12/2015 01:59:35] /m king knight
[05/12/2015 01:59:36] /m king knight
[05/12/2015 01:59:37] /m king knight
[05/12/2015 01:59:37] /m king knight
[05/12/2015 01:59:38] /m king knight
[05/12/2015 01:59:42] /a 2
[05/12/2015 01:59:49] /attr set attack 9999999999999
[05/12/2015 01:59:57] /a 2
[05/12/2015 02:00:14] /m king knight
[05/12/2015 02:00:14] /m king knight
[05/12/2015 02:00:15] /m king knight
[05/12/2015 02:00:15] /m king knight
[05/12/2015 02:00:16] /m king knight
[05/12/2015 02:01:23] /reload monster
[05/12/2015 02:01:31] /m king knight
[05/12/2015 02:01:32] /m king knight
[05/12/2015 02:01:32] /m king knight
[05/12/2015 02:01:33] /m king knight
[05/12/2015 02:01:34] /m king knight
[05/12/2015 02:01:52] /m king knight
[05/12/2015 02:01:52] /m king knight
[05/12/2015 02:01:53] /m king knight
[05/12/2015 02:01:53] /m king knight
[05/12/2015 02:01:54] /m king knight
[05/12/2015 02:02:51] /reload monster
[05/12/2015 02:02:55] /m king knight
[05/12/2015 02:02:56] /m king knight
[05/12/2015 02:02:56] /m king knight
[05/12/2015 02:02:57] /m king knight
[05/12/2015 02:02:57] /m king knight
[05/12/2015 02:03:20] /reload monster
[05/12/2015 02:04:01] /m king minotaur
[05/12/2015 02:04:41] /m king magician
[05/12/2015 02:09:52] /n comerciante
[05/12/2015 02:10:54] /a
[05/12/2015 02:10:56] /ghost
[05/12/2015 02:15:30] /a
[05/12/2015 02:19:30] /reload npc
[05/12/2015 02:19:58] /a
[05/12/2015 02:20:23] /i 12288
[05/12/2015 02:20:49] /r
[05/12/2015 02:23:54] /i 8306
[05/12/2015 02:32:41] /a 2
[05/12/2015 02:32:44] /a 2
[05/12/2015 02:35:20] /i 8641
[05/12/2015 02:36:01] /ghost
[05/12/2015 02:36:40] /i 8668
[05/12/2015 02:36:50] /r
[05/12/2015 02:37:03] /i 8669
[05/12/2015 02:37:23] /i 8645
[05/12/2015 02:37:26] /i 8643
[05/12/2015 02:37:27] /a
[05/12/2015 02:37:28] /a
[05/12/2015 02:49:07] /i 1485
[05/12/2015 02:49:23] /i pedra de refinamento
[05/12/2015 02:49:54] /i 8310
[05/12/2015 02:50:27] /i 8305
[05/12/2015 02:51:21] /i 8299
[05/12/2015 02:51:37] /i 8298
[05/12/2015 02:52:37] /i pergaminho de forja
[05/12/2015 02:58:37] /r
[05/12/2015 02:58:38] /r
[05/12/2015 02:58:43] /r all
[05/12/2015 02:58:47] /r all
[05/12/2015 02:58:47] /r all
[05/12/2015 02:58:48] /r all
[05/12/2015 02:58:49] /r all
[05/12/2015 02:58:50] /r all
[05/12/2015 02:58:58] /i 9614
[05/12/2015 02:59:58] /save
[05/12/2015 03:04:01] /r
[05/12/2015 03:04:09] /i 9614
[05/12/2015 03:04:13] /r
[05/12/2015 03:04:38] /reload npc
[05/12/2015 03:10:28] /r
[05/12/2015 03:11:42] /a 2
[05/12/2015 03:11:43] /a 2
[05/12/2015 03:16:48] /reload actions
[05/12/2015 03:17:03] /i gold nugget
[05/12/2015 03:21:30] /reload actions
[05/12/2015 03:26:19] /a
[05/12/2015 03:26:25] /a
[05/12/2015 03:28:17] /reload actions
[05/12/2015 03:30:25] /i stamina potion
[05/12/2015 03:33:27] /a
[05/12/2015 03:33:28] /a
[05/12/2015 03:33:45] /a 2
[05/12/2015 03:33:51] /save
[05/12/2015 03:37:48] /i gold nugget
[05/12/2015 03:38:04] /r all
[05/12/2015 03:40:58] /i addon doll
[05/12/2015 03:43:01] /i addon doll
[05/12/2015 03:43:14] /i addon doll
[05/12/2015 03:46:54] /i addon doll
[05/12/2015 03:51:07] /save
[05/12/2015 12:39:18] /t
[05/12/2015 12:39:20] /ghost
[05/12/2015 13:15:16] /reload globalevents
[05/12/2015 13:35:06] /a
[05/12/2015 13:36:17] /i lethal lissy's shirt
[05/12/2015 13:36:27] /r
[05/12/2015 13:40:59] /a
[05/12/2015 13:50:23] /reload npc
[05/12/2015 13:50:58] /reload npc
[05/12/2015 13:51:32] /a
[05/12/2015 13:53:18] /a
[05/12/2015 14:22:42] /r
[05/12/2015 14:22:43] /r
[05/12/2015 14:22:44] /r
[05/12/2015 14:22:45] /r
[05/12/2015 14:22:50] /r
[05/12/2015 14:22:54] /r
[05/12/2015 14:23:00] /r
[05/12/2015 14:23:14] /r all
[05/12/2015 14:23:18] /r
[05/12/2015 14:23:28] /r all
[05/12/2015 14:23:50] /r all
[05/12/2015 14:27:20] /t
[05/12/2015 14:41:41] /t
[05/12/2015 14:41:45] /a
[05/12/2015 14:49:32] /reload monster
[05/12/2015 14:49:45] /m king carniphila
[05/12/2015 14:49:48] /m king carniphila
[05/12/2015 14:49:58] /i sword
[05/12/2015 14:50:08] /attr attack 900000
[05/12/2015 14:50:21] /attr set attack 900000
[05/12/2015 14:50:34] /r
[05/12/2015 14:50:36] /r
[05/12/2015 14:50:37] /r
[05/12/2015 14:50:38] /r
[05/12/2015 14:51:48] /reload monster
[05/12/2015 14:51:58] /m king carniphila
[05/12/2015 14:51:59] /m king carniphila
[05/12/2015 14:51:59] /m king carniphila
[05/12/2015 14:52:00] /m king carniphila
[05/12/2015 14:52:01] /m king carniphila
[05/12/2015 14:52:02] /m king carniphila
[05/12/2015 14:52:14] /r
[05/12/2015 14:52:15] /r
[05/12/2015 14:52:16] /r
[05/12/2015 14:52:17] /r
[05/12/2015 14:52:18] /r
[05/12/2015 14:52:19] /r
[05/12/2015 14:52:19] /r
[05/12/2015 14:52:20] /r
[05/12/2015 14:52:21] /r
[05/12/2015 14:52:22] /r
[05/12/2015 14:52:23] /r
[05/12/2015 14:52:24] /r
[05/12/2015 14:52:30] /m king carniphila
[05/12/2015 14:52:31] /m king carniphila
[05/12/2015 14:52:32] /m king carniphila
[05/12/2015 14:52:42] /r
[05/12/2015 14:52:43] /r
[05/12/2015 14:52:43] /r
[05/12/2015 14:52:44] /r
[05/12/2015 14:52:45] /r
[05/12/2015 14:52:46] /r
[05/12/2015 14:53:01] /i 5015
[05/12/2015 14:53:05] /r
[05/12/2015 14:53:32] /m king carniphila
[05/12/2015 14:53:32] /m king carniphila
[05/12/2015 14:53:33] /m king carniphila
[05/12/2015 14:53:34] /m king carniphila
[05/12/2015 14:53:34] /m king carniphila
[05/12/2015 14:53:35] /m king carniphila
[05/12/2015 14:53:58] /reload monster
[05/12/2015 14:54:02] /m king carniphila
[05/12/2015 14:54:02] /m king carniphila
[05/12/2015 14:54:02] /m king carniphila
[05/12/2015 14:54:03] /m king carniphila
[05/12/2015 14:54:03] /m king carniphila
[05/12/2015 14:54:04] /m king carniphila
[05/12/2015 14:54:05] /m king carniphila
[05/12/2015 14:54:25] /reload monster
[05/12/2015 14:54:28] /m king carniphila
[05/12/2015 14:54:28] /m king carniphila
[05/12/2015 14:54:29] /m king carniphila
[05/12/2015 14:54:29] /m king carniphila
[05/12/2015 14:54:30] /m king carniphila
[05/12/2015 14:54:30] /m king carniphila
[05/12/2015 14:54:31] /m king carniphila
[05/12/2015 14:54:31] /m king carniphila
[05/12/2015 14:54:32] /m king carniphila
[05/12/2015 14:56:03] /r
[05/12/2015 15:00:17] /i 2184
[05/12/2015 15:00:46] /r
[05/12/2015 15:00:55] /t
[05/12/2015 15:02:44] /a
[05/12/2015 15:26:18] /a
[05/12/2015 15:27:55] /i 3985
[05/12/2015 15:27:57] /i machete
[05/12/2015 15:28:22] /i 2782
[05/12/2015 15:28:28] /r
[05/12/2015 15:28:29] /r
[05/12/2015 15:29:49] /a
[05/12/2015 15:32:45] /a
[05/12/2015 15:50:04] /t
[05/12/2015 15:50:12] /a
[05/12/2015 15:55:11] /reload monster
[05/12/2015 15:55:44] /reload monster
[05/12/2015 15:55:55] /m king pirate
[05/12/2015 15:56:07] /m king pirate
[05/12/2015 15:56:08] /m king pirate
[05/12/2015 15:56:08] /m king pirate
[05/12/2015 15:56:09] /m king pirate
[05/12/2015 15:56:09] /m king pirate
[05/12/2015 15:56:11] /m king pirate
[05/12/2015 15:56:39] /r
[05/12/2015 15:56:40] /r
[05/12/2015 15:56:42] /r
[05/12/2015 15:56:43] /r
[05/12/2015 15:56:43] /r
[05/12/2015 15:56:44] /r
[05/12/2015 15:56:45] /r
[05/12/2015 15:56:46] /r
[05/12/2015 15:56:48] /r
[05/12/2015 15:56:48] /r
[05/12/2015 15:56:51] /r
[05/12/2015 15:56:51] /r
[05/12/2015 16:07:00] /t
[05/12/2015 16:07:03] /a
[05/12/2015 16:24:32] /reload npc
[05/12/2015 17:03:11] /reload monster
[05/12/2015 17:11:32] /bc red, Vou dar save e reiniciar o server para algumas atualizações, dentro de  1~2minuntos no máximo o ot ta de volta.
[05/12/2015 17:11:36] /bc red, Vou dar save e reiniciar o server para algumas atualizações, dentro de  1~2minuntos no máximo o ot ta de volta.
[05/12/2015 17:11:39] /save
[05/12/2015 17:13:34] /a 2
[05/12/2015 17:13:35] /a 2
[05/12/2015 17:13:36] /a 2
[05/12/2015 17:13:38] /a 2
[05/12/2015 17:14:13] /t
[05/12/2015 17:15:52] /t
[05/12/2015 17:15:56] /a
[05/12/2015 17:16:18] /a
[05/12/2015 17:29:10] /reload monster
[05/12/2015 17:29:27] /attr health 200000
[05/12/2015 17:29:39] /attr health 175000
[05/12/2015 17:29:47] /attr health 230000
[05/12/2015 17:31:59] /c [CM] Bananinha
[05/12/2015 17:32:14] /c [CM] Bananinha
[05/12/2015 17:32:18] /a
[05/12/2015 17:32:23] /a 2
[05/12/2015 17:32:27] /a 2
[05/12/2015 17:32:28] /a 2
[05/12/2015 17:32:56] /t
[05/12/2015 17:33:25] /t
[05/12/2015 17:35:43] /t
[05/12/2015 17:35:48] /a
[05/12/2015 17:36:39] /a
[05/12/2015 17:39:03] /a
[05/12/2015 22:13:17] /reload actions
[05/12/2015 22:14:04] /a 5
[05/12/2015 22:14:05] /a 5
[05/12/2015 22:14:05] /a 5
[05/12/2015 22:14:07] /a 5
[05/12/2015 22:14:07] /a 5
[05/12/2015 22:14:08] /a 5
[05/12/2015 22:14:08] /a 5
[05/12/2015 22:14:09] /a 5
[05/12/2015 22:14:09] /a 5
[05/12/2015 22:14:10] /a 5
[05/12/2015 22:14:11] /a 5
[05/12/2015 22:14:11] /a 5
[05/12/2015 22:14:12] /a 5
[05/12/2015 22:14:12] /a 5
[05/12/2015 22:14:13] /a 5
[05/12/2015 22:14:13] /a 5
[05/12/2015 22:14:14] /a 5
[05/12/2015 22:14:14] /a 5
[05/12/2015 22:14:15] /a 5
[05/12/2015 22:14:15] /a 5
[05/12/2015 22:14:16] /a 5
[05/12/2015 22:14:35] /a 5
[05/12/2015 22:14:37] /a 5
[05/12/2015 22:14:37] /a 5
[05/12/2015 22:15:18] /up
[05/12/2015 22:15:23] /a 2
[05/12/2015 22:20:05] /a 4
[05/12/2015 22:20:06] /a 4
[05/12/2015 22:20:07] /a 4
[05/12/2015 22:20:07] /a 4
[05/12/2015 22:20:08] /a 4
[05/12/2015 22:22:49] /reload actions
[05/12/2015 22:23:00] /r
[05/12/2015 22:23:16] /t
[05/12/2015 22:23:25] /save
[05/12/2015 22:24:55] /a 5
[05/12/2015 22:24:56] /a 5
[05/12/2015 22:24:58] /a 10
[05/12/2015 22:24:59] /a 10
[05/12/2015 22:25:00] /a 10
[05/12/2015 22:25:00] /a 10
[05/12/2015 22:25:00] /a 10
[05/12/2015 22:25:01] /a 10
[05/12/2015 22:25:02] /a 10
[05/12/2015 22:25:03] /a 10
[05/12/2015 22:25:04] /a 10
[05/12/2015 22:25:04] /a 10
[05/12/2015 22:25:07] /a 4
[05/12/2015 22:28:58] /a 4
[05/12/2015 22:28:59] /a 4
[05/12/2015 22:28:59] /a 4
[05/12/2015 22:29:00] /a 4
[05/12/2015 22:29:01] /a 4
[05/12/2015 22:29:41] /i 1946
[05/12/2015 22:29:42] /r
[05/12/2015 22:31:27] /a 5
[05/12/2015 22:31:28] /a 5
[05/12/2015 22:31:28] /a 5
[05/12/2015 22:31:30] /a 5
[05/12/2015 22:31:36] /r
[05/12/2015 22:31:37] /r
[05/12/2015 22:32:26] /a 5
[05/12/2015 22:32:26] /a 5
[05/12/2015 22:32:26] /a 5
[05/12/2015 22:32:27] /a 5
[05/12/2015 22:32:35] /a 5
[05/12/2015 22:32:35] /a 5
[05/12/2015 22:32:36] /a 5
[05/12/2015 22:32:36] /a 5
[05/12/2015 22:32:38] /a
[05/12/2015 22:43:55] /t
[05/12/2015 22:44:31] /goto huka
[05/12/2015 22:50:51] /ghost
[05/12/2015 22:51:31] /i 1397
[05/12/2015 22:51:34] /r
[05/12/2015 23:16:08] /ghost
[05/12/2015 23:16:11] /newtype 336
[05/12/2015 23:19:10] /t
[05/12/2015 23:24:48] /a 2
[05/12/2015 23:24:50] /a 3
[05/12/2015 23:27:52] /save
[05/12/2015 23:35:29] /reload actions
[05/12/2015 23:35:57] /up
[05/12/2015 23:36:38] /a
[05/12/2015 23:36:41] /i 8047
[05/12/2015 23:39:33] /i 10978
[05/12/2015 23:39:36] /r
[05/12/2015 23:39:37] /r
[05/12/2015 23:39:44] /i 4395
[05/12/2015 23:39:50] /i 10978
[05/12/2015 23:39:57] /r
[05/12/2015 23:49:22] /a 2
[05/12/2015 23:49:28] /a 5
[05/12/2015 23:49:29] /a 5
[05/12/2015 23:49:29] /a 5
[05/12/2015 23:49:30] /a 5
[05/12/2015 23:49:31] /a 5
[05/12/2015 23:49:31] /a 5
[05/12/2015 23:49:32] /a 5
[05/12/2015 23:49:32] /a 5
[05/12/2015 23:49:33] /a 5
[05/12/2015 23:49:34] /a 5
[05/12/2015 23:49:34] /a 5
[05/12/2015 23:49:35] /a 5
[05/12/2015 23:49:36] /a 5
[05/12/2015 23:49:51] /a 5
[05/12/2015 23:49:52] /a 5
[05/12/2015 23:49:53] /a 5
[05/12/2015 23:49:55] /a 5
[05/12/2015 23:51:19] /reload actions
[05/12/2015 23:53:29] /a 3
[05/12/2015 23:53:32] /a 3
[05/12/2015 23:53:33] /a 3
[05/12/2015 23:53:33] /a 3
[05/12/2015 23:53:34] /a 3
[05/12/2015 23:53:35] /a 3
[05/12/2015 23:57:23] /a 5
[05/12/2015 23:57:24] /a 5
[05/12/2015 23:57:24] /a 5
[05/12/2015 23:57:26] /a 5
[05/12/2015 23:58:23] /t
[05/12/2015 23:58:33] /a
[05/12/2015 23:58:52] /a
[06/12/2015 00:11:14] /a
[06/12/2015 00:55:48] /a
[06/12/2015 00:55:49] /a
[06/12/2015 01:27:20] /a 3
[06/12/2015 01:27:25] /a 3
[06/12/2015 01:27:25] /a 3
[06/12/2015 01:27:27] /up
[06/12/2015 01:27:29] /up
[06/12/2015 01:33:48] /m king knight
[06/12/2015 01:33:49] /m king knight
[06/12/2015 01:33:49] /m king knight
[06/12/2015 01:33:58] /m king knight
[06/12/2015 01:33:59] /m king knight
[06/12/2015 01:33:59] /m king knight
[06/12/2015 01:34:00] /m king knight
[06/12/2015 01:34:00] /m king knight
[06/12/2015 01:34:01] /m king knight
[06/12/2015 01:34:24] /m king magician
[06/12/2015 01:34:25] /m king magician
[06/12/2015 01:34:26] /m king magician
[06/12/2015 01:34:26] /m king magician
[06/12/2015 01:35:46] /r
[06/12/2015 01:35:47] /r
[06/12/2015 01:35:52] /clean
[06/12/2015 01:35:53] /t
[06/12/2015 01:36:42] /m king pirate
[06/12/2015 01:36:43] /m king pirate
[06/12/2015 01:36:43] /m king pirate
[06/12/2015 02:09:02] /t
[06/12/2015 02:50:43] /a
