[04/12/2015 15:49:18] /ghost
[04/12/2015 15:50:12] /ghost
[04/12/2015 15:50:28] /ghost
[04/12/2015 15:50:30] /ghost
[04/12/2015 15:52:09] /i 2160
[04/12/2015 15:56:05] /a 2
[04/12/2015 15:56:56] /i 7838
[04/12/2015 15:57:14] /i 8855
[04/12/2015 15:58:01] /i 3982
[04/12/2015 15:58:13] /i 2505
[04/12/2015 15:58:41] /i 2469
[04/12/2015 15:58:56] /i 2343
[04/12/2015 15:59:28] /t
[04/12/2015 16:02:31] /i 2157
[04/12/2015 16:02:31] /i 2157
[04/12/2015 16:02:32] /i 2157
[04/12/2015 16:02:33] /i 2157
[04/12/2015 16:02:33] /i 2157
[04/12/2015 16:02:34] /i 2157
[04/12/2015 16:02:34] /i 2157
[04/12/2015 16:02:36] /i 2157
[04/12/2015 16:02:36] /i 2157
[04/12/2015 16:02:37] /i 2157
[04/12/2015 16:02:37] /i 2157
[04/12/2015 16:02:39] /i 2157
[04/12/2015 16:02:40] /i 2157
[04/12/2015 16:03:26] /i 2157
[04/12/2015 16:03:26] /i 2157
[04/12/2015 16:03:26] /i 2157
[04/12/2015 16:03:27] /i 2157
[04/12/2015 16:03:27] /i 2157
[04/12/2015 16:03:38] /i 2157
[04/12/2015 16:03:38] /i 2157
[04/12/2015 16:09:23] /a 2
[04/12/2015 16:09:24] /a 2
[04/12/2015 16:09:25] /a 2
[04/12/2015 16:09:28] /a 2
[04/12/2015 16:09:28] /a 2
[04/12/2015 16:11:14] /bc red Qualquer duvida estamos no help
[04/12/2015 16:12:11] /i 2157
[04/12/2015 16:12:15] /ghost
[04/12/2015 16:12:16] /ghost
[04/12/2015 16:18:46] /ghost
[04/12/2015 16:18:47] /ghost
[04/12/2015 16:20:51] /ghost
[04/12/2015 16:21:44] /ghost
[04/12/2015 16:23:39] /t [ADM] Victor
[04/12/2015 16:26:12] /m rotworm
[04/12/2015 16:26:24] /m exp bug
[04/12/2015 16:53:24] /a 2
[04/12/2015 16:53:42] /i 7735
[04/12/2015 16:53:56] /i 7460
[04/12/2015 16:54:30] /i 2508
[04/12/2015 16:55:28] /a 2
[04/12/2015 16:55:34] /a 2
[04/12/2015 16:55:34] /a 2
[04/12/2015 16:55:34] /a 2
[04/12/2015 16:55:36] /a 2
[04/12/2015 16:55:36] /a 2
[04/12/2015 16:55:36] /a 2
[04/12/2015 16:55:36] /a 2
[04/12/2015 16:55:37] /a 2
[04/12/2015 16:55:37] /a 2
[04/12/2015 16:55:38] /a 2
[04/12/2015 16:55:38] /a 2
[04/12/2015 16:55:39] /a 2
[04/12/2015 16:55:40] /a 2
[04/12/2015 16:55:40] /a 2
[04/12/2015 16:55:41] /a 2
[04/12/2015 16:56:05] /i 12288
[04/12/2015 16:58:41] /m king minotaur
[04/12/2015 16:58:54] /r
[04/12/2015 16:58:55] /r
[04/12/2015 17:02:04] /a 2
[04/12/2015 17:02:04] /a 2
[04/12/2015 17:02:05] /a 2
[04/12/2015 17:02:05] /a 2
[04/12/2015 17:02:05] /a 2
[04/12/2015 17:02:06] /a 2
[04/12/2015 17:02:06] /a 2
[04/12/2015 17:02:06] /a 2
[04/12/2015 17:02:07] /a 2
[04/12/2015 17:02:07] /a 2
[04/12/2015 17:02:07] /a 2
[04/12/2015 17:02:09] /a 2
[04/12/2015 17:02:09] /a 2
[04/12/2015 17:02:09] /a 2
[04/12/2015 17:02:10] /a 2
[04/12/2015 17:02:10] /a 2
[04/12/2015 17:02:10] /a 2
[04/12/2015 17:02:10] /a 2
[04/12/2015 17:02:10] /a 2
[04/12/2015 17:02:11] /a 2
[04/12/2015 17:02:11] /a 2
[04/12/2015 17:02:11] /a 2
[04/12/2015 17:02:11] /a 2
[04/12/2015 17:02:11] /a 2
[04/12/2015 17:02:12] /a 2
[04/12/2015 17:02:12] /a 2
[04/12/2015 17:02:12] /a 2
[04/12/2015 17:02:12] /a 2
[04/12/2015 17:02:12] /a 2
[04/12/2015 17:02:13] /a 2
[04/12/2015 17:02:26] /a 4
[04/12/2015 17:02:31] /a 4
[04/12/2015 17:02:38] /a 4
[04/12/2015 17:02:38] /a 4
[04/12/2015 17:02:39] /a 4
[04/12/2015 17:02:39] /a 4
[04/12/2015 17:02:39] /a 4
[04/12/2015 17:03:01] /a 2
[04/12/2015 17:03:07] /a 2
[04/12/2015 17:03:07] /a 2
[04/12/2015 17:03:08] /a 2
[04/12/2015 17:03:08] /a 2
[04/12/2015 17:03:08] /a 2
[04/12/2015 17:03:08] /a 2
[04/12/2015 17:03:08] /a 2
[04/12/2015 17:03:08] /a 2
[04/12/2015 17:03:09] /a 2
[04/12/2015 17:03:09] /a 2
[04/12/2015 17:03:09] /a 2
[04/12/2015 17:03:09] /a 2
[04/12/2015 17:03:10] /a 2
[04/12/2015 17:03:10] /a 2
[04/12/2015 17:03:10] /a 2
[04/12/2015 17:03:10] /a 2
[04/12/2015 17:03:10] /a 2
[04/12/2015 17:03:10] /a 2
[04/12/2015 17:03:11] /a 2
[04/12/2015 17:03:11] /a 2
[04/12/2015 17:03:11] /a 2
[04/12/2015 17:03:11] /a 2
[04/12/2015 17:03:12] /a 2
[04/12/2015 17:03:12] /a 2
[04/12/2015 17:03:12] /a 2
[04/12/2015 17:03:12] /a 2
[04/12/2015 17:03:13] /a 2
[04/12/2015 17:03:13] /a 2
[04/12/2015 17:03:14] /a 2
[04/12/2015 17:04:56] /a 2
[04/12/2015 17:05:15] /r
[04/12/2015 17:05:16] /r
[04/12/2015 17:05:39] /a 2
[04/12/2015 17:06:21] /a 2
[04/12/2015 17:06:29] /a 2
[04/12/2015 17:14:28] /a 2
[04/12/2015 17:14:30] /a 2
[04/12/2015 17:14:31] /a 2
[04/12/2015 17:14:32] /a 2
[04/12/2015 17:14:33] /a 2
[04/12/2015 17:14:51] /i 2157
[04/12/2015 17:20:08] /m infernatil
[04/12/2015 17:20:23] /r
[04/12/2015 17:20:26] /r
[04/12/2015 17:20:26] /r
[04/12/2015 17:21:06] /a 2
[04/12/2015 17:23:33] /r
[04/12/2015 17:23:34] /r
[04/12/2015 17:23:37] /r
[04/12/2015 17:23:40] /r
[04/12/2015 17:23:42] /r
[04/12/2015 17:23:43] /r
[04/12/2015 17:23:49] /a 2
[04/12/2015 17:23:50] /a 2
[04/12/2015 17:23:50] /r
[04/12/2015 17:23:51] /a 2
[04/12/2015 17:23:51] /a 2
[04/12/2015 17:23:52] /a 2
[04/12/2015 17:23:52] /a 2
[04/12/2015 17:23:52] /a 2
[04/12/2015 17:23:52] /a 2
[04/12/2015 17:23:53] /a 2
[04/12/2015 17:23:53] /a 2
[04/12/2015 17:23:53] /a 2
[04/12/2015 17:23:53] /a 2
[04/12/2015 17:23:53] /a 2
[04/12/2015 17:23:53] /a 2
[04/12/2015 17:23:53] /a 2
[04/12/2015 17:23:53] /a 2
[04/12/2015 17:23:53] /a 2
[04/12/2015 17:23:53] /a 2
[04/12/2015 17:23:53] /a 2
[04/12/2015 17:23:53] /a 2
[04/12/2015 17:23:53] /a 2
[04/12/2015 17:23:53] /a 2
[04/12/2015 17:23:53] /a 2
[04/12/2015 17:23:53] /a 2
[04/12/2015 17:23:53] /a 2
[04/12/2015 17:23:53] /a 2
[04/12/2015 17:23:53] /a 2
[04/12/2015 17:23:53] /a 2
[04/12/2015 17:23:53] /a 2
[04/12/2015 17:23:53] /a 2
[04/12/2015 17:23:53] /a 2
[04/12/2015 17:23:53] /a 2
[04/12/2015 17:23:54] /a 2
[04/12/2015 17:23:54] /a 2
[04/12/2015 17:23:54] /a 2
[04/12/2015 17:23:55] /a 2
[04/12/2015 17:23:56] /a 2
[04/12/2015 17:23:56] /a 2
[04/12/2015 17:23:56] /a 2
[04/12/2015 17:23:56] /a 2
[04/12/2015 17:23:56] /a 2
[04/12/2015 17:23:56] /a 2
[04/12/2015 17:23:56] /a 2
[04/12/2015 17:23:56] /a 2
[04/12/2015 17:23:56] /a 2
[04/12/2015 17:23:56] /a 2
[04/12/2015 17:23:56] /a 2
[04/12/2015 17:23:56] /a 2
[04/12/2015 17:23:56] /a 2
[04/12/2015 17:23:56] /a 2
[04/12/2015 17:23:56] /a 2
[04/12/2015 17:23:56] /a 2
[04/12/2015 17:23:56] /a 2
[04/12/2015 17:23:56] /a 2
[04/12/2015 17:23:56] /a 2
[04/12/2015 17:23:56] /a 2
[04/12/2015 17:23:56] /a 2
[04/12/2015 17:23:56] /a 2
[04/12/2015 17:23:56] /a 2
[04/12/2015 17:23:57] /a 2
[04/12/2015 17:23:57] /a 2
[04/12/2015 17:23:57] /a 2
[04/12/2015 17:23:57] /a 2
[04/12/2015 17:23:57] /a 2
[04/12/2015 17:23:57] /a 2
[04/12/2015 17:23:57] /a 2
[04/12/2015 17:23:57] /a 2
[04/12/2015 17:23:57] /a 2
[04/12/2015 17:23:57] /a 2
[04/12/2015 17:23:57] /a 2
[04/12/2015 17:23:57] /a 2
[04/12/2015 17:23:57] /a 2
[04/12/2015 17:23:57] /a 2
[04/12/2015 17:23:57] /a 2
[04/12/2015 17:23:57] /a 2
[04/12/2015 17:23:57] /a 2
[04/12/2015 17:23:57] /a 2
[04/12/2015 17:23:57] /a 2
[04/12/2015 17:23:57] /a 2
[04/12/2015 17:23:57] /a 2
[04/12/2015 17:23:57] /a 2
[04/12/2015 17:23:57] /a 2
[04/12/2015 17:23:58] /a 2
[04/12/2015 17:23:58] /a 2
[04/12/2015 17:23:58] /a 2
[04/12/2015 17:23:58] /a 2
[04/12/2015 17:23:58] /a 2
[04/12/2015 17:23:58] /a 2
[04/12/2015 17:23:58] /a 2
[04/12/2015 17:23:58] /a 2
[04/12/2015 17:23:58] /a 2
[04/12/2015 17:23:58] /a 2
[04/12/2015 17:23:58] /a 2
[04/12/2015 17:23:58] /a 2
[04/12/2015 17:23:58] /a 2
[04/12/2015 17:23:58] /a 2
[04/12/2015 17:23:58] /a 2
[04/12/2015 17:23:58] /a 2
[04/12/2015 17:23:58] /a 2
[04/12/2015 17:23:58] /a 2
[04/12/2015 17:23:58] /a 2
[04/12/2015 17:23:58] /a 2
[04/12/2015 17:23:58] /a 2
[04/12/2015 17:23:58] /a 2
[04/12/2015 17:23:58] /a 2
[04/12/2015 17:23:58] /a 2
[04/12/2015 17:23:59] /a 2
[04/12/2015 17:23:59] /a 2
[04/12/2015 17:23:59] /a 2
[04/12/2015 17:23:59] /a 2
[04/12/2015 17:23:59] /a 2
[04/12/2015 17:23:59] /a 2
[04/12/2015 17:23:59] /a 2
[04/12/2015 17:23:59] /a 2
[04/12/2015 17:23:59] /a 2
[04/12/2015 17:23:59] /a 2
[04/12/2015 17:23:59] /a 2
[04/12/2015 17:23:59] /a 2
[04/12/2015 17:23:59] /a 2
[04/12/2015 17:23:59] /a 2
[04/12/2015 17:23:59] /a 2
[04/12/2015 17:23:59] /a 2
[04/12/2015 17:23:59] /a 2
[04/12/2015 17:23:59] /a 2
[04/12/2015 17:23:59] /a 2
[04/12/2015 17:23:59] /a 2
[04/12/2015 17:23:59] /a 2
[04/12/2015 17:23:59] /a 2
[04/12/2015 17:23:59] /a 2
[04/12/2015 17:23:59] /a 2
[04/12/2015 17:23:59] /a 2
[04/12/2015 17:24:00] /a 2
[04/12/2015 17:24:00] /a 2
[04/12/2015 17:24:00] /a 2
[04/12/2015 17:24:00] /a 2
[04/12/2015 17:24:00] /a 2
[04/12/2015 17:24:00] /a 2
[04/12/2015 17:24:00] /a 2
[04/12/2015 17:24:00] /a 2
[04/12/2015 17:24:00] /a 2
[04/12/2015 17:24:00] /a 2
[04/12/2015 17:24:00] /a 2
[04/12/2015 17:24:00] /a 2
[04/12/2015 17:24:00] /a 2
[04/12/2015 17:24:00] /a 2
[04/12/2015 17:24:00] /a 2
[04/12/2015 17:24:00] /a 2
[04/12/2015 17:24:00] /a 2
[04/12/2015 17:24:00] /a 2
[04/12/2015 17:24:00] /a 2
[04/12/2015 17:24:00] /a 2
[04/12/2015 17:24:00] /a 2
[04/12/2015 17:24:00] /a 2
[04/12/2015 17:24:00] /a 2
[04/12/2015 17:24:00] /a 2
[04/12/2015 17:24:01] /a 2
[04/12/2015 17:24:01] /a 2
[04/12/2015 17:24:01] /a 2
[04/12/2015 17:24:01] /a 2
[04/12/2015 17:24:01] /a 2
[04/12/2015 17:24:01] /a 2
[04/12/2015 17:24:01] /a 2
[04/12/2015 17:24:01] /a 2
[04/12/2015 17:24:01] /a 2
[04/12/2015 17:24:01] /a 2
[04/12/2015 17:24:01] /a 2
[04/12/2015 17:24:01] /a 2
[04/12/2015 17:24:01] /a 2
[04/12/2015 17:24:02] /a 2
[04/12/2015 17:24:02] /a 2
[04/12/2015 17:24:02] /a 2
[04/12/2015 17:24:02] /a 2
[04/12/2015 17:24:02] /a 2
[04/12/2015 17:24:02] /a 2
[04/12/2015 17:24:02] /a 2
[04/12/2015 17:24:02] /a 2
[04/12/2015 17:24:02] /a 2
[04/12/2015 17:24:03] /a 2
[04/12/2015 17:24:03] /a 2
[04/12/2015 17:24:03] /a 2
[04/12/2015 17:24:03] /a 2
[04/12/2015 17:24:03] /a 2
[04/12/2015 17:24:03] /a 2
[04/12/2015 17:24:03] /a 2
[04/12/2015 17:24:03] /a 2
[04/12/2015 17:24:03] /a 2
[04/12/2015 17:24:03] /a 2
[04/12/2015 17:24:03] /a 2
[04/12/2015 17:24:03] /a 2
[04/12/2015 17:24:03] /a 2
[04/12/2015 17:24:03] /a 2
[04/12/2015 17:24:03] /a 2
[04/12/2015 17:24:03] /a 2
[04/12/2015 17:24:03] /a 2
[04/12/2015 17:24:03] /a 2
[04/12/2015 17:24:03] /a 2
[04/12/2015 17:24:03] /a 2
[04/12/2015 17:24:03] /a 2
[04/12/2015 17:24:04] /a 2
[04/12/2015 17:24:06] /a 2
[04/12/2015 17:24:06] /a 2
[04/12/2015 17:24:09] /a 2
[04/12/2015 17:24:13] /a 2
[04/12/2015 17:24:14] /a 2
[04/12/2015 17:24:15] /a 2
[04/12/2015 17:24:15] /a 2
[04/12/2015 17:24:15] /a 2
[04/12/2015 17:24:15] /a 2
[04/12/2015 17:24:15] /a 2
[04/12/2015 17:24:15] /a 2
[04/12/2015 17:24:15] /a 2
[04/12/2015 17:24:15] /a 2
[04/12/2015 17:24:15] /a 2
[04/12/2015 17:24:15] /a 2
[04/12/2015 17:24:15] /a 2
[04/12/2015 17:24:15] /a 2
[04/12/2015 17:24:15] /a 2
[04/12/2015 17:24:15] /a 2
[04/12/2015 17:24:15] /a 2
[04/12/2015 17:24:15] /a 2
[04/12/2015 17:24:15] /a 2
[04/12/2015 17:24:15] /a 2
[04/12/2015 17:24:15] /a 2
[04/12/2015 17:24:15] /a 2
[04/12/2015 17:24:16] /a 2
[04/12/2015 17:24:16] /a 2
[04/12/2015 17:24:16] /a 2
[04/12/2015 17:24:16] /a 2
[04/12/2015 17:24:16] /a 2
[04/12/2015 17:24:16] /a 2
[04/12/2015 17:24:16] /a 2
[04/12/2015 17:24:16] /a 2
[04/12/2015 17:24:16] /a 2
[04/12/2015 17:24:16] /a 2
[04/12/2015 17:24:16] /a 2
[04/12/2015 17:24:16] /a 2
[04/12/2015 17:24:16] /a 2
[04/12/2015 17:24:16] /a 2
[04/12/2015 17:24:16] /a 2
[04/12/2015 17:24:16] /a 2
[04/12/2015 17:24:16] /a 2
[04/12/2015 17:24:16] /a 2
[04/12/2015 17:24:16] /a 2
[04/12/2015 17:24:16] /a 2
[04/12/2015 17:24:16] /a 2
[04/12/2015 17:24:16] /a 2
[04/12/2015 17:24:16] /a 2
[04/12/2015 17:24:16] /a 2
[04/12/2015 17:24:17] /a 2
[04/12/2015 17:24:17] /a 2
[04/12/2015 17:24:17] /a 2
[04/12/2015 17:24:17] /a 2
[04/12/2015 17:24:17] /a 2
[04/12/2015 17:24:17] /a 2
[04/12/2015 17:24:17] /a 2
[04/12/2015 17:24:17] /a 2
[04/12/2015 17:24:17] /a 2
[04/12/2015 17:24:17] /a 2
[04/12/2015 17:24:17] /a 2
[04/12/2015 17:24:17] /a 2
[04/12/2015 17:24:17] /a 2
[04/12/2015 17:24:17] /a 2
[04/12/2015 17:24:17] /a 2
[04/12/2015 17:24:17] /a 2
[04/12/2015 17:24:17] /a 2
[04/12/2015 17:24:17] /a 2
[04/12/2015 17:24:17] /a 2
[04/12/2015 17:24:17] /a 2
[04/12/2015 17:24:17] /a 2
[04/12/2015 17:24:17] /a 2
[04/12/2015 17:24:17] /a 2
[04/12/2015 17:24:17] /a 2
[04/12/2015 17:24:17] /a 2
[04/12/2015 17:24:18] /a 2
[04/12/2015 17:24:18] /a 2
[04/12/2015 17:24:18] /a 2
[04/12/2015 17:24:18] /a 2
[04/12/2015 17:24:18] /a 2
[04/12/2015 17:24:18] /a 2
[04/12/2015 17:24:18] /a 2
[04/12/2015 17:24:18] /a 2
[04/12/2015 17:24:18] /a 2
[04/12/2015 17:24:18] /a 2
[04/12/2015 17:24:18] /a 2
[04/12/2015 17:24:18] /a 2
[04/12/2015 17:24:18] /a 2
[04/12/2015 17:24:18] /a 2
[04/12/2015 17:24:18] /a 2
[04/12/2015 17:24:18] /a 2
[04/12/2015 17:24:18] /a 2
[04/12/2015 17:24:18] /a 2
[04/12/2015 17:24:18] /a 2
[04/12/2015 17:24:18] /a 2
[04/12/2015 17:24:18] /a 2
[04/12/2015 17:24:18] /a 2
[04/12/2015 17:24:18] /a 2
[04/12/2015 17:24:18] /a 2
[04/12/2015 17:24:19] /a 2
[04/12/2015 17:24:19] /a 2
[04/12/2015 17:24:19] /a 2
[04/12/2015 17:24:19] /a 2
[04/12/2015 17:24:19] /a 2
[04/12/2015 17:24:19] /a 2
[04/12/2015 17:24:19] /a 2
[04/12/2015 17:24:19] /a 2
[04/12/2015 17:24:19] /a 2
[04/12/2015 17:24:19] /a 2
[04/12/2015 17:24:19] /a 2
[04/12/2015 17:24:19] /a 2
[04/12/2015 17:24:19] /a 2
[04/12/2015 17:24:19] /a 2
[04/12/2015 17:24:20] /a 2
[04/12/2015 17:24:21] /a 2
[04/12/2015 17:24:21] /a 2
[04/12/2015 17:24:21] /a 2
[04/12/2015 17:24:21] /a 2
[04/12/2015 17:24:21] /a 2
[04/12/2015 17:24:21] /a 2
[04/12/2015 17:24:21] /a 2
[04/12/2015 17:24:21] /a 2
[04/12/2015 17:24:21] /a 2
[04/12/2015 17:24:21] /a 2
[04/12/2015 17:24:21] /a 2
[04/12/2015 17:24:21] /a 2
[04/12/2015 17:24:21] /a 2
[04/12/2015 17:24:21] /a 2
[04/12/2015 17:24:21] /a 2
[04/12/2015 17:24:21] /a 2
[04/12/2015 17:24:21] /a 2
[04/12/2015 17:24:22] /a 2
[04/12/2015 17:24:22] /a 2
[04/12/2015 17:24:22] /a 2
[04/12/2015 17:24:22] /a 2
[04/12/2015 17:24:22] /a 2
[04/12/2015 17:24:22] /a 2
[04/12/2015 17:24:22] /a 2
[04/12/2015 17:24:22] /a 2
[04/12/2015 17:24:22] /a 2
[04/12/2015 17:24:22] /a 2
[04/12/2015 17:24:22] /a 2
[04/12/2015 17:24:22] /a 2
[04/12/2015 17:24:22] /a 2
[04/12/2015 17:24:22] /a 2
[04/12/2015 17:24:22] /a 2
[04/12/2015 17:24:22] /a 2
[04/12/2015 17:24:22] /a 2
[04/12/2015 17:24:22] /a 2
[04/12/2015 17:24:22] /a 2
[04/12/2015 17:24:22] /a 2
[04/12/2015 17:24:22] /a 2
[04/12/2015 17:24:22] /a 2
[04/12/2015 17:24:22] /a 2
[04/12/2015 17:24:22] /a 2
[04/12/2015 17:24:22] /a 2
[04/12/2015 17:24:22] /a 2
[04/12/2015 17:24:23] /a 2
[04/12/2015 17:24:23] /a 2
[04/12/2015 17:24:23] /a 2
[04/12/2015 17:24:23] /a 2
[04/12/2015 17:24:23] /a 2
[04/12/2015 17:24:23] /a 2
[04/12/2015 17:24:23] /a 2
[04/12/2015 17:24:23] /a 2
[04/12/2015 17:24:23] /a 2
[04/12/2015 17:24:23] /a 2
[04/12/2015 17:24:23] /a 2
[04/12/2015 17:24:23] /a 2
[04/12/2015 17:24:23] /a 2
[04/12/2015 17:24:23] /a 2
[04/12/2015 17:24:23] /a 2
[04/12/2015 17:24:23] /a 2
[04/12/2015 17:24:23] /a 2
[04/12/2015 17:24:23] /a 2
[04/12/2015 17:24:23] /a 2
[04/12/2015 17:24:23] /a 2
[04/12/2015 17:24:23] /a 2
[04/12/2015 17:24:23] /a 2
[04/12/2015 17:24:23] /a 2
[04/12/2015 17:24:24] /a 2
[04/12/2015 17:24:24] /a 2
[04/12/2015 17:24:24] /a 2
[04/12/2015 17:24:24] /a 2
[04/12/2015 17:24:24] /a 2
[04/12/2015 17:24:24] /a 2
[04/12/2015 17:24:24] /a 2
[04/12/2015 17:24:24] /a 2
[04/12/2015 17:24:24] /a 2
[04/12/2015 17:24:24] /a 2
[04/12/2015 17:24:24] /a 2
[04/12/2015 17:24:24] /a 2
[04/12/2015 17:24:24] /a 2
[04/12/2015 17:24:24] /a 2
[04/12/2015 17:24:24] /a 2
[04/12/2015 17:24:24] /a 2
[04/12/2015 17:24:24] /a 2
[04/12/2015 17:24:24] /a 2
[04/12/2015 17:24:24] /a 2
[04/12/2015 17:24:24] /a 2
[04/12/2015 17:24:24] /a 2
[04/12/2015 17:24:24] /a 2
[04/12/2015 17:24:24] /a 2
[04/12/2015 17:24:24] /a 2
[04/12/2015 17:24:24] /a 2
[04/12/2015 17:24:25] /a 2
[04/12/2015 17:24:25] /a 2
[04/12/2015 17:24:25] /a 2
[04/12/2015 17:24:25] /a 2
[04/12/2015 17:24:25] /a 2
[04/12/2015 17:24:25] /a 2
[04/12/2015 17:24:25] /a 2
[04/12/2015 17:24:25] /a 2
[04/12/2015 17:24:25] /a 2
[04/12/2015 17:24:25] /a 2
[04/12/2015 17:24:25] /a 2
[04/12/2015 17:24:25] /a 2
[04/12/2015 17:24:25] /a 2
[04/12/2015 17:24:25] /a 2
[04/12/2015 17:24:25] /a 2
[04/12/2015 17:24:25] /a 2
[04/12/2015 17:24:25] /a 2
[04/12/2015 17:24:25] /a 2
[04/12/2015 17:24:25] /a 2
[04/12/2015 17:24:25] /a 2
[04/12/2015 17:24:25] /a 2
[04/12/2015 17:24:25] /a 2
[04/12/2015 17:24:25] /a 2
[04/12/2015 17:24:25] /a 2
[04/12/2015 17:24:25] /a 2
[04/12/2015 17:24:26] /a 2
[04/12/2015 17:24:26] /a 2
[04/12/2015 17:24:26] /a 2
[04/12/2015 17:24:26] /a 2
[04/12/2015 17:24:26] /a 2
[04/12/2015 17:24:26] /a 2
[04/12/2015 17:24:26] /a 2
[04/12/2015 17:24:26] /a 2
[04/12/2015 17:24:26] /a 2
[04/12/2015 17:24:26] /a 2
[04/12/2015 17:24:26] /a 2
[04/12/2015 17:24:26] /a 2
[04/12/2015 17:24:26] /a 2
[04/12/2015 17:24:26] /a 2
[04/12/2015 17:24:26] /a 2
[04/12/2015 17:24:26] /a 2
[04/12/2015 17:24:26] /a 2
[04/12/2015 17:24:26] /a 2
[04/12/2015 17:24:26] /a 2
[04/12/2015 17:24:26] /a 2
[04/12/2015 17:24:26] /a 2
[04/12/2015 17:24:26] /a 2
[04/12/2015 17:24:26] /a 2
[04/12/2015 17:24:26] /a 2
[04/12/2015 17:24:26] /a 2
[04/12/2015 17:24:26] /a 2
[04/12/2015 17:24:27] /a 2
[04/12/2015 17:24:27] /a 2
[04/12/2015 17:24:27] /a 2
[04/12/2015 17:24:27] /a 2
[04/12/2015 17:24:27] /a 2
[04/12/2015 17:24:29] /a 2
[04/12/2015 17:24:29] /a 2
[04/12/2015 17:24:29] /a 2
[04/12/2015 17:24:29] /a 2
[04/12/2015 17:24:29] /a 2
[04/12/2015 17:24:29] /a 2
[04/12/2015 17:24:30] /a 2
[04/12/2015 17:24:30] /a 2
[04/12/2015 17:24:30] /a 2
[04/12/2015 17:24:34] /a 2
[04/12/2015 17:24:36] /a 2
[04/12/2015 17:24:37] /a 2
[04/12/2015 17:24:38] /a 2
[04/12/2015 17:24:40] /a 2
[04/12/2015 17:24:40] /a 2
[04/12/2015 17:24:41] /a 2
[04/12/2015 17:24:41] /a 2
[04/12/2015 17:24:41] /a 2
[04/12/2015 17:24:42] /a 2
[04/12/2015 17:24:42] /a 2
[04/12/2015 17:24:42] /a 2
[04/12/2015 17:24:42] /a 2
[04/12/2015 17:24:43] /a 2
[04/12/2015 17:24:43] /a 2
[04/12/2015 17:24:43] /a 2
[04/12/2015 17:24:43] /a 2
[04/12/2015 17:24:43] /a 2
[04/12/2015 17:24:43] /a 2
[04/12/2015 17:24:44] /a 2
[04/12/2015 17:24:44] /a 2
[04/12/2015 17:24:45] /a 2
[04/12/2015 17:24:45] /a 2
[04/12/2015 17:24:45] /a 2
[04/12/2015 17:24:46] /a 2
[04/12/2015 17:24:46] /a 2
[04/12/2015 17:26:00] /m treiner
[04/12/2015 17:26:23] /r
[04/12/2015 17:26:24] /r
[04/12/2015 17:26:35] /a 2
[04/12/2015 17:26:35] /a 2
[04/12/2015 17:27:06] /a 2
[04/12/2015 17:27:49] /t
[04/12/2015 17:35:41] /a 2
[04/12/2015 17:36:33] /r
[04/12/2015 17:36:54] /a 2
[04/12/2015 17:37:34] /a 2
[04/12/2015 17:37:34] /a 2
[04/12/2015 17:37:34] /a 2
[04/12/2015 17:37:34] /a 2
[04/12/2015 17:37:34] /a 2
[04/12/2015 17:37:34] /a 2
[04/12/2015 17:37:37] /a 2
[04/12/2015 17:37:37] /a 2
[04/12/2015 17:37:38] /a 2
[04/12/2015 17:37:38] /a 2
[04/12/2015 17:37:38] /a 2
[04/12/2015 17:37:38] /a 2
[04/12/2015 17:37:40] /a 2
[04/12/2015 17:37:40] /a 2
[04/12/2015 17:37:40] /a 2
[04/12/2015 17:37:40] /a 2
[04/12/2015 17:37:41] /a 2
[04/12/2015 17:37:41] /a 2
[04/12/2015 17:37:41] /a 2
[04/12/2015 17:37:41] /a 2
[04/12/2015 17:37:42] /a 2
[04/12/2015 17:37:42] /a 2
[04/12/2015 17:37:49] /a 2
[04/12/2015 17:38:07] /a 2
[04/12/2015 17:38:08] /a 2
[04/12/2015 17:38:08] /a 2
[04/12/2015 17:38:08] /a 2
[04/12/2015 17:38:08] /a 2
[04/12/2015 17:38:08] /a 2
[04/12/2015 17:38:08] /a 2
[04/12/2015 17:38:08] /a 2
[04/12/2015 17:38:08] /a 2
[04/12/2015 17:38:08] /a 2
[04/12/2015 17:38:09] /a 2
[04/12/2015 17:38:10] /a 2
[04/12/2015 17:38:10] /a 2
[04/12/2015 17:38:10] /a 2
[04/12/2015 17:38:11] /a 2
[04/12/2015 17:38:11] /a 2
[04/12/2015 17:38:11] /a 2
[04/12/2015 17:38:11] /a 2
[04/12/2015 17:38:12] /a 2
[04/12/2015 17:38:12] /a 2
[04/12/2015 17:38:12] /a 2
[04/12/2015 17:38:16] /a 2
[04/12/2015 17:38:17] /a 2
[04/12/2015 17:38:17] /a 2
[04/12/2015 17:38:17] /a 2
[04/12/2015 17:38:19] /a 2
[04/12/2015 17:38:19] /a 2
[04/12/2015 17:38:21] /a 2
[04/12/2015 17:38:21] /a 2
[04/12/2015 17:38:21] /a 2
[04/12/2015 17:38:21] /a 2
[04/12/2015 17:38:22] /a 2
[04/12/2015 17:38:22] /a 2
[04/12/2015 17:38:24] /a 2
[04/12/2015 17:38:24] /a 2
[04/12/2015 17:38:24] /a 2
[04/12/2015 17:38:25] /a 2
[04/12/2015 17:38:26] /a 2
[04/12/2015 17:38:26] /a 2
[04/12/2015 17:38:27] /a 2
[04/12/2015 17:38:27] /a 2
[04/12/2015 17:38:32] /a 2
[04/12/2015 17:38:32] /a 2
[04/12/2015 17:38:32] /a 2
[04/12/2015 17:38:32] /a 2
[04/12/2015 17:38:32] /a 2
[04/12/2015 17:38:33] /a 2
[04/12/2015 17:38:34] /a 2
[04/12/2015 17:38:34] /a 2
[04/12/2015 17:38:34] /a 2
[04/12/2015 17:38:34] /a 2
[04/12/2015 17:38:34] /a 2
[04/12/2015 17:38:35] /a 2
[04/12/2015 17:38:35] /a 2
[04/12/2015 17:38:35] /a 2
[04/12/2015 17:38:35] /a 2
[04/12/2015 17:38:35] /a 2
[04/12/2015 17:38:35] /a 2
[04/12/2015 17:38:35] /a 2
[04/12/2015 17:38:35] /a 2
[04/12/2015 17:38:35] /a 2
[04/12/2015 17:38:35] /a 2
[04/12/2015 17:38:35] /a 2
[04/12/2015 17:38:36] /a 2
[04/12/2015 17:38:37] /a 2
[04/12/2015 17:38:38] /a 2
[04/12/2015 17:38:38] /a 2
[04/12/2015 17:38:38] /a 2
[04/12/2015 17:38:38] /a 2
[04/12/2015 17:38:38] /a 2
[04/12/2015 17:38:38] /a 2
[04/12/2015 17:38:38] /a 2
[04/12/2015 17:38:38] /a 2
[04/12/2015 17:38:38] /a 2
[04/12/2015 17:38:38] /a 2
[04/12/2015 17:38:38] /a 2
[04/12/2015 17:38:38] /a 2
[04/12/2015 17:38:38] /a 2
[04/12/2015 17:38:38] /a 2
[04/12/2015 17:38:38] /a 2
[04/12/2015 17:38:38] /a 2
[04/12/2015 17:38:38] /a 2
[04/12/2015 17:38:39] /a 2
[04/12/2015 17:38:39] /a 2
[04/12/2015 17:38:40] /a 2
[04/12/2015 17:38:41] /a 2
[04/12/2015 17:38:41] /a 2
[04/12/2015 17:38:41] /a 2
[04/12/2015 17:38:41] /a 2
[04/12/2015 17:38:41] /a 2
[04/12/2015 17:38:41] /a 2
[04/12/2015 17:38:41] /a 2
[04/12/2015 17:38:41] /a 2
[04/12/2015 17:38:41] /a 2
[04/12/2015 17:38:41] /a 2
[04/12/2015 17:38:41] /a 2
[04/12/2015 17:38:41] /a 2
[04/12/2015 17:38:41] /a 2
[04/12/2015 17:38:41] /a 2
[04/12/2015 17:38:42] /a 2
[04/12/2015 17:38:42] /a 2
[04/12/2015 17:38:42] /a 2
[04/12/2015 17:38:43] /a 2
[04/12/2015 17:38:43] /a 2
[04/12/2015 17:38:43] /a 2
[04/12/2015 17:38:44] /a 2
[04/12/2015 17:38:44] /a 2
[04/12/2015 17:38:44] /a 2
[04/12/2015 17:38:44] /a 2
[04/12/2015 17:38:44] /a 2
[04/12/2015 17:38:44] /a 2
[04/12/2015 17:38:44] /a 2
[04/12/2015 17:38:44] /a 2
[04/12/2015 17:38:44] /a 2
[04/12/2015 17:38:44] /a 2
[04/12/2015 17:38:44] /a 2
[04/12/2015 17:38:45] /a 2
[04/12/2015 17:38:45] /a 2
[04/12/2015 17:38:45] /a 2
[04/12/2015 17:38:46] /a 2
[04/12/2015 17:38:47] /a 2
[04/12/2015 17:38:47] /a 2
[04/12/2015 17:38:48] /a 2
[04/12/2015 17:38:48] /a 2
[04/12/2015 17:38:48] /a 2
[04/12/2015 17:38:48] /a 2
[04/12/2015 17:38:48] /a 2
[04/12/2015 17:38:48] /a 2
[04/12/2015 17:38:48] /a 2
[04/12/2015 17:38:48] /a 2
[04/12/2015 17:38:48] /a 2
[04/12/2015 17:38:48] /a 2
[04/12/2015 17:38:48] /a 2
[04/12/2015 17:38:48] /a 2
[04/12/2015 17:38:49] /a 2
[04/12/2015 17:38:50] /a 2
[04/12/2015 17:38:50] /a 2
[04/12/2015 17:38:50] /a 2
[04/12/2015 17:38:50] /a 2
[04/12/2015 17:38:50] /a 2
[04/12/2015 17:38:50] /a 2
[04/12/2015 17:38:50] /a 2
[04/12/2015 17:38:50] /a 2
[04/12/2015 17:38:50] /a 2
[04/12/2015 17:38:50] /a 2
[04/12/2015 17:38:52] /a 2
[04/12/2015 17:38:52] /a 2
[04/12/2015 17:38:52] /a 2
[04/12/2015 17:38:52] /a 2
[04/12/2015 17:38:52] /a 2
[04/12/2015 17:38:52] /a 2
[04/12/2015 17:38:52] /a 2
[04/12/2015 17:38:52] /a 2
[04/12/2015 17:38:52] /a 2
[04/12/2015 17:38:52] /a 2
[04/12/2015 17:38:52] /a 2
[04/12/2015 17:38:54] /a 2
[04/12/2015 17:38:54] /a 2
[04/12/2015 17:38:54] /a 2
[04/12/2015 17:38:54] /a 2
[04/12/2015 17:38:54] /a 2
[04/12/2015 17:38:54] /a 2
[04/12/2015 17:38:54] /a 2
[04/12/2015 17:38:54] /a 2
[04/12/2015 17:38:54] /a 2
[04/12/2015 17:38:54] /a 2
[04/12/2015 17:38:55] /a 2
[04/12/2015 17:38:55] /a 2
[04/12/2015 17:38:56] /a 2
[04/12/2015 17:38:56] /a 2
[04/12/2015 17:38:57] /a 2
[04/12/2015 17:38:57] /a 2
[04/12/2015 17:38:57] /a 2
[04/12/2015 17:38:57] /a 2
[04/12/2015 17:38:57] /a 2
[04/12/2015 17:38:57] /a 2
[04/12/2015 17:38:57] /a 2
[04/12/2015 17:38:57] /a 2
[04/12/2015 17:38:57] /a 2
[04/12/2015 17:38:57] /a 2
[04/12/2015 17:38:57] /a 2
[04/12/2015 17:38:57] /a 2
[04/12/2015 17:38:57] /a 2
[04/12/2015 17:38:58] /a 2
[04/12/2015 17:38:58] /a 2
[04/12/2015 17:38:59] /a 2
[04/12/2015 17:39:00] /a 2
[04/12/2015 17:39:00] /a 2
[04/12/2015 17:39:00] /a 2
[04/12/2015 17:39:01] /a 2
[04/12/2015 17:39:02] /a 2
[04/12/2015 17:39:02] /a 2
[04/12/2015 17:39:03] /a 2
[04/12/2015 17:39:03] /a 2
[04/12/2015 17:39:03] /a 2
[04/12/2015 17:39:03] /a 2
[04/12/2015 17:39:04] /a 2
[04/12/2015 17:39:04] /a 2
[04/12/2015 17:39:04] /a 2
[04/12/2015 17:39:04] /a 2
[04/12/2015 17:39:04] /a 2
[04/12/2015 17:39:05] /a 2
[04/12/2015 17:39:05] /a 2
[04/12/2015 17:39:05] /a 2
[04/12/2015 17:39:05] /a 2
[04/12/2015 17:39:05] /a 2
[04/12/2015 17:39:06] /a 2
[04/12/2015 17:39:06] /a 2
[04/12/2015 17:39:06] /a 2
[04/12/2015 17:39:07] /a 2
[04/12/2015 17:39:09] /a 2
[04/12/2015 17:39:09] /a 2
[04/12/2015 17:39:09] /a 2
[04/12/2015 17:39:09] /a 2
[04/12/2015 17:39:09] /a 2
[04/12/2015 17:39:10] /a 2
[04/12/2015 17:39:10] /a 2
[04/12/2015 17:39:11] /a 2
[04/12/2015 17:39:11] /a 2
[04/12/2015 17:39:16] /a 2
[04/12/2015 17:39:16] /a 2
[04/12/2015 17:39:16] /a 2
[04/12/2015 17:39:16] /a 2
[04/12/2015 17:39:16] /a 2
[04/12/2015 17:39:16] /a 2
[04/12/2015 17:39:16] /a 2
[04/12/2015 17:39:16] /a 2
[04/12/2015 17:39:17] /a 2
[04/12/2015 17:39:17] /a 2
[04/12/2015 17:39:17] /a 2
[04/12/2015 17:39:17] /a 2
[04/12/2015 17:39:17] /a 2
[04/12/2015 17:39:17] /a 2
[04/12/2015 17:39:18] /a 2
[04/12/2015 17:39:18] /a 2
[04/12/2015 17:39:18] /a 2
[04/12/2015 17:39:18] /a 2
[04/12/2015 17:39:18] /a 2
[04/12/2015 17:39:18] /a 2
[04/12/2015 17:39:18] /a 2
[04/12/2015 17:39:18] /a 2
[04/12/2015 17:39:18] /a 2
[04/12/2015 17:39:18] /a 2
[04/12/2015 17:39:18] /a 2
[04/12/2015 17:39:18] /a 2
[04/12/2015 17:39:18] /a 2
[04/12/2015 17:39:18] /a 2
[04/12/2015 17:39:18] /a 2
[04/12/2015 17:39:19] /a 2
[04/12/2015 17:39:20] /a 2
[04/12/2015 17:39:20] /a 2
[04/12/2015 17:39:20] /a 2
[04/12/2015 17:39:20] /a 2
[04/12/2015 17:39:20] /a 2
[04/12/2015 17:39:20] /a 2
[04/12/2015 17:39:20] /a 2
[04/12/2015 17:39:20] /a 2
[04/12/2015 17:39:21] /a 2
[04/12/2015 17:39:22] /a 2
[04/12/2015 17:39:22] /a 2
[04/12/2015 17:39:22] /a 2
[04/12/2015 17:39:22] /a 2
[04/12/2015 17:39:22] /a 2
[04/12/2015 17:39:22] /a 2
[04/12/2015 17:39:22] /a 2
[04/12/2015 17:39:22] /a 2
[04/12/2015 17:39:22] /a 2
[04/12/2015 17:39:22] /a 2
[04/12/2015 17:39:22] /a 2
[04/12/2015 17:39:22] /a 2
[04/12/2015 17:39:22] /a 2
[04/12/2015 17:39:22] /a 2
[04/12/2015 17:39:22] /a 2
[04/12/2015 17:39:22] /a 2
[04/12/2015 17:39:24] /a 2
[04/12/2015 17:39:24] /a 2
[04/12/2015 17:39:24] /a 2
[04/12/2015 17:39:24] /a 2
[04/12/2015 17:39:24] /a 2
[04/12/2015 17:39:24] /a 2
[04/12/2015 17:39:24] /a 2
[04/12/2015 17:39:24] /a 2
[04/12/2015 17:39:24] /a 2
[04/12/2015 17:39:27] /a 2
[04/12/2015 17:39:27] /a 2
[04/12/2015 17:39:37] /a 2
[04/12/2015 17:39:37] /a 2
[04/12/2015 17:39:37] /a 2
[04/12/2015 17:39:37] /a 2
[04/12/2015 17:39:37] /a 2
[04/12/2015 17:39:37] /a 2
[04/12/2015 17:39:37] /a 2
[04/12/2015 17:39:37] /a 2
[04/12/2015 17:39:37] /a 2
[04/12/2015 17:39:37] /a 2
[04/12/2015 17:39:38] /a 2
[04/12/2015 17:39:39] /a 2
[04/12/2015 17:39:39] /a 2
[04/12/2015 17:39:39] /a 2
[04/12/2015 17:39:39] /a 2
[04/12/2015 17:39:39] /a 2
[04/12/2015 17:39:39] /a 2
[04/12/2015 17:39:39] /a 2
[04/12/2015 17:39:40] /a 2
[04/12/2015 17:39:40] /a 2
[04/12/2015 17:39:41] /a 2
[04/12/2015 17:39:41] /a 2
[04/12/2015 17:39:41] /a 2
[04/12/2015 17:39:41] /a 2
[04/12/2015 17:39:42] /a 2
[04/12/2015 17:39:42] /a 2
[04/12/2015 17:39:42] /a 2
[04/12/2015 17:39:43] /a 2
[04/12/2015 17:39:44] /a 2
[04/12/2015 17:39:44] /a 2
[04/12/2015 17:39:44] /a 2
[04/12/2015 17:39:44] /a 2
[04/12/2015 17:39:45] /a 2
[04/12/2015 17:39:46] /a 2
[04/12/2015 17:39:46] /a 2
[04/12/2015 17:39:46] /a 2
[04/12/2015 17:39:46] /a 2
[04/12/2015 17:39:47] /a 2
[04/12/2015 17:39:47] /a 2
[04/12/2015 17:39:47] /a 2
[04/12/2015 17:39:47] /a 2
[04/12/2015 17:39:48] /a 2
[04/12/2015 17:39:48] /a 2
[04/12/2015 17:39:49] /a 2
[04/12/2015 17:39:49] /a 2
[04/12/2015 17:39:49] /a 2
[04/12/2015 17:39:49] /a 2
[04/12/2015 17:39:50] /a 2
[04/12/2015 17:39:51] /a 2
[04/12/2015 17:39:52] /a 2
[04/12/2015 17:39:52] /a 2
[04/12/2015 17:39:52] /a 2
[04/12/2015 17:39:53] /a 2
[04/12/2015 17:39:53] /a 2
[04/12/2015 17:39:53] /a 2
[04/12/2015 17:39:53] /a 2
[04/12/2015 17:39:53] /a 2
[04/12/2015 17:39:53] /a 2
[04/12/2015 17:39:53] /a 2
[04/12/2015 17:39:53] /a 2
[04/12/2015 17:39:53] /a 2
[04/12/2015 17:39:53] /a 2
[04/12/2015 17:39:53] /a 2
[04/12/2015 17:39:54] /a 2
[04/12/2015 17:39:55] /a 2
[04/12/2015 17:39:55] /a 2
[04/12/2015 17:39:55] /a 2
[04/12/2015 17:39:55] /a 2
[04/12/2015 17:39:55] /a 2
[04/12/2015 17:39:55] /a 2
[04/12/2015 17:39:55] /a 2
[04/12/2015 17:39:55] /a 2
[04/12/2015 17:39:55] /a 2
[04/12/2015 17:39:55] /a 2
[04/12/2015 17:39:56] /a 2
[04/12/2015 17:39:57] /a 2
[04/12/2015 17:39:57] /a 2
[04/12/2015 17:39:57] /a 2
[04/12/2015 17:39:57] /a 2
[04/12/2015 17:39:57] /a 2
[04/12/2015 17:39:57] /a 2
[04/12/2015 17:39:57] /a 2
[04/12/2015 17:39:57] /a 2
[04/12/2015 17:39:57] /a 2
[04/12/2015 17:39:57] /a 2
[04/12/2015 17:39:57] /a 2
[04/12/2015 17:39:57] /a 2
[04/12/2015 17:39:57] /a 2
[04/12/2015 17:39:57] /a 2
[04/12/2015 17:39:57] /a 2
[04/12/2015 17:39:58] /a 2
[04/12/2015 17:39:58] /a 2
[04/12/2015 17:39:58] /a 2
[04/12/2015 17:39:58] /a 2
[04/12/2015 17:39:58] /a 2
[04/12/2015 17:39:59] /a 2
[04/12/2015 17:40:00] /a 2
[04/12/2015 17:40:00] /a 2
[04/12/2015 17:40:00] /a 2
[04/12/2015 17:40:00] /a 2
[04/12/2015 17:40:00] /a 2
[04/12/2015 17:40:00] /a 2
[04/12/2015 17:40:00] /a 2
[04/12/2015 17:40:00] /a 2
[04/12/2015 17:40:01] /a 2
[04/12/2015 17:40:02] /a 2
[04/12/2015 17:40:02] /a 2
[04/12/2015 17:40:02] /a 2
[04/12/2015 17:40:02] /a 2
[04/12/2015 17:40:03] /a 2
[04/12/2015 17:40:03] /a 2
[04/12/2015 17:58:01] /bc red Qualquer duvida perguntem no help, não respondemos pm
[04/12/2015 17:59:05] /goto Mks The Lend
[04/12/2015 18:00:01] /t
[04/12/2015 18:01:52] /goto Mks The Lend
[04/12/2015 18:05:45] /goto Mks The Lend
[04/12/2015 18:06:26] /clean
[04/12/2015 18:07:18] /t
[04/12/2015 18:11:15] /a 2
[04/12/2015 18:11:21] /m monk
[04/12/2015 18:11:26] /r
[04/12/2015 18:11:26] /r
[04/12/2015 18:11:39] /m treiner
[04/12/2015 18:11:41] /a 2
[04/12/2015 18:11:47] /a 2
[04/12/2015 18:11:50] /m treiner
[04/12/2015 18:11:52] /a 2
[04/12/2015 18:11:56] /a 2
[04/12/2015 18:11:58] /m treiner
[04/12/2015 18:12:00] /a 2
[04/12/2015 18:12:05] /a 2
[04/12/2015 18:12:08] /m treiner
[04/12/2015 18:12:09] /a 2
[04/12/2015 18:12:46] /a 2
[04/12/2015 18:12:55] /a 2
[04/12/2015 18:13:15] /a 2
[04/12/2015 18:13:16] /a 2
[04/12/2015 18:13:16] /a 2
[04/12/2015 18:13:16] /a 2
[04/12/2015 18:13:16] /a 2
[04/12/2015 18:13:17] /a 2
[04/12/2015 18:13:17] /a 2
[04/12/2015 18:13:17] /a 2
[04/12/2015 18:13:17] /a 2
[04/12/2015 18:13:17] /a 2
[04/12/2015 18:13:18] /a 2
[04/12/2015 18:13:18] /a 2
[04/12/2015 18:13:18] /a 2
[04/12/2015 18:13:19] /a 2
[04/12/2015 18:13:19] /a 2
[04/12/2015 18:13:19] /a 2
[04/12/2015 18:13:20] /a 2
[04/12/2015 18:13:20] /a 2
[04/12/2015 18:13:23] /a 2
[04/12/2015 18:13:23] /a 2
[04/12/2015 18:13:23] /a 2
[04/12/2015 18:13:24] /a 2
[04/12/2015 18:23:10] /a 2
[04/12/2015 18:23:11] /a 2
[04/12/2015 18:23:11] /a 2
[04/12/2015 18:23:12] /a 2
[04/12/2015 18:23:12] /a 2
[04/12/2015 18:23:13] /a 2
[04/12/2015 18:23:13] /a 2
[04/12/2015 18:23:13] /a 2
[04/12/2015 18:23:14] /a 2
[04/12/2015 18:23:14] /a 2
[04/12/2015 18:23:15] /a 2
[04/12/2015 18:23:15] /a 2
[04/12/2015 18:23:15] /a 2
[04/12/2015 18:23:15] /a 2
[04/12/2015 18:23:16] /a 2
[04/12/2015 18:23:16] /a 2
[04/12/2015 18:23:16] /a 2
[04/12/2015 18:23:16] /a 2
[04/12/2015 18:23:16] /a 2
[04/12/2015 18:23:16] /a 2
[04/12/2015 18:23:16] /a 2
[04/12/2015 18:23:17] /a 2
[04/12/2015 18:23:17] /a 2
[04/12/2015 18:23:17] /a 2
[04/12/2015 18:23:17] /a 2
[04/12/2015 18:23:17] /a 2
[04/12/2015 18:23:17] /a 2
[04/12/2015 18:23:17] /a 2
[04/12/2015 18:23:17] /a 2
[04/12/2015 18:23:17] /a 2
[04/12/2015 18:23:19] /a 2
[04/12/2015 18:23:19] /a 2
[04/12/2015 18:23:20] /a 2
[04/12/2015 18:23:20] /a 2
[04/12/2015 18:23:20] /a 2
[04/12/2015 18:23:20] /a 2
[04/12/2015 18:23:20] /a 2
[04/12/2015 18:23:20] /a 2
[04/12/2015 18:23:20] /a 2
[04/12/2015 18:23:20] /a 2
[04/12/2015 18:23:20] /a 2
[04/12/2015 18:23:20] /a 2
[04/12/2015 18:23:20] /a 2
[04/12/2015 18:23:20] /a 2
[04/12/2015 18:23:20] /a 2
[04/12/2015 18:23:20] /a 2
[04/12/2015 18:23:20] /a 2
[04/12/2015 18:23:20] /a 2
[04/12/2015 18:23:20] /a 2
[04/12/2015 18:23:20] /a 2
[04/12/2015 18:23:20] /a 2
[04/12/2015 18:23:20] /a 2
[04/12/2015 18:23:21] /a 2
[04/12/2015 18:23:21] /a 2
[04/12/2015 18:23:21] /a 2
[04/12/2015 18:23:21] /a 2
[04/12/2015 18:23:21] /a 2
[04/12/2015 18:23:21] /a 2
[04/12/2015 18:23:21] /a 2
[04/12/2015 18:23:21] /a 2
[04/12/2015 18:23:21] /a 2
[04/12/2015 18:23:21] /a 2
[04/12/2015 18:23:21] /a 2
[04/12/2015 18:23:21] /a 2
[04/12/2015 18:23:59] /a 2
[04/12/2015 18:24:06] /r
[04/12/2015 18:24:07] /r
[04/12/2015 18:24:08] /a 2
[04/12/2015 18:24:08] /a 2
[04/12/2015 18:24:13] /r
[04/12/2015 18:24:14] /r
[04/12/2015 18:24:15] /a 2
[04/12/2015 18:24:21] /r
[04/12/2015 18:24:22] /r
[04/12/2015 18:24:23] /a 2
[04/12/2015 18:24:23] /a 2
[04/12/2015 18:24:28] /r
[04/12/2015 18:24:28] /r
[04/12/2015 18:24:31] /a 2
[04/12/2015 18:27:29] /t
[04/12/2015 18:27:37] /i 2157
[04/12/2015 18:27:42] /ghost
[04/12/2015 18:28:22] /ghost
[04/12/2015 18:28:23] /t
[04/12/2015 18:31:15] /a 2
[04/12/2015 18:35:25] /goto [ADM] Victor
[04/12/2015 18:39:17] /a 2
[04/12/2015 18:51:00] /goto [ADM] Victor
[04/12/2015 18:51:15] /a 2
[04/12/2015 18:54:59] /a 2
[04/12/2015 18:55:06] /a 2
[04/12/2015 18:55:06] /a 2
[04/12/2015 18:58:47] /t
[04/12/2015 18:58:51] /ghost
[04/12/2015 18:58:53] /ghost
[04/12/2015 19:03:21] /goto [ADM] Victor
[04/12/2015 19:15:16] /t
[04/12/2015 19:16:20] /goto chatuba
[04/12/2015 19:17:47] /goto chatuba
[04/12/2015 19:21:17] /t
[04/12/2015 19:21:22] /n Chatuba
[04/12/2015 19:21:56] /c chatuba
[04/12/2015 19:28:28] /goto  [ADM] Victor
[04/12/2015 19:31:03] /goto  [ADM] Victor
[04/12/2015 19:31:07] /a 2
[04/12/2015 19:31:08] /a 2
[04/12/2015 19:31:08] /a 2
[04/12/2015 19:31:09] /a 2
[04/12/2015 19:31:11] /a 2
[04/12/2015 19:31:11] /a 2
[04/12/2015 19:31:11] /a 2
[04/12/2015 19:31:11] /a 2
[04/12/2015 19:31:14] /a 2
[04/12/2015 19:31:15] /a 2
[04/12/2015 19:31:15] /a 2
[04/12/2015 19:31:16] /a 2
[04/12/2015 19:31:16] /a 2
[04/12/2015 19:31:16] /a 2
[04/12/2015 19:31:18] /a 2
[04/12/2015 19:31:18] /a 2
[04/12/2015 19:31:19] /a 2
[04/12/2015 19:31:19] /a 2
[04/12/2015 19:31:20] /a 2
[04/12/2015 19:31:20] /a 2
[04/12/2015 19:31:21] /a 2
[04/12/2015 19:31:21] /a 2
[04/12/2015 19:31:22] /a 2
[04/12/2015 19:31:22] /a 2
[04/12/2015 19:31:22] /a 2
[04/12/2015 19:31:23] /a 2
[04/12/2015 19:31:24] /a 2
[04/12/2015 19:31:48] /a 2
[04/12/2015 19:31:48] /a 2
[04/12/2015 19:32:17] /a 2
[04/12/2015 19:32:17] /a 2
[04/12/2015 19:32:17] /a 2
[04/12/2015 19:32:17] /a 2
[04/12/2015 19:32:18] /a 2
[04/12/2015 19:32:18] /a 2
[04/12/2015 19:32:20] /a 2
[04/12/2015 19:32:20] /a 2
[04/12/2015 19:32:20] /a 2
[04/12/2015 19:32:20] /a 2
[04/12/2015 19:32:20] /a 2
[04/12/2015 19:32:21] /a 2
[04/12/2015 19:32:21] /a 2
[04/12/2015 19:32:21] /a 2
[04/12/2015 19:32:21] /a 2
[04/12/2015 19:32:21] /a 2
[04/12/2015 19:32:21] /a 2
[04/12/2015 19:32:22] /a 2
[04/12/2015 19:32:22] /a 2
[04/12/2015 19:32:22] /a 2
[04/12/2015 19:32:22] /a 2
[04/12/2015 19:32:22] /a 2
[04/12/2015 19:32:23] /a 2
[04/12/2015 19:32:23] /a 2
[04/12/2015 19:32:23] /a 2
[04/12/2015 19:32:24] /a 2
[04/12/2015 19:32:24] /a 2
[04/12/2015 19:32:24] /a 2
[04/12/2015 19:32:24] /a 2
[04/12/2015 19:32:24] /a 2
[04/12/2015 19:32:25] /a 2
[04/12/2015 19:32:25] /a 2
[04/12/2015 19:32:25] /a 2
[04/12/2015 19:32:26] /a 2
[04/12/2015 19:32:27] /a 2
[04/12/2015 19:32:27] /a 2
[04/12/2015 19:32:27] /a 2
[04/12/2015 19:32:27] /a 2
[04/12/2015 19:32:28] /a 2
[04/12/2015 19:32:28] /a 2
[04/12/2015 19:32:28] /a 2
[04/12/2015 19:32:28] /a 2
[04/12/2015 19:32:39] /a 2
[04/12/2015 19:32:39] /a 2
[04/12/2015 19:32:40] /a 2
[04/12/2015 19:32:40] /a 2
[04/12/2015 19:32:43] /a 2
[04/12/2015 19:32:43] /a 2
[04/12/2015 19:32:43] /a 2
[04/12/2015 19:32:47] /a 2
[04/12/2015 19:32:47] /a 2
[04/12/2015 19:32:47] /a 2
[04/12/2015 19:32:48] /a 2
[04/12/2015 19:32:48] /a 2
[04/12/2015 19:32:49] /a 2
[04/12/2015 19:32:50] /a 2
[04/12/2015 19:32:50] /a 2
[04/12/2015 19:32:50] /a 2
[04/12/2015 19:32:50] /a 2
[04/12/2015 19:32:50] /a 2
[04/12/2015 19:32:52] /a 2
[04/12/2015 19:32:52] /a 2
[04/12/2015 19:32:53] /a 2
[04/12/2015 19:34:05] /t
[04/12/2015 19:34:40] /goto  [ADM] Victor
[04/12/2015 19:35:18] /c chatuba
[04/12/2015 19:35:36] /ghost
[04/12/2015 19:43:08] /ghost
[04/12/2015 19:43:14] /t
[04/12/2015 19:43:22] /c chatuba
[04/12/2015 19:59:00] /a 2
[04/12/2015 19:59:12] /i pergaminho de forja
[04/12/2015 20:12:20] /a 2
[04/12/2015 20:12:48] /a 2
[04/12/2015 20:12:51] /ghost
[04/12/2015 20:12:52] /a 2
[04/12/2015 20:13:34] /r
[04/12/2015 20:13:36] /r
[04/12/2015 20:13:38] /r
[04/12/2015 20:13:40] /r
[04/12/2015 20:13:41] /r
[04/12/2015 20:13:43] /r
[04/12/2015 20:13:45] /r
[04/12/2015 20:13:47] /a 2
[04/12/2015 20:13:53] /t
[04/12/2015 20:15:30] /a 2
[04/12/2015 20:15:33] /a 2
[04/12/2015 20:17:54] /m bugzin
[04/12/2015 20:18:48] /r
[04/12/2015 20:18:48] /r
[04/12/2015 20:18:51] /r
[04/12/2015 20:18:51] /r
[04/12/2015 20:18:54] /r
[04/12/2015 20:18:54] /r
[04/12/2015 20:18:55] /r
[04/12/2015 20:19:00] /m bugzin
[04/12/2015 20:20:06] /r
[04/12/2015 20:20:06] /r
[04/12/2015 20:22:25] /n infernatil
[04/12/2015 20:22:29] /m infernatil
[04/12/2015 20:23:28] /a 2
[04/12/2015 21:25:44] /a 2
[04/12/2015 21:25:47] /a 2
[04/12/2015 21:25:56] /a 2
[04/12/2015 21:28:32] /i 2157
[04/12/2015 21:28:33] /i 2157
[04/12/2015 21:29:37] /a 2
[04/12/2015 21:29:49] /ghost
[04/12/2015 21:29:52] /ghost
[04/12/2015 21:29:53] /ghost
[04/12/2015 21:33:58] /i 2157
[04/12/2015 21:33:58] /i 2157
[04/12/2015 21:35:59] /a 2
[04/12/2015 21:36:01] /a 2
[04/12/2015 21:36:08] /i 2157
[04/12/2015 21:37:27] /i 2157
[04/12/2015 21:38:11] /i 2157
[04/12/2015 21:38:12] /i 2157
[04/12/2015 21:39:34] /i 2157
[04/12/2015 21:39:34] /i 2157
[04/12/2015 21:39:34] /i 2157
[04/12/2015 21:41:18] /a 2
[04/12/2015 21:42:44] /a 2
[04/12/2015 21:43:11] /a 2
[04/12/2015 21:43:26] /a 2
[04/12/2015 21:43:27] /a 2
[04/12/2015 21:43:28] /a 2
[04/12/2015 21:43:33] /a 2
[04/12/2015 21:43:34] /a 2
[04/12/2015 21:43:34] /a 2
[04/12/2015 21:45:07] /t
[04/12/2015 21:45:31] /m bugzin
[04/12/2015 21:46:29] /t
[04/12/2015 21:48:38] /a 2
[04/12/2015 21:48:38] /a 2
[04/12/2015 21:48:49] /a 2
[04/12/2015 21:48:49] /a 2
[04/12/2015 21:48:50] /a 2
[04/12/2015 21:48:56] /a 2
[04/12/2015 21:48:57] /a 2
[04/12/2015 21:48:57] /a 2
[04/12/2015 21:48:58] /a 2
[04/12/2015 21:48:58] /a 2
[04/12/2015 21:49:10] /t
[04/12/2015 21:49:19] /a 2
[04/12/2015 21:50:33] /a 2
[04/12/2015 21:50:33] /a 2
[04/12/2015 21:50:34] /a 2
[04/12/2015 21:50:44] /a 2
[04/12/2015 21:53:25] /goto [ADM] Victor
[04/12/2015 21:53:29] /t
[04/12/2015 21:54:49] /m king knight
[04/12/2015 21:54:59] /r
[04/12/2015 21:55:02] /r
[04/12/2015 21:55:03] /r
[04/12/2015 21:55:23] /clean
[04/12/2015 21:55:33] /ghost
[04/12/2015 21:55:33] /ghost
[04/12/2015 21:56:16] /i 10518
[04/12/2015 21:56:58] /t
[04/12/2015 22:02:05] /c chatuba
[04/12/2015 22:12:03] /clean
[04/12/2015 22:22:14] /goto super bolinho
[04/12/2015 22:22:28] /m demon
[04/12/2015 22:24:17] /goto super bolinho
[04/12/2015 22:24:20] /ghost
[04/12/2015 22:26:52] /ghost
[04/12/2015 22:27:48] /a 2
[04/12/2015 22:30:36] /goto super bolinho
[04/12/2015 22:30:48] /m hero
[04/12/2015 22:31:00] /m demon
[04/12/2015 22:31:41] /t
[04/12/2015 22:32:44] /a 2
[04/12/2015 22:32:45] /a 2
[04/12/2015 22:32:46] /a 2
[04/12/2015 22:32:46] /a 2
[04/12/2015 22:32:47] /a 2
[04/12/2015 22:32:47] /a 2
[04/12/2015 22:32:47] /a 2
[04/12/2015 22:32:56] /r
[04/12/2015 22:32:57] /r
[04/12/2015 22:33:05] /r
[04/12/2015 22:33:09] /r
[04/12/2015 22:33:14] /r
[04/12/2015 22:33:19] /r
[04/12/2015 22:33:54] /r
[04/12/2015 22:33:59] /r
[04/12/2015 22:34:00] /r
[04/12/2015 22:34:09] /r
[04/12/2015 22:34:16] /r
[04/12/2015 22:34:17] /r
[04/12/2015 22:34:35] /r
[04/12/2015 22:34:55] /r
[04/12/2015 22:34:55] /r
[04/12/2015 22:35:00] /r
[04/12/2015 22:35:00] /r
[04/12/2015 22:35:14] /r
[04/12/2015 22:35:25] /r
[04/12/2015 22:35:47] /r
[04/12/2015 22:36:20] /goto File De Abacate
[04/12/2015 22:39:21] /bc Duvidas podem ser esclarecidas no Help !!!
[04/12/2015 22:39:51] /goto File De Abacate
[04/12/2015 22:39:57] /a 2
[04/12/2015 22:39:58] /a 2
[04/12/2015 22:40:03] /t
[04/12/2015 22:40:06] /c File De Abacate
[04/12/2015 22:40:33] /goto File De Abacate
[04/12/2015 22:40:38] /ghost
[04/12/2015 22:41:56] /ghost
[04/12/2015 22:45:15] /goto super bolinho
[04/12/2015 22:46:55] /t
[04/12/2015 22:47:22] /goto File De Abacate
[04/12/2015 22:47:27] /ghost
[04/12/2015 22:47:45] /ghost
[04/12/2015 22:48:20] /t
[04/12/2015 22:53:05] /goto super bolinho
[04/12/2015 22:54:09] /r
[04/12/2015 22:54:25] /r
[04/12/2015 22:55:05] /t
[04/12/2015 22:58:49] /a 2
[04/12/2015 22:59:00] /a 3
[04/12/2015 22:59:00] /a 3
[04/12/2015 22:59:20] /t
[04/12/2015 23:04:02] /bc   Duvidas podem ser esclarecidas no Help !!!!
[04/12/2015 23:04:28] /bc
[04/12/2015 23:05:35] /bc red, Duvidas podem ser esclarecidas no Help !!
[04/12/2015 23:05:56] /ghost
[04/12/2015 23:15:33] /a 3
[04/12/2015 23:16:27] /cliport
[04/12/2015 23:19:12] /a 3
[04/12/2015 23:19:13] /a 3
[04/12/2015 23:19:13] /a 3
[04/12/2015 23:19:19] /a 3
[04/12/2015 23:19:20] /a 3
[04/12/2015 23:19:20] /a 3
[04/12/2015 23:19:20] /a 3
[04/12/2015 23:19:21] /a 3
[04/12/2015 23:19:21] /a 3
[04/12/2015 23:19:22] /a 3
[04/12/2015 23:19:23] /a 3
[04/12/2015 23:19:23] /a 3
[04/12/2015 23:19:23] /a 3
[04/12/2015 23:19:23] /a 3
[04/12/2015 23:19:23] /a 3
[04/12/2015 23:19:23] /a 3
[04/12/2015 23:19:24] /a 3
[04/12/2015 23:19:24] /a 3
[04/12/2015 23:19:24] /a 3
[04/12/2015 23:19:24] /a 3
[04/12/2015 23:19:24] /a 3
[04/12/2015 23:19:25] /a 3
[04/12/2015 23:19:25] /a 3
[04/12/2015 23:19:25] /a 3
[04/12/2015 23:19:25] /a 3
[04/12/2015 23:19:27] /a 3
[04/12/2015 23:20:07] /a 3
[04/12/2015 23:20:07] /a 3
[04/12/2015 23:20:08] /a 3
[04/12/2015 23:20:10] /a 3
[04/12/2015 23:20:11] /a 3
[04/12/2015 23:20:12] /a 3
[04/12/2015 23:20:12] /a 3
[04/12/2015 23:20:15] /a 3
[04/12/2015 23:20:17] /a 3
[04/12/2015 23:20:17] /a 3
[04/12/2015 23:20:18] /a 3
[04/12/2015 23:20:18] /a 3
[04/12/2015 23:20:19] /a 3
[04/12/2015 23:20:19] /a 3
[04/12/2015 23:20:20] /a 3
[04/12/2015 23:20:20] /a 3
[04/12/2015 23:20:20] /a 3
[04/12/2015 23:20:21] /a 3
[04/12/2015 23:20:21] /a 3
[04/12/2015 23:20:22] /a 3
[04/12/2015 23:20:22] /a 3
[04/12/2015 23:20:22] /a 3
[04/12/2015 23:20:23] /a 3
[04/12/2015 23:20:24] /a 3
[04/12/2015 23:20:24] /a 3
[04/12/2015 23:20:26] /a 3
[04/12/2015 23:20:27] /a 3
[04/12/2015 23:20:27] /a 3
[04/12/2015 23:20:27] /a 3
[04/12/2015 23:20:47] /a 3
[04/12/2015 23:20:48] /a 3
[04/12/2015 23:20:48] /a 3
[04/12/2015 23:20:48] /a 3
[04/12/2015 23:20:49] /a 3
[04/12/2015 23:20:49] /a 3
[04/12/2015 23:20:49] /a 3
[04/12/2015 23:20:49] /a 3
[04/12/2015 23:20:49] /a 3
[04/12/2015 23:20:49] /a 3
[04/12/2015 23:20:50] /a 3
[04/12/2015 23:20:50] /a 3
[04/12/2015 23:20:50] /a 3
[04/12/2015 23:20:50] /a 3
[04/12/2015 23:20:50] /a 3
[04/12/2015 23:20:50] /a 3
[04/12/2015 23:20:51] /a 3
[04/12/2015 23:20:51] /a 3
[04/12/2015 23:20:51] /a 3
[04/12/2015 23:20:51] /a 3
[04/12/2015 23:20:51] /a 3
[04/12/2015 23:20:51] /a 3
[04/12/2015 23:20:52] /a 3
[04/12/2015 23:20:52] /a 3
[04/12/2015 23:20:52] /a 3
[04/12/2015 23:20:52] /a 3
[04/12/2015 23:20:52] /a 3
[04/12/2015 23:20:53] /a 3
[04/12/2015 23:20:53] /a 3
[04/12/2015 23:20:53] /a 3
[04/12/2015 23:20:53] /a 3
[04/12/2015 23:20:53] /a 3
[04/12/2015 23:20:54] /a 3
[04/12/2015 23:20:54] /a 3
[04/12/2015 23:20:54] /a 3
[04/12/2015 23:20:54] /a 3
[04/12/2015 23:20:54] /a 3
[04/12/2015 23:20:55] /a 3
[04/12/2015 23:20:55] /a 3
[04/12/2015 23:20:55] /a 3
[04/12/2015 23:20:55] /a 3
[04/12/2015 23:20:55] /a 3
[04/12/2015 23:20:55] /a 3
[04/12/2015 23:20:58] /a 3
[04/12/2015 23:21:32] /i 10521
[04/12/2015 23:25:06] /ghost
[04/12/2015 23:28:50] /bc red, Qualquer duvida podemos esclarecer no Help!!
[04/12/2015 23:29:15] /cliport
[04/12/2015 23:30:15] /i 2157
[04/12/2015 23:30:15] /i 2157
[04/12/2015 23:31:15] /a 1
[04/12/2015 23:31:17] /r
[04/12/2015 23:31:18] /r
[04/12/2015 23:31:25] /m vip treiner
[04/12/2015 23:31:43] /m Vip Treiner
[04/12/2015 23:31:51] /m treiner
[04/12/2015 23:33:07] /goto Lord Tyron
[04/12/2015 23:33:17] /t
[04/12/2015 23:36:20] /goto Lord Tyron
[04/12/2015 23:36:47] /m demon
[04/12/2015 23:36:51] /m demon
[04/12/2015 23:36:57] /goto Lord Tyron
[04/12/2015 23:37:09] /m grim reaper
[04/12/2015 23:37:11] /m grim reaper
[04/12/2015 23:37:15] /m grim reaper
[04/12/2015 23:37:16] /m grim reaper
[04/12/2015 23:37:20] /m grim reaper
[04/12/2015 23:37:21] /m grim reaper
[04/12/2015 23:37:22] /m grim reaper
[04/12/2015 23:37:23] /m grim reaper
[04/12/2015 23:37:24] /m grim reaper
[04/12/2015 23:37:24] /m grim reaper
[04/12/2015 23:37:25] /m grim reaper
[04/12/2015 23:44:49] /goto Lord Tyron
[05/12/2015 00:03:57] /i 7489
[05/12/2015 00:20:41] /i 10521
[05/12/2015 00:20:51] /a 1
[05/12/2015 00:20:52] /a 1
[05/12/2015 00:42:08] /i 7735
[05/12/2015 01:27:25] /i 7438
[05/12/2015 01:27:53] /ghost
[05/12/2015 01:27:54] /ghost
[05/12/2015 01:31:04] /a 1
[05/12/2015 01:31:04] /a 1
[05/12/2015 01:31:10] /a 2
[05/12/2015 01:34:06] /i 7735
[05/12/2015 01:35:12] /clean
[05/12/2015 01:35:31] /a 2
[05/12/2015 01:35:39] /a 2
[05/12/2015 01:35:42] /a 2
[05/12/2015 01:35:45] /a 2
[05/12/2015 01:35:45] /a 2
[05/12/2015 01:35:45] /a 2
[05/12/2015 01:35:46] /a 2
[05/12/2015 01:35:46] /a 2
[05/12/2015 01:35:46] /a 2
[05/12/2015 01:35:46] /a 2
[05/12/2015 01:35:47] /a 2
[05/12/2015 01:35:47] /a 2
[05/12/2015 01:35:48] /a 2
[05/12/2015 01:35:51] /a 2
[05/12/2015 01:35:52] /a 2
[05/12/2015 01:35:52] /a 2
[05/12/2015 01:35:52] /a 2
[05/12/2015 01:35:52] /a 2
[05/12/2015 01:35:52] /a 2
[05/12/2015 01:35:53] /a 2
[05/12/2015 01:36:51] /a 2
[05/12/2015 01:36:54] /a 2
[05/12/2015 01:36:55] /a 2
[05/12/2015 01:36:58] /a 2
[05/12/2015 01:37:15] /a 2
[05/12/2015 01:46:35] /goto [ADM] Victor
[05/12/2015 01:51:27] /ghost
[05/12/2015 01:51:42] /ghost
[05/12/2015 01:56:15] /a 2
[05/12/2015 01:56:22] /a 2
[05/12/2015 01:56:44] /a 2
[05/12/2015 02:01:52] /goto [ADM] Victor
[05/12/2015 02:06:01] /clean
[05/12/2015 02:07:40] /goto [ADM] Victor
[05/12/2015 02:14:02] /goto Nathan
[05/12/2015 02:14:10] /ghost
[05/12/2015 02:14:40] /ghost
[05/12/2015 02:15:12] /ghost
[05/12/2015 02:15:44] /ghost
[05/12/2015 02:16:26] /bc red , Duvidas serao esclarecidas no Help!!
[05/12/2015 02:19:40] /a 1
[05/12/2015 02:19:54] /i 8046
[05/12/2015 02:19:56] /a 1
[05/12/2015 02:21:19] /a 1
[05/12/2015 02:21:29] /i 8046
[05/12/2015 02:21:31] /a 1
[05/12/2015 02:22:59] /a 1
[05/12/2015 02:23:00] /a 1
[05/12/2015 02:23:02] /r
[05/12/2015 02:23:03] /r
[05/12/2015 02:23:08] /a 1
[05/12/2015 02:23:13] /i 8046
[05/12/2015 02:23:14] /a 1
[05/12/2015 02:23:35] /a 1
[05/12/2015 02:23:35] /a 1
[05/12/2015 02:23:39] /i 8046
[05/12/2015 02:23:41] /a 1
[05/12/2015 02:23:41] /a 1
[05/12/2015 02:24:04] /a 1
[05/12/2015 02:24:09] /i 8046
[05/12/2015 02:24:10] /a 1
[05/12/2015 02:29:29] /ghost
[05/12/2015 02:29:30] /ghost
[05/12/2015 02:58:08] /i 5655
[05/12/2015 02:58:15] /r
[05/12/2015 02:58:38] /r
[05/12/2015 02:58:39] /r
[05/12/2015 03:07:12] /ghost
[05/12/2015 03:07:13] /ghost
[05/12/2015 03:07:15] /t
[05/12/2015 03:08:31] /bc Duvidas sera esclarecidas no Help!!
[05/12/2015 03:08:41] /bc red , Duvidas sera esclarecidas no Help!!
[05/12/2015 03:09:06] /goto [ADM] Victor
[05/12/2015 03:09:19] /bc red , Duvidas sera esclarecidas no Help!!
[05/12/2015 03:09:33] /ghost
[05/12/2015 03:09:35] /ghost
[05/12/2015 03:14:46] /t
[05/12/2015 03:16:42] /goto [ADM] Victor
[05/12/2015 03:17:18] /i 2157
[05/12/2015 03:30:23] /i 2157
[05/12/2015 03:33:48] /a 1
[05/12/2015 03:33:48] /a 1
[05/12/2015 03:33:49] /a 1
[05/12/2015 03:33:49] /a 1
[05/12/2015 03:37:53] /i 2157
[05/12/2015 03:38:11] /r
[05/12/2015 03:38:12] /r
[05/12/2015 03:38:12] /r
[05/12/2015 03:38:13] /r
[05/12/2015 03:38:14] /r
[05/12/2015 03:38:15] /r
[05/12/2015 03:38:15] /r
[05/12/2015 14:09:00] /t
[05/12/2015 14:09:18] /a 1
[05/12/2015 14:09:19] /a 1
[05/12/2015 14:09:19] /a 1
[05/12/2015 14:09:19] /a 1
[05/12/2015 14:09:19] /a 1
[05/12/2015 14:09:19] /a 1
[05/12/2015 14:09:19] /a 1
[05/12/2015 14:09:19] /a 1
[05/12/2015 14:09:19] /a 1
[05/12/2015 14:09:19] /a 1
[05/12/2015 14:09:19] /a 1
[05/12/2015 14:09:19] /a 1
[05/12/2015 14:09:19] /a 1
[05/12/2015 14:09:19] /a 1
[05/12/2015 14:09:19] /a 1
[05/12/2015 14:09:19] /a 1
[05/12/2015 14:09:19] /a 1
[05/12/2015 14:09:20] /a 1
[05/12/2015 14:09:20] /a 1
[05/12/2015 14:09:20] /a 1
[05/12/2015 14:09:20] /a 1
[05/12/2015 14:09:20] /a 1
[05/12/2015 14:09:20] /a 1
[05/12/2015 14:09:20] /a 1
[05/12/2015 14:09:20] /a 1
[05/12/2015 14:09:20] /a 1
[05/12/2015 14:09:20] /a 1
[05/12/2015 14:09:20] /a 1
[05/12/2015 14:09:20] /a 1
[05/12/2015 14:09:20] /a 1
[05/12/2015 14:09:20] /a 1
[05/12/2015 14:09:20] /a 1
[05/12/2015 14:09:20] /a 1
[05/12/2015 14:09:20] /a 1
[05/12/2015 14:09:20] /a 1
[05/12/2015 14:09:20] /a 1
[05/12/2015 14:09:20] /a 1
[05/12/2015 14:09:20] /a 1
[05/12/2015 14:09:20] /a 1
[05/12/2015 14:09:20] /a 1
[05/12/2015 14:09:20] /a 1
[05/12/2015 14:09:20] /a 1
[05/12/2015 14:09:21] /a 1
[05/12/2015 14:09:21] /a 1
[05/12/2015 14:09:21] /a 1
[05/12/2015 14:09:21] /a 1
[05/12/2015 14:09:21] /a 1
[05/12/2015 14:09:21] /a 1
[05/12/2015 14:09:21] /a 1
[05/12/2015 14:09:21] /a 1
[05/12/2015 14:09:21] /a 1
[05/12/2015 14:09:21] /a 1
[05/12/2015 14:09:21] /a 1
[05/12/2015 14:09:21] /a 1
[05/12/2015 14:09:21] /a 1
[05/12/2015 14:09:21] /a 1
[05/12/2015 14:09:21] /a 1
[05/12/2015 14:09:21] /a 1
[05/12/2015 14:09:21] /a 1
[05/12/2015 14:09:21] /a 1
[05/12/2015 14:09:21] /a 1
[05/12/2015 14:09:21] /a 1
[05/12/2015 14:09:21] /a 1
[05/12/2015 14:09:21] /a 1
[05/12/2015 14:09:21] /a 1
[05/12/2015 14:09:21] /a 1
[05/12/2015 14:09:21] /a 1
[05/12/2015 14:09:22] /a 1
[05/12/2015 14:09:22] /a 1
[05/12/2015 14:09:22] /a 1
[05/12/2015 14:09:22] /a 1
[05/12/2015 14:09:22] /a 1
[05/12/2015 14:09:22] /a 1
[05/12/2015 14:09:22] /a 1
[05/12/2015 14:09:22] /a 1
[05/12/2015 14:09:22] /a 1
[05/12/2015 14:09:22] /a 1
[05/12/2015 14:09:24] /a 1
[05/12/2015 14:09:24] /a 1
[05/12/2015 14:09:25] /a 1
[05/12/2015 14:09:25] /a 1
[05/12/2015 14:09:25] /a 1
[05/12/2015 14:09:25] /a 1
[05/12/2015 14:09:43] /a 1
[05/12/2015 14:09:44] /a 1
[05/12/2015 14:09:44] /a 1
[05/12/2015 14:09:44] /a 1
[05/12/2015 14:09:44] /a 1
[05/12/2015 14:09:44] /a 1
[05/12/2015 14:09:44] /a 1
[05/12/2015 14:09:44] /a 1
[05/12/2015 14:09:44] /a 1
[05/12/2015 14:09:44] /a 1
[05/12/2015 14:09:44] /a 1
[05/12/2015 14:09:44] /a 1
[05/12/2015 14:09:44] /a 1
[05/12/2015 14:09:45] /a 1
[05/12/2015 14:09:45] /a 1
[05/12/2015 14:09:45] /a 1
[05/12/2015 14:09:45] /a 1
[05/12/2015 14:09:45] /a 1
[05/12/2015 14:09:45] /a 1
[05/12/2015 14:09:46] /a 1
[05/12/2015 14:09:46] /a 1
[05/12/2015 14:09:46] /a 1
[05/12/2015 14:09:46] /a 1
[05/12/2015 14:09:49] /a 1
[05/12/2015 14:09:49] /a 1
[05/12/2015 14:09:50] /a 1
[05/12/2015 14:09:50] /a 1
[05/12/2015 14:09:50] /a 1
[05/12/2015 14:09:50] /a 1
[05/12/2015 14:09:50] /a 1
[05/12/2015 14:09:51] /a 1
[05/12/2015 14:09:51] /a 1
[05/12/2015 14:09:51] /a 1
[05/12/2015 14:09:51] /a 1
[05/12/2015 14:09:52] /a 1
[05/12/2015 14:09:52] /a 1
[05/12/2015 14:09:53] /a 1
[05/12/2015 14:09:53] /a 1
[05/12/2015 14:09:53] /a 1
[05/12/2015 14:09:54] /a 1
[05/12/2015 14:09:54] /a 1
[05/12/2015 14:09:54] /a 1
[05/12/2015 14:09:54] /a 1
[05/12/2015 14:09:54] /a 1
[05/12/2015 14:09:54] /a 1
[05/12/2015 14:09:54] /a 1
[05/12/2015 14:09:54] /a 1
[05/12/2015 14:09:54] /a 1
[05/12/2015 14:09:54] /a 1
[05/12/2015 14:09:54] /a 1
[05/12/2015 14:09:54] /a 1
[05/12/2015 14:09:55] /a 1
[05/12/2015 14:09:55] /a 1
[05/12/2015 14:09:56] /a 1
[05/12/2015 14:09:57] /a 1
[05/12/2015 14:09:58] /a 1
[05/12/2015 14:09:58] /a 1
[05/12/2015 14:09:58] /a 1
[05/12/2015 14:10:03] /a 1
[05/12/2015 14:10:04] /a 1
[05/12/2015 14:10:04] /a 1
[05/12/2015 14:10:04] /a 1
[05/12/2015 14:10:04] /a 1
[05/12/2015 14:10:04] /a 1
[05/12/2015 14:10:04] /a 1
[05/12/2015 14:10:04] /a 1
[05/12/2015 14:10:04] /a 1
[05/12/2015 14:10:04] /a 1
[05/12/2015 14:10:04] /a 1
[05/12/2015 14:10:04] /a 1
[05/12/2015 14:10:04] /a 1
[05/12/2015 14:10:04] /a 1
[05/12/2015 14:10:04] /a 1
[05/12/2015 14:10:04] /a 1
[05/12/2015 14:10:04] /a 1
[05/12/2015 14:10:04] /a 1
[05/12/2015 14:10:04] /a 1
[05/12/2015 14:10:04] /a 1
[05/12/2015 14:10:04] /a 1
[05/12/2015 14:10:05] /a 1
[05/12/2015 14:10:05] /a 1
[05/12/2015 14:10:05] /a 1
[05/12/2015 14:10:05] /a 1
[05/12/2015 14:10:05] /a 1
[05/12/2015 14:10:05] /a 1
[05/12/2015 14:10:05] /a 1
[05/12/2015 14:10:05] /a 1
[05/12/2015 14:10:06] /a 1
[05/12/2015 14:10:06] /a 1
[05/12/2015 14:10:06] /a 1
[05/12/2015 14:10:06] /a 1
[05/12/2015 14:10:06] /a 1
[05/12/2015 14:10:06] /a 1
[05/12/2015 14:10:07] /a 1
[05/12/2015 14:10:07] /a 1
[05/12/2015 14:10:07] /a 1
[05/12/2015 14:10:07] /a 1
[05/12/2015 14:10:08] /a 1
[05/12/2015 14:10:09] /a 1
[05/12/2015 14:10:09] /a 1
[05/12/2015 14:10:09] /a 1
[05/12/2015 14:10:09] /a 1
[05/12/2015 14:10:09] /a 1
[05/12/2015 14:10:09] /a 1
[05/12/2015 14:10:09] /a 1
[05/12/2015 14:10:09] /a 1
[05/12/2015 14:10:09] /a 1
[05/12/2015 14:10:09] /a 1
[05/12/2015 14:10:09] /a 1
[05/12/2015 14:10:09] /a 1
[05/12/2015 14:10:09] /a 1
[05/12/2015 14:10:09] /a 1
[05/12/2015 14:10:09] /a 1
[05/12/2015 14:10:09] /a 1
[05/12/2015 14:10:09] /a 1
[05/12/2015 14:10:09] /a 1
[05/12/2015 14:10:09] /a 1
[05/12/2015 14:10:10] /a 1
[05/12/2015 14:10:10] /a 1
[05/12/2015 14:10:11] /a 1
[05/12/2015 14:10:11] /a 1
[05/12/2015 14:10:13] /a 1
[05/12/2015 14:10:16] /a 1
[05/12/2015 14:10:17] /a 1
[05/12/2015 14:10:17] /a 1
[05/12/2015 14:10:17] /a 1
[05/12/2015 14:10:18] /a 1
[05/12/2015 14:10:18] /a 1
[05/12/2015 14:10:18] /a 1
[05/12/2015 14:10:18] /a 1
[05/12/2015 14:10:18] /a 1
[05/12/2015 14:10:19] /a 1
[05/12/2015 14:10:19] /a 1
[05/12/2015 14:10:20] /a 1
[05/12/2015 14:10:21] /a 1
[05/12/2015 14:10:21] /a 1
[05/12/2015 14:10:21] /a 1
[05/12/2015 14:10:21] /a 1
[05/12/2015 14:10:21] /a 1
[05/12/2015 14:10:21] /a 1
[05/12/2015 14:10:21] /a 1
[05/12/2015 14:10:21] /a 1
[05/12/2015 14:10:21] /a 1
[05/12/2015 14:10:21] /a 1
[05/12/2015 14:10:21] /a 1
[05/12/2015 14:10:21] /a 1
[05/12/2015 14:10:21] /a 1
[05/12/2015 14:10:21] /a 1
[05/12/2015 14:10:21] /a 1
[05/12/2015 14:10:23] /a 1
[05/12/2015 14:10:25] /a 1
[05/12/2015 14:10:25] /a 1
[05/12/2015 14:10:25] /a 1
[05/12/2015 14:10:25] /a 1
[05/12/2015 14:10:26] /a 1
[05/12/2015 14:10:26] /a 1
[05/12/2015 14:10:26] /a 1
[05/12/2015 14:10:26] /a 1
[05/12/2015 14:10:26] /a 1
[05/12/2015 14:10:26] /a 1
[05/12/2015 14:10:27] /a 1
[05/12/2015 14:10:27] /a 1
[05/12/2015 14:10:27] /a 1
[05/12/2015 14:10:27] /a 1
[05/12/2015 14:10:28] /a 1
[05/12/2015 14:10:28] /a 1
[05/12/2015 14:10:28] /a 1
[05/12/2015 14:10:28] /a 1
[05/12/2015 14:10:29] /a 1
[05/12/2015 14:10:29] /a 1
[05/12/2015 14:10:29] /a 1
[05/12/2015 14:10:29] /a 1
[05/12/2015 14:10:29] /a 1
[05/12/2015 14:10:29] /a 1
[05/12/2015 14:10:29] /a 1
[05/12/2015 14:10:29] /a 1
[05/12/2015 14:10:29] /a 1
[05/12/2015 14:10:29] /a 1
[05/12/2015 14:10:29] /a 1
[05/12/2015 14:10:29] /a 1
[05/12/2015 14:10:29] /a 1
[05/12/2015 14:10:29] /a 1
[05/12/2015 14:10:29] /a 1
[05/12/2015 14:10:29] /a 1
[05/12/2015 14:10:29] /a 1
[05/12/2015 14:10:30] /a 1
[05/12/2015 14:10:30] /a 1
[05/12/2015 14:10:31] /a 1
[05/12/2015 14:10:31] /a 1
[05/12/2015 14:10:32] /a 1
[05/12/2015 14:10:32] /a 1
[05/12/2015 14:10:33] /a 1
[05/12/2015 14:10:33] /a 1
[05/12/2015 14:10:33] /a 1
[05/12/2015 14:10:34] /a 1
[05/12/2015 14:10:35] /a 1
[05/12/2015 14:10:36] /a 1
[05/12/2015 14:10:36] /a 1
[05/12/2015 14:10:36] /a 1
[05/12/2015 14:10:37] /a 1
[05/12/2015 14:10:37] /a 1
[05/12/2015 14:10:37] /a 1
[05/12/2015 14:10:38] /a 1
[05/12/2015 14:10:40] /a 1
[05/12/2015 14:10:41] /a 1
[05/12/2015 14:10:41] /a 1
[05/12/2015 14:10:41] /a 1
[05/12/2015 14:10:41] /a 1
[05/12/2015 14:10:41] /a 1
[05/12/2015 14:10:41] /a 1
[05/12/2015 14:10:41] /a 1
[05/12/2015 14:10:41] /a 1
[05/12/2015 14:10:41] /a 1
[05/12/2015 14:10:41] /a 1
[05/12/2015 14:10:41] /a 1
[05/12/2015 14:10:41] /a 1
[05/12/2015 14:10:42] /a 1
[05/12/2015 14:10:43] /a 1
[05/12/2015 14:10:43] /a 1
[05/12/2015 14:10:43] /a 1
[05/12/2015 14:10:43] /a 1
[05/12/2015 14:10:43] /a 1
[05/12/2015 14:10:43] /a 1
[05/12/2015 14:10:43] /a 1
[05/12/2015 14:10:43] /a 1
[05/12/2015 14:10:43] /a 1
[05/12/2015 14:10:43] /a 1
[05/12/2015 14:10:43] /a 1
[05/12/2015 14:10:43] /a 1
[05/12/2015 14:10:43] /a 1
[05/12/2015 14:10:43] /a 1
[05/12/2015 14:10:43] /a 1
[05/12/2015 14:10:43] /a 1
[05/12/2015 14:10:43] /a 1
[05/12/2015 14:10:43] /a 1
[05/12/2015 14:10:43] /a 1
[05/12/2015 14:10:43] /a 1
[05/12/2015 14:10:43] /a 1
[05/12/2015 14:10:44] /a 1
[05/12/2015 14:10:44] /a 1
[05/12/2015 14:10:44] /a 1
[05/12/2015 14:10:44] /a 1
[05/12/2015 14:10:44] /a 1
[05/12/2015 14:10:44] /a 1
[05/12/2015 14:10:44] /a 1
[05/12/2015 14:10:44] /a 1
[05/12/2015 14:10:45] /a 1
[05/12/2015 14:10:46] /a 1
[05/12/2015 14:10:47] /a 1
[05/12/2015 14:10:47] /a 1
[05/12/2015 14:10:47] /a 1
[05/12/2015 14:10:47] /a 1
[05/12/2015 14:10:47] /a 1
[05/12/2015 14:10:48] /a 1
[05/12/2015 14:10:48] /a 1
[05/12/2015 14:10:49] /a 1
[05/12/2015 14:10:52] /a 1
[05/12/2015 14:10:52] /a 1
[05/12/2015 14:10:52] /a 1
[05/12/2015 14:10:52] /a 1
[05/12/2015 14:10:52] /a 1
[05/12/2015 14:10:52] /a 1
[05/12/2015 14:10:52] /a 1
[05/12/2015 14:10:52] /a 1
[05/12/2015 14:10:52] /a 1
[05/12/2015 14:10:52] /a 1
[05/12/2015 14:10:52] /a 1
[05/12/2015 14:10:52] /a 1
[05/12/2015 14:10:52] /a 1
[05/12/2015 14:10:53] /a 1
[05/12/2015 14:10:53] /a 1
[05/12/2015 14:10:53] /a 1
[05/12/2015 14:10:53] /a 1
[05/12/2015 14:10:53] /a 1
[05/12/2015 14:10:53] /a 1
[05/12/2015 14:10:53] /a 1
[05/12/2015 14:10:53] /a 1
[05/12/2015 14:10:53] /a 1
[05/12/2015 14:10:53] /a 1
[05/12/2015 14:10:53] /a 1
[05/12/2015 14:10:53] /a 1
[05/12/2015 14:10:53] /a 1
[05/12/2015 14:10:53] /a 1
[05/12/2015 14:10:53] /a 1
[05/12/2015 14:10:53] /a 1
[05/12/2015 14:10:53] /a 1
[05/12/2015 14:10:53] /a 1
[05/12/2015 14:10:53] /a 1
[05/12/2015 14:10:53] /a 1
[05/12/2015 14:10:54] /a 1
[05/12/2015 14:10:54] /a 1
[05/12/2015 14:10:54] /a 1
[05/12/2015 14:10:54] /a 1
[05/12/2015 14:10:54] /a 1
[05/12/2015 14:10:54] /a 1
[05/12/2015 14:10:54] /a 1
[05/12/2015 14:10:54] /a 1
[05/12/2015 14:10:54] /a 1
[05/12/2015 14:10:54] /a 1
[05/12/2015 14:10:54] /a 1
[05/12/2015 14:10:54] /a 1
[05/12/2015 14:10:54] /a 1
[05/12/2015 14:10:54] /a 1
[05/12/2015 14:10:54] /a 1
[05/12/2015 14:10:54] /a 1
[05/12/2015 14:10:54] /a 1
[05/12/2015 14:10:54] /a 1
[05/12/2015 14:10:54] /a 1
[05/12/2015 14:10:54] /a 1
[05/12/2015 14:10:54] /a 1
[05/12/2015 14:10:54] /a 1
[05/12/2015 14:10:54] /a 1
[05/12/2015 14:10:54] /a 1
[05/12/2015 14:10:54] /a 1
[05/12/2015 14:10:54] /a 1
[05/12/2015 14:10:54] /a 1
[05/12/2015 14:10:54] /a 1
[05/12/2015 14:10:55] /a 1
[05/12/2015 14:10:55] /a 1
[05/12/2015 14:10:55] /a 1
[05/12/2015 14:10:55] /a 1
[05/12/2015 14:10:55] /a 1
[05/12/2015 14:10:55] /a 1
[05/12/2015 14:10:55] /a 1
[05/12/2015 14:10:55] /a 1
[05/12/2015 14:10:55] /a 1
[05/12/2015 14:10:55] /a 1
[05/12/2015 14:10:55] /a 1
[05/12/2015 14:10:55] /a 1
[05/12/2015 14:10:55] /a 1
[05/12/2015 14:10:55] /a 1
[05/12/2015 14:10:55] /a 1
[05/12/2015 14:10:55] /a 1
[05/12/2015 14:10:55] /a 1
[05/12/2015 14:10:55] /a 1
[05/12/2015 14:10:55] /a 1
[05/12/2015 14:10:56] /a 1
[05/12/2015 14:10:57] /a 1
[05/12/2015 14:10:57] /a 1
[05/12/2015 14:10:57] /a 1
[05/12/2015 14:10:57] /a 1
[05/12/2015 14:10:57] /a 1
[05/12/2015 14:10:57] /a 1
[05/12/2015 14:10:57] /a 1
[05/12/2015 14:10:57] /a 1
[05/12/2015 14:10:57] /a 1
[05/12/2015 14:10:57] /a 1
[05/12/2015 14:10:57] /a 1
[05/12/2015 14:10:57] /a 1
[05/12/2015 14:10:57] /a 1
[05/12/2015 14:10:57] /a 1
[05/12/2015 14:10:57] /a 1
[05/12/2015 14:10:57] /a 1
[05/12/2015 14:10:58] /a 1
[05/12/2015 14:10:58] /a 1
[05/12/2015 14:10:58] /a 1
[05/12/2015 14:10:58] /a 1
[05/12/2015 14:10:58] /a 1
[05/12/2015 14:10:58] /a 1
[05/12/2015 14:10:59] /a 1
[05/12/2015 14:10:59] /a 1
[05/12/2015 14:10:59] /a 1
[05/12/2015 14:10:59] /a 1
[05/12/2015 14:11:00] /a 1
[05/12/2015 14:11:00] /a 1
[05/12/2015 14:11:00] /a 1
[05/12/2015 14:11:00] /a 1
[05/12/2015 14:11:01] /a 1
[05/12/2015 14:11:01] /a 1
[05/12/2015 14:11:01] /a 1
[05/12/2015 14:11:01] /a 1
[05/12/2015 14:11:01] /a 1
[05/12/2015 14:11:01] /a 1
[05/12/2015 14:11:01] /a 1
[05/12/2015 14:11:01] /a 1
[05/12/2015 14:11:01] /a 1
[05/12/2015 14:11:01] /a 1
[05/12/2015 14:11:01] /a 1
[05/12/2015 14:11:01] /a 1
[05/12/2015 14:11:01] /a 1
[05/12/2015 14:11:01] /a 1
[05/12/2015 14:11:01] /a 1
[05/12/2015 14:11:01] /a 1
[05/12/2015 14:11:01] /a 1
[05/12/2015 14:11:01] /a 1
[05/12/2015 14:11:01] /a 1
[05/12/2015 14:11:01] /a 1
[05/12/2015 14:11:01] /a 1
[05/12/2015 14:11:01] /a 1
[05/12/2015 14:11:01] /a 1
[05/12/2015 14:11:01] /a 1
[05/12/2015 14:11:02] /a 1
[05/12/2015 14:11:02] /a 1
[05/12/2015 14:11:02] /a 1
[05/12/2015 14:11:02] /a 1
[05/12/2015 14:11:02] /a 1
[05/12/2015 14:11:02] /a 1
[05/12/2015 14:11:02] /a 1
[05/12/2015 14:11:02] /a 1
[05/12/2015 14:11:02] /a 1
[05/12/2015 14:11:02] /a 1
[05/12/2015 14:11:02] /a 1
[05/12/2015 14:11:02] /a 1
[05/12/2015 14:11:02] /a 1
[05/12/2015 14:11:02] /a 1
[05/12/2015 14:11:02] /a 1
[05/12/2015 14:11:02] /a 1
[05/12/2015 14:11:02] /a 1
[05/12/2015 14:11:02] /a 1
[05/12/2015 14:11:02] /a 1
[05/12/2015 14:11:02] /a 1
[05/12/2015 14:11:02] /a 1
[05/12/2015 14:11:02] /a 1
[05/12/2015 14:11:02] /a 1
[05/12/2015 14:11:02] /a 1
[05/12/2015 14:11:03] /a 1
[05/12/2015 14:11:03] /a 1
[05/12/2015 14:11:03] /a 1
[05/12/2015 14:11:03] /a 1
[05/12/2015 14:11:03] /a 1
[05/12/2015 14:11:03] /a 1
[05/12/2015 14:11:03] /a 1
[05/12/2015 14:11:03] /a 1
[05/12/2015 14:11:03] /a 1
[05/12/2015 14:11:03] /a 1
[05/12/2015 14:11:03] /a 1
[05/12/2015 14:11:03] /a 1
[05/12/2015 14:11:03] /a 1
[05/12/2015 14:11:03] /a 1
[05/12/2015 14:11:03] /a 1
[05/12/2015 14:11:03] /a 1
[05/12/2015 14:11:03] /a 1
[05/12/2015 14:11:03] /a 1
[05/12/2015 14:11:03] /a 1
[05/12/2015 14:11:03] /a 1
[05/12/2015 14:11:03] /a 1
[05/12/2015 14:11:03] /a 1
[05/12/2015 14:11:03] /a 1
[05/12/2015 14:11:03] /a 1
[05/12/2015 14:11:03] /a 1
[05/12/2015 14:11:04] /a 1
[05/12/2015 14:11:04] /a 1
[05/12/2015 14:11:04] /a 1
[05/12/2015 14:11:04] /a 1
[05/12/2015 14:11:04] /a 1
[05/12/2015 14:11:04] /a 1
[05/12/2015 14:11:04] /a 1
[05/12/2015 14:11:04] /a 1
[05/12/2015 14:11:04] /a 1
[05/12/2015 14:11:04] /a 1
[05/12/2015 14:11:04] /a 1
[05/12/2015 14:11:04] /a 1
[05/12/2015 14:11:04] /a 1
[05/12/2015 14:11:04] /a 1
[05/12/2015 14:11:04] /a 1
[05/12/2015 14:11:04] /a 1
[05/12/2015 14:11:04] /a 1
[05/12/2015 14:11:04] /a 1
[05/12/2015 14:11:04] /a 1
[05/12/2015 14:11:04] /a 1
[05/12/2015 14:11:04] /a 1
[05/12/2015 14:11:04] /a 1
[05/12/2015 14:11:04] /a 1
[05/12/2015 14:11:04] /a 1
[05/12/2015 14:11:05] /a 1
[05/12/2015 14:11:05] /a 1
[05/12/2015 14:11:05] /a 1
[05/12/2015 14:11:05] /a 1
[05/12/2015 14:11:05] /a 1
[05/12/2015 14:11:06] /a 1
[05/12/2015 14:11:06] /a 1
[05/12/2015 14:11:06] /a 1
[05/12/2015 14:11:07] /a 1
[05/12/2015 14:11:07] /a 1
[05/12/2015 14:11:08] /a 1
[05/12/2015 14:11:09] /a 1
[05/12/2015 14:11:10] /a 1
[05/12/2015 14:11:10] /a 1
[05/12/2015 14:11:10] /a 1
[05/12/2015 14:11:11] /a 1
[05/12/2015 14:11:11] /a 1
[05/12/2015 14:11:12] /a 1
[05/12/2015 14:11:13] /a 1
[05/12/2015 14:11:13] /a 1
[05/12/2015 14:11:13] /a 1
[05/12/2015 14:11:13] /a 1
[05/12/2015 14:11:13] /a 1
[05/12/2015 14:11:14] /a 1
[05/12/2015 14:11:14] /a 1
[05/12/2015 14:11:14] /a 1
[05/12/2015 14:11:25] /c chatuba
[05/12/2015 14:11:40] /t
[05/12/2015 14:17:17] /a 1
[05/12/2015 14:17:19] /a 1
[05/12/2015 14:17:24] /a 2
[05/12/2015 15:02:13] /bc red, Duvidas serão esclarecidas no Help!!!
[05/12/2015 15:02:47] /a 2
[05/12/2015 15:21:05] /bc red, Duvidas serão esclarecidas no Help!!!
[05/12/2015 17:29:30] /t
[05/12/2015 17:30:14] /a 2
[05/12/2015 17:30:31] /m bugzin
[05/12/2015 17:30:35] /t
[05/12/2015 17:32:15] /a 2
[05/12/2015 17:32:19] /a 2
[05/12/2015 17:32:22] /a 2
[05/12/2015 17:32:24] /a 2
[05/12/2015 17:32:24] /a 2
[05/12/2015 17:32:24] /a 2
[05/12/2015 17:32:24] /a 2
[05/12/2015 17:32:25] /a 2
[05/12/2015 17:32:25] /a 2
[05/12/2015 17:32:26] /a 2
[05/12/2015 17:32:27] /a 2
[05/12/2015 17:32:27] /a 2
[05/12/2015 17:32:27] /a 2
[05/12/2015 17:32:27] /a 2
[05/12/2015 17:32:28] /a 2
[05/12/2015 17:32:28] /a 2
[05/12/2015 17:32:29] /a 2
[05/12/2015 17:32:30] /a 2
[05/12/2015 17:32:30] /a 2
[05/12/2015 17:32:30] /a 2
[05/12/2015 17:32:30] /a 2
[05/12/2015 17:32:31] /a 2
[05/12/2015 17:32:31] /a 2
[05/12/2015 17:32:32] /a 2
[05/12/2015 17:32:32] /a 2
[05/12/2015 17:32:32] /a 2
[05/12/2015 17:32:32] /a 2
[05/12/2015 17:32:32] /a 2
[05/12/2015 17:32:34] /a 2
[05/12/2015 17:32:35] /a 2
[05/12/2015 17:32:53] /t
[05/12/2015 17:33:06] /a 2
[05/12/2015 17:33:06] /a 2
[05/12/2015 17:33:08] /a 2
[05/12/2015 17:33:08] /a 2
[05/12/2015 17:33:08] /a 2
[05/12/2015 17:33:08] /a 2
[05/12/2015 17:33:10] /a 2
[05/12/2015 17:33:10] /a 2
[05/12/2015 17:33:37] /t
[05/12/2015 17:33:45] /a 2
[05/12/2015 17:33:46] /a 2
[05/12/2015 17:33:48] /a 2
[05/12/2015 17:33:48] /a 2
[05/12/2015 17:33:50] /a 2
[05/12/2015 17:33:50] /a 2
[05/12/2015 17:33:51] /a 2
[05/12/2015 17:33:51] /a 2
[05/12/2015 17:33:51] /a 2
[05/12/2015 17:33:52] /a 2
[05/12/2015 17:33:52] /a 2
[05/12/2015 17:33:52] /a 2
[05/12/2015 17:33:52] /a 2
[05/12/2015 17:33:52] /a 2
[05/12/2015 17:33:53] /a 2
[05/12/2015 17:33:53] /a 2
[05/12/2015 17:33:54] /a 2
[05/12/2015 17:33:54] /a 2
[05/12/2015 17:33:54] /a 2
[05/12/2015 17:33:54] /a 2
[05/12/2015 17:33:55] /a 2
[05/12/2015 17:33:55] /a 2
[05/12/2015 17:33:55] /a 2
[05/12/2015 17:33:56] /a 2
[05/12/2015 17:33:56] /a 2
[05/12/2015 17:33:56] /a 2
[05/12/2015 17:33:56] /a 2
[05/12/2015 17:33:56] /a 2
[05/12/2015 17:33:56] /a 2
[05/12/2015 17:33:57] /a 2
[05/12/2015 17:33:58] /a 2
[05/12/2015 17:33:58] /a 2
[05/12/2015 17:33:58] /a 2
[05/12/2015 17:33:59] /a 2
[05/12/2015 17:33:59] /a 2
[05/12/2015 17:33:59] /a 2
[05/12/2015 17:33:59] /a 2
[05/12/2015 17:34:00] /a 2
[05/12/2015 17:34:00] /a 2
[05/12/2015 17:34:01] /a 2
[05/12/2015 17:34:01] /a 2
[05/12/2015 17:34:01] /a 2
[05/12/2015 17:34:01] /a 2
[05/12/2015 17:34:02] /a 2
[05/12/2015 17:34:02] /a 2
[05/12/2015 17:34:03] /a 2
[05/12/2015 17:34:03] /a 2
[05/12/2015 17:34:03] /a 2
[05/12/2015 17:34:03] /a 2
[05/12/2015 17:34:04] /a 2
[05/12/2015 17:34:04] /a 2
[05/12/2015 17:34:04] /a 2
[05/12/2015 17:34:04] /a 2
[05/12/2015 17:34:05] /a 2
[05/12/2015 17:34:05] /a 2
[05/12/2015 17:34:05] /a 2
[05/12/2015 17:34:06] /a 2
[05/12/2015 17:34:07] /a 2
[05/12/2015 17:34:07] /a 2
[05/12/2015 17:34:07] /a 2
[05/12/2015 17:34:07] /a 2
[05/12/2015 17:34:07] /a 2
[05/12/2015 17:34:08] /a 2
[05/12/2015 17:34:08] /a 2
[05/12/2015 17:34:08] /a 2
[05/12/2015 17:34:08] /a 2
[05/12/2015 17:34:08] /a 2
[05/12/2015 17:34:09] /a 2
[05/12/2015 17:34:09] /a 2
[05/12/2015 17:34:10] /a 2
[05/12/2015 17:34:10] /a 2
[05/12/2015 17:34:10] /a 2
[05/12/2015 17:34:10] /a 2
[05/12/2015 17:34:11] /a 2
[05/12/2015 17:35:07] /t
[05/12/2015 17:58:10] /goto zika memo
[05/12/2015 17:58:20] /m bugzin
[05/12/2015 17:58:35] /t
[05/12/2015 18:00:11] /a 2
[05/12/2015 18:00:12] /a 2
[05/12/2015 18:00:12] /a 2
[05/12/2015 18:00:12] /a 2
[05/12/2015 18:00:12] /a 2
[05/12/2015 18:00:12] /a 2
[05/12/2015 18:00:12] /a 2
[05/12/2015 18:00:13] /a 2
[05/12/2015 18:00:13] /a 2
[05/12/2015 18:00:14] /a 2
[05/12/2015 18:00:16] /a 2
[05/12/2015 18:00:16] /a 2
[05/12/2015 18:00:16] /a 2
[05/12/2015 18:00:17] /a 2
[05/12/2015 18:00:17] /a 2
[05/12/2015 18:00:17] /a 2
[05/12/2015 18:00:17] /a 2
[05/12/2015 18:00:17] /a 2
[05/12/2015 18:00:17] /a 2
[05/12/2015 18:00:17] /a 2
[05/12/2015 18:00:17] /a 2
[05/12/2015 18:00:18] /a 2
[05/12/2015 18:00:18] /a 2
[05/12/2015 18:00:18] /a 2
[05/12/2015 18:00:18] /a 2
[05/12/2015 18:00:18] /a 2
[05/12/2015 18:00:18] /a 2
[05/12/2015 18:00:19] /a 2
[05/12/2015 18:00:19] /a 2
[05/12/2015 18:00:19] /a 2
[05/12/2015 18:00:19] /a 2
[05/12/2015 18:00:20] /a 2
[05/12/2015 18:00:23] /a 2
[05/12/2015 18:00:24] /a 2
[05/12/2015 18:00:26] /a 2
[05/12/2015 18:00:26] /a 2
[05/12/2015 18:00:27] /a 2
[05/12/2015 18:00:27] /a 2
[05/12/2015 18:00:27] /a 2
[05/12/2015 18:00:28] /a 2
[05/12/2015 18:00:28] /a 2
[05/12/2015 18:00:28] /a 2
[05/12/2015 18:00:28] /a 2
[05/12/2015 18:00:29] /a 2
[05/12/2015 18:00:29] /a 2
[05/12/2015 18:00:29] /a 2
[05/12/2015 18:00:29] /a 2
[05/12/2015 18:00:30] /a 2
[05/12/2015 18:00:32] /a 2
[05/12/2015 18:00:34] /a 2
[05/12/2015 18:00:35] /a 2
[05/12/2015 18:00:35] /a 2
[05/12/2015 18:00:35] /a 2
[05/12/2015 18:00:35] /a 2
[05/12/2015 18:00:35] /a 2
[05/12/2015 18:00:35] /a 2
[05/12/2015 18:00:36] /a 2
[05/12/2015 18:00:36] /a 2
[05/12/2015 18:00:36] /a 2
[05/12/2015 18:00:38] /a 2
[05/12/2015 18:00:38] /a 2
[05/12/2015 18:00:39] /a 2
[05/12/2015 18:00:40] /a 2
[05/12/2015 18:00:40] /a 2
[05/12/2015 18:00:40] /a 2
[05/12/2015 18:00:46] /a 2
[05/12/2015 18:00:49] /a 2
[05/12/2015 18:00:50] /a 2
[05/12/2015 18:00:50] /a 2
[05/12/2015 18:00:50] /a 2
[05/12/2015 18:00:50] /a 2
[05/12/2015 18:00:50] /a 2
[05/12/2015 18:00:50] /a 2
[05/12/2015 18:00:50] /a 2
[05/12/2015 18:00:50] /a 2
[05/12/2015 18:00:50] /a 2
[05/12/2015 18:00:50] /a 2
[05/12/2015 18:00:50] /a 2
[05/12/2015 18:00:50] /a 2
[05/12/2015 18:00:50] /a 2
[05/12/2015 18:00:50] /a 2
[05/12/2015 18:00:50] /a 2
[05/12/2015 18:00:50] /a 2
[05/12/2015 18:00:50] /a 2
[05/12/2015 18:00:50] /a 2
[05/12/2015 18:00:50] /a 2
[05/12/2015 18:00:50] /a 2
[05/12/2015 18:00:50] /a 2
[05/12/2015 18:00:50] /a 2
[05/12/2015 18:00:50] /a 2
[05/12/2015 18:00:50] /a 2
[05/12/2015 18:00:51] /a 2
[05/12/2015 18:00:51] /a 2
[05/12/2015 18:00:51] /a 2
[05/12/2015 18:00:51] /a 2
[05/12/2015 18:00:52] /a 2
[05/12/2015 18:00:52] /a 2
[05/12/2015 18:16:17] /c Zica memo
[05/12/2015 18:16:32] /c Zika memo
[05/12/2015 18:16:49] /t
[05/12/2015 18:17:53] /a 2
[05/12/2015 18:17:54] /a 2
[05/12/2015 18:17:54] /a 2
[05/12/2015 18:17:54] /a 2
[05/12/2015 18:17:54] /a 2
[05/12/2015 18:17:54] /a 2
[05/12/2015 18:17:54] /a 2
[05/12/2015 18:17:54] /a 2
[05/12/2015 18:17:54] /a 2
[05/12/2015 18:17:54] /a 2
[05/12/2015 18:17:54] /a 2
[05/12/2015 18:17:54] /a 2
[05/12/2015 18:17:54] /a 2
[05/12/2015 18:17:54] /a 2
[05/12/2015 18:17:54] /a 2
[05/12/2015 18:17:54] /a 2
[05/12/2015 18:17:54] /a 2
[05/12/2015 18:17:54] /a 2
[05/12/2015 18:17:54] /a 2
[05/12/2015 18:17:54] /a 2
[05/12/2015 18:17:56] /a 2
[05/12/2015 18:17:56] /a 2
[05/12/2015 18:17:56] /a 2
[05/12/2015 18:17:56] /a 2
[05/12/2015 18:17:56] /a 2
[05/12/2015 18:17:56] /a 2
[05/12/2015 18:17:56] /a 2
[05/12/2015 18:17:56] /a 2
[05/12/2015 18:17:56] /a 2
[05/12/2015 18:17:57] /a 2
[05/12/2015 18:17:57] /a 2
[05/12/2015 18:17:57] /a 2
[05/12/2015 18:17:57] /a 2
[05/12/2015 18:17:58] /a 2
[05/12/2015 18:17:58] /a 2
[05/12/2015 18:17:58] /a 2
[05/12/2015 18:17:59] /a 2
[05/12/2015 18:17:59] /a 2
[05/12/2015 18:18:00] /a 2
[05/12/2015 18:18:00] /a 2
[05/12/2015 18:18:04] /a 2
[05/12/2015 18:18:05] /a 2
[05/12/2015 18:18:05] /a 2
[05/12/2015 18:18:05] /a 2
[05/12/2015 18:18:05] /a 2
[05/12/2015 18:18:05] /a 2
[05/12/2015 18:18:05] /a 2
[05/12/2015 18:18:05] /a 2
[05/12/2015 18:18:05] /a 2
[05/12/2015 18:18:05] /a 2
[05/12/2015 18:18:05] /a 2
[05/12/2015 18:18:05] /a 2
[05/12/2015 18:18:05] /a 2
[05/12/2015 18:18:05] /a 2
[05/12/2015 18:18:05] /a 2
[05/12/2015 18:18:07] /a 2
[05/12/2015 18:18:07] /a 2
[05/12/2015 18:18:07] /a 2
[05/12/2015 18:18:08] /a 2
[05/12/2015 18:18:08] /a 2
[05/12/2015 18:18:08] /a 2
[05/12/2015 18:18:08] /a 2
[05/12/2015 18:18:08] /a 2
[05/12/2015 18:18:08] /a 2
[05/12/2015 18:18:08] /a 2
[05/12/2015 18:18:08] /a 2
[05/12/2015 18:18:08] /a 2
[05/12/2015 18:18:08] /a 2
[05/12/2015 18:18:08] /a 2
[05/12/2015 18:18:08] /a 2
[05/12/2015 18:18:08] /a 2
[05/12/2015 18:18:08] /a 2
[05/12/2015 18:18:08] /a 2
[05/12/2015 18:18:08] /a 2
[05/12/2015 18:18:08] /a 2
[05/12/2015 18:18:08] /a 2
[05/12/2015 18:18:08] /a 2
[05/12/2015 18:18:08] /a 2
[05/12/2015 18:18:08] /a 2
[05/12/2015 18:18:08] /a 2
[05/12/2015 18:18:09] /a 2
[05/12/2015 18:18:09] /a 2
[05/12/2015 18:18:09] /a 2
[05/12/2015 18:18:09] /a 2
[05/12/2015 18:18:09] /a 2
[05/12/2015 18:18:10] /a 2
[05/12/2015 18:18:10] /a 2
[05/12/2015 18:18:11] /a 2
[05/12/2015 18:18:11] /a 2
[05/12/2015 18:18:12] /a 2
[05/12/2015 18:18:12] /a 2
[05/12/2015 18:18:12] /a 2
[05/12/2015 18:18:12] /a 2
[05/12/2015 18:18:12] /a 2
[05/12/2015 18:18:13] /a 2
[05/12/2015 18:18:13] /a 2
[05/12/2015 18:18:13] /a 2
[05/12/2015 18:18:13] /a 2
[05/12/2015 18:18:14] /a 2
[05/12/2015 18:18:14] /a 2
[05/12/2015 18:18:14] /a 2
[05/12/2015 18:18:14] /a 2
[05/12/2015 18:18:15] /a 2
[05/12/2015 18:18:15] /a 2
[05/12/2015 18:18:16] /a 2
[05/12/2015 18:18:22] /a 2
[05/12/2015 18:18:23] /a 2
[05/12/2015 18:18:23] /a 2
[05/12/2015 18:18:23] /a 2
[05/12/2015 18:18:23] /a 2
[05/12/2015 18:18:24] /a 2
[05/12/2015 18:18:25] /a 2
[05/12/2015 18:18:25] /a 2
[05/12/2015 18:18:26] /a 2
[05/12/2015 18:18:27] /a 2
[05/12/2015 18:18:27] /a 2
[05/12/2015 18:18:28] /a 2
[05/12/2015 18:18:28] /a 2
[05/12/2015 18:18:28] /a 2
[05/12/2015 18:18:28] /a 2
[05/12/2015 18:18:28] /a 2
[05/12/2015 18:18:29] /a 2
[05/12/2015 18:18:29] /a 2
[05/12/2015 18:18:29] /a 2
[05/12/2015 18:18:29] /a 2
[05/12/2015 18:18:29] /a 2
[05/12/2015 18:18:29] /a 2
[05/12/2015 18:18:31] /a 2
[05/12/2015 18:18:31] /a 2
[05/12/2015 18:18:31] /a 2
[05/12/2015 18:18:31] /a 2
[05/12/2015 18:18:32] /a 2
[05/12/2015 18:18:33] /a 2
[05/12/2015 18:18:33] /a 2
[05/12/2015 18:18:33] /a 2
[05/12/2015 18:18:33] /a 2
[05/12/2015 18:18:33] /a 2
[05/12/2015 18:18:33] /a 2
[05/12/2015 18:18:34] /a 2
[05/12/2015 18:18:34] /a 2
[05/12/2015 18:18:34] /a 2
[05/12/2015 18:18:34] /a 2
[05/12/2015 18:18:34] /a 2
[05/12/2015 18:18:35] /a 2
[05/12/2015 18:18:35] /a 2
[05/12/2015 18:18:35] /a 2
[05/12/2015 18:18:35] /a 2
[05/12/2015 18:18:35] /a 2
[05/12/2015 18:18:36] /a 2
[05/12/2015 18:18:36] /a 2
[05/12/2015 18:18:36] /a 2
[05/12/2015 18:18:36] /a 2
[05/12/2015 18:18:38] /a 2
[05/12/2015 18:18:39] /a 2
[05/12/2015 18:18:39] /a 2
[05/12/2015 18:18:39] /a 2
[05/12/2015 18:18:39] /a 2
[05/12/2015 18:18:40] /a 2
[05/12/2015 18:18:40] /a 2
[05/12/2015 18:18:41] /a 2
[05/12/2015 18:18:41] /a 2
[05/12/2015 18:18:41] /a 2
[05/12/2015 18:18:41] /a 2
[05/12/2015 18:18:41] /a 2
[05/12/2015 18:18:41] /a 2
[05/12/2015 18:18:45] /a 2
[05/12/2015 18:18:45] /a 2
[05/12/2015 18:18:45] /a 2
[05/12/2015 18:18:45] /a 2
[05/12/2015 18:18:45] /a 2
[05/12/2015 18:18:46] /a 2
[05/12/2015 18:18:46] /a 2
[05/12/2015 18:18:46] /a 2
[05/12/2015 18:18:46] /a 2
[05/12/2015 18:18:46] /a 2
[05/12/2015 18:18:46] /a 2
[05/12/2015 18:18:46] /a 2
[05/12/2015 18:18:46] /a 2
[05/12/2015 18:18:46] /a 2
[05/12/2015 18:18:46] /a 2
[05/12/2015 18:18:46] /a 2
[05/12/2015 18:18:46] /a 2
[05/12/2015 18:18:46] /a 2
[05/12/2015 18:18:46] /a 2
[05/12/2015 18:18:46] /a 2
[05/12/2015 18:18:46] /a 2
[05/12/2015 18:18:46] /a 2
[05/12/2015 18:18:46] /a 2
[05/12/2015 18:18:46] /a 2
[05/12/2015 18:18:46] /a 2
[05/12/2015 18:18:46] /a 2
[05/12/2015 18:18:46] /a 2
[05/12/2015 18:18:46] /a 2
[05/12/2015 18:18:46] /a 2
[05/12/2015 18:18:46] /a 2
[05/12/2015 18:18:46] /a 2
[05/12/2015 18:18:47] /a 2
[05/12/2015 18:18:47] /a 2
[05/12/2015 18:18:47] /a 2
[05/12/2015 18:18:47] /a 2
[05/12/2015 18:18:47] /a 2
[05/12/2015 18:18:47] /a 2
[05/12/2015 18:18:47] /a 2
[05/12/2015 18:18:47] /a 2
[05/12/2015 18:18:47] /a 2
[05/12/2015 18:18:47] /a 2
[05/12/2015 18:18:47] /a 2
[05/12/2015 18:18:47] /a 2
[05/12/2015 18:18:47] /a 2
[05/12/2015 18:18:47] /a 2
[05/12/2015 18:18:47] /a 2
[05/12/2015 18:18:47] /a 2
[05/12/2015 18:18:47] /a 2
[05/12/2015 18:18:47] /a 2
[05/12/2015 18:18:47] /a 2
[05/12/2015 18:18:47] /a 2
[05/12/2015 18:18:47] /a 2
[05/12/2015 18:18:48] /a 2
[05/12/2015 18:18:49] /a 2
[05/12/2015 18:18:49] /a 2
[05/12/2015 18:18:49] /a 2
[05/12/2015 18:18:49] /a 2
[05/12/2015 18:18:49] /a 2
[05/12/2015 18:18:49] /a 2
[05/12/2015 18:18:49] /a 2
[05/12/2015 18:18:49] /a 2
[05/12/2015 18:18:49] /a 2
[05/12/2015 18:18:49] /a 2
[05/12/2015 18:18:49] /a 2
[05/12/2015 18:18:50] /a 2
[05/12/2015 18:18:50] /a 2
[05/12/2015 18:18:50] /a 2
[05/12/2015 18:18:51] /a 2
[05/12/2015 18:18:51] /a 2
[05/12/2015 18:18:51] /a 2
[05/12/2015 18:18:51] /a 2
[05/12/2015 18:18:51] /a 2
[05/12/2015 18:18:51] /a 2
[05/12/2015 18:18:51] /a 2
[05/12/2015 18:18:51] /a 2
[05/12/2015 18:18:51] /a 2
[05/12/2015 18:18:51] /a 2
[05/12/2015 18:18:51] /a 2
[05/12/2015 18:18:51] /a 2
[05/12/2015 18:18:51] /a 2
[05/12/2015 18:18:51] /a 2
[05/12/2015 18:18:51] /a 2
[05/12/2015 18:18:51] /a 2
[05/12/2015 18:18:51] /a 2
[05/12/2015 18:18:51] /a 2
[05/12/2015 18:18:51] /a 2
[05/12/2015 18:18:51] /a 2
[05/12/2015 18:18:51] /a 2
[05/12/2015 18:18:51] /a 2
[05/12/2015 18:18:51] /a 2
[05/12/2015 18:18:51] /a 2
[05/12/2015 18:18:52] /a 2
[05/12/2015 18:18:52] /a 2
[05/12/2015 18:18:52] /a 2
[05/12/2015 18:18:52] /a 2
[05/12/2015 18:18:52] /a 2
[05/12/2015 18:18:52] /a 2
[05/12/2015 18:18:52] /a 2
[05/12/2015 18:18:52] /a 2
[05/12/2015 18:18:52] /a 2
[05/12/2015 18:18:52] /a 2
[05/12/2015 18:18:52] /a 2
[05/12/2015 18:18:52] /a 2
[05/12/2015 18:18:52] /a 2
[05/12/2015 18:18:52] /a 2
[05/12/2015 18:18:52] /a 2
[05/12/2015 18:18:52] /a 2
[05/12/2015 18:18:52] /a 2
[05/12/2015 18:18:52] /a 2
[05/12/2015 18:18:52] /a 2
[05/12/2015 18:18:52] /a 2
[05/12/2015 18:18:52] /a 2
[05/12/2015 18:18:52] /a 2
[05/12/2015 18:18:52] /a 2
[05/12/2015 18:18:53] /a 2
[05/12/2015 18:18:53] /a 2
[05/12/2015 18:18:53] /a 2
[05/12/2015 18:18:53] /a 2
[05/12/2015 18:18:53] /a 2
[05/12/2015 18:18:53] /a 2
[05/12/2015 18:18:54] /a 2
[05/12/2015 18:18:54] /a 2
[05/12/2015 18:18:55] /a 2
[05/12/2015 18:18:55] /a 2
[05/12/2015 18:19:05] /c zika memo
[05/12/2015 18:22:38] /r
[05/12/2015 21:12:16] /i 1397
[05/12/2015 21:12:28] /r
