[04/12/2015 15:10:30] /a
[04/12/2015 15:10:37] /a 2
[04/12/2015 15:10:58] /a 2
[04/12/2015 15:11:45] /a 2
[04/12/2015 15:11:45] /a 2
[04/12/2015 15:11:45] /a 2
[04/12/2015 15:11:46] /a 2
[04/12/2015 15:11:46] /a 2
[04/12/2015 15:11:46] /a 2
[04/12/2015 15:11:46] /a 2
[04/12/2015 15:13:49] /a 2
[04/12/2015 15:13:49] /a 2
[04/12/2015 15:13:50] /a 2
[04/12/2015 15:13:50] /a 2
[04/12/2015 15:14:21] /a 2
[04/12/2015 15:14:22] /a 2
[04/12/2015 15:14:25] /a 2
[04/12/2015 15:14:27] /a 2
[04/12/2015 15:14:27] /a 2
[04/12/2015 15:14:28] /a 2
[04/12/2015 15:14:28] /a 2
[04/12/2015 15:14:29] /a 2
[04/12/2015 15:14:29] /a 2
[04/12/2015 15:14:30] /a 2
[04/12/2015 15:14:30] /a 2
[04/12/2015 15:14:31] /a 2
[04/12/2015 15:14:32] /a 2
[04/12/2015 15:14:32] /a 2
[04/12/2015 15:14:33] /a 2
[04/12/2015 15:14:35] /a 2
[04/12/2015 15:14:35] /a 2
[04/12/2015 15:14:35] /a 2
[04/12/2015 15:14:36] /a 2
[04/12/2015 15:14:36] /a 2
[04/12/2015 15:14:37] /a 2
[04/12/2015 15:14:37] /a 2
[04/12/2015 15:14:40] /a 2
[04/12/2015 15:14:41] /a 2
[04/12/2015 15:14:41] /a 2
[04/12/2015 15:14:41] /a 2
[04/12/2015 15:14:41] /a 2
[04/12/2015 15:14:42] /a 2
[04/12/2015 15:14:42] /a 2
[04/12/2015 15:14:43] /a 2
[04/12/2015 15:14:43] /a 2
[04/12/2015 15:14:43] /a 2
[04/12/2015 15:14:43] /a 2
[04/12/2015 15:14:44] /a 2
[04/12/2015 15:14:44] /a 2
[04/12/2015 15:14:44] /a 2
[04/12/2015 15:14:44] /a 2
[04/12/2015 15:14:44] /a 2
[04/12/2015 15:14:45] /a 2
[04/12/2015 15:14:45] /a 2
[04/12/2015 15:14:45] /a 2
[04/12/2015 15:14:45] /a 2
[04/12/2015 15:14:45] /a 2
[04/12/2015 15:14:46] /a 2
[04/12/2015 15:14:46] /a 2
[04/12/2015 15:14:50] /a 2
[04/12/2015 15:14:51] /a 2
[04/12/2015 15:14:51] /a 2
[04/12/2015 15:14:51] /a 2
[04/12/2015 15:14:51] /a 2
[04/12/2015 15:14:51] /a 2
[04/12/2015 15:14:52] /a 2
[04/12/2015 15:14:53] /a 2
[04/12/2015 15:14:53] /a 2
[04/12/2015 15:14:54] /a 2
[04/12/2015 15:14:54] /a 2
[04/12/2015 15:14:55] /a 2
[04/12/2015 15:14:55] /a 2
[04/12/2015 15:14:55] /a 2
[04/12/2015 15:14:55] /a 2
[04/12/2015 15:14:55] /a 2
[04/12/2015 15:14:56] /a 2
[04/12/2015 15:14:57] /a 2
[04/12/2015 15:14:57] /a 2
[04/12/2015 15:14:57] /a 2
[04/12/2015 15:14:57] /a 2
[04/12/2015 15:14:57] /a 2
[04/12/2015 15:14:58] /a 2
[04/12/2015 15:14:58] /a 2
[04/12/2015 15:14:58] /a 2
[04/12/2015 15:15:14] /a 2
[04/12/2015 15:15:14] /a 2
[04/12/2015 15:15:15] /a 2
[04/12/2015 15:15:15] /a 2
[04/12/2015 15:15:15] /a 2
[04/12/2015 15:15:16] /a 2
[04/12/2015 15:15:16] /a 2
[04/12/2015 15:15:16] /a 2
[04/12/2015 15:15:16] /a 2
[04/12/2015 15:15:17] /a 2
[04/12/2015 15:15:18] /a 2
[04/12/2015 15:15:18] /a 2
[04/12/2015 15:15:19] /a 2
[04/12/2015 15:15:20] /a 2
[04/12/2015 15:15:21] /a 2
[04/12/2015 15:15:21] /a 2
[04/12/2015 15:15:21] /a 2
[04/12/2015 15:15:21] /a 2
[04/12/2015 15:15:22] /a 2
[04/12/2015 15:15:22] /a 2
[04/12/2015 15:15:22] /a 2
[04/12/2015 15:15:26] /a 2
[04/12/2015 15:16:01] /a 2
[04/12/2015 15:16:02] /a 2
[04/12/2015 15:16:02] /a 2
[04/12/2015 15:16:02] /a 2
[04/12/2015 15:16:03] /a 2
[04/12/2015 15:16:04] /a 2
[04/12/2015 15:16:04] /a 2
[04/12/2015 15:16:04] /a 2
[04/12/2015 15:16:04] /a 2
[04/12/2015 15:16:05] /a 2
[04/12/2015 15:16:05] /a 2
[04/12/2015 15:16:05] /a 2
[04/12/2015 15:16:06] /a 2
[04/12/2015 15:16:06] /a 2
[04/12/2015 15:16:06] /a 2
[04/12/2015 15:16:06] /a 2
[04/12/2015 15:16:07] /a 2
[04/12/2015 15:16:07] /a 2
[04/12/2015 15:16:07] /a 2
[04/12/2015 15:16:07] /a 2
[04/12/2015 15:16:07] /a 2
[04/12/2015 15:16:12] /a 2
[04/12/2015 15:16:13] /a 2
[04/12/2015 15:16:13] /a 2
[04/12/2015 15:16:13] /a 2
[04/12/2015 15:16:15] /a 2
[04/12/2015 15:16:15] /a 2
[04/12/2015 15:16:15] /a 2
[04/12/2015 15:16:16] /a 2
[04/12/2015 15:16:16] /a 2
[04/12/2015 15:16:16] /a 2
[04/12/2015 15:16:16] /a 2
[04/12/2015 15:16:18] /a 2
[04/12/2015 15:16:18] /a 2
[04/12/2015 15:16:20] /a 2
[04/12/2015 15:16:20] /a 2
[04/12/2015 15:16:20] /a 2
[04/12/2015 15:16:20] /a 2
[04/12/2015 15:16:21] /a 2
[04/12/2015 15:16:21] /a 2
[04/12/2015 15:16:22] /a 2
[04/12/2015 15:16:22] /a 2
[04/12/2015 15:16:22] /a 2
[04/12/2015 15:16:22] /a 2
[04/12/2015 15:16:22] /a 2
[04/12/2015 15:16:22] /a 2
[04/12/2015 15:16:22] /a 2
[04/12/2015 15:16:22] /a 2
[04/12/2015 15:16:22] /a 2
[04/12/2015 15:16:22] /a 2
[04/12/2015 15:16:23] /a 2
[04/12/2015 15:16:23] /a 2
[04/12/2015 15:16:23] /a 2
[04/12/2015 15:16:23] /a 2
[04/12/2015 15:16:24] /a 2
[04/12/2015 15:16:24] /a 2
[04/12/2015 15:16:26] /a 2
[04/12/2015 15:16:26] /a 2
[04/12/2015 15:16:26] /a 2
[04/12/2015 15:16:26] /a 2
[04/12/2015 15:16:26] /a 2
[04/12/2015 15:16:28] /a 2
[04/12/2015 15:16:28] /a 2
[04/12/2015 15:16:29] /a 2
[04/12/2015 15:16:29] /a 2
[04/12/2015 15:16:31] /a 2
[04/12/2015 15:16:32] /a 2
[04/12/2015 15:16:32] /a 2
[04/12/2015 15:16:32] /a 2
[04/12/2015 15:16:32] /a 2
[04/12/2015 15:16:33] /a 2
[04/12/2015 15:16:33] /a 2
[04/12/2015 15:16:33] /a 2
[04/12/2015 15:16:33] /a 2
[04/12/2015 15:16:34] /a 2
[04/12/2015 15:16:34] /a 2
[04/12/2015 15:16:35] /a 2
[04/12/2015 15:16:35] /a 2
[04/12/2015 15:16:55] /a 2
[04/12/2015 15:16:56] /a 2
[04/12/2015 15:16:56] /a 2
[04/12/2015 15:16:57] /a 2
[04/12/2015 15:16:57] /a 2
[04/12/2015 15:16:57] /a 2
[04/12/2015 15:16:58] /a 2
[04/12/2015 15:16:58] /a 2
[04/12/2015 15:17:01] /a 2
[04/12/2015 15:17:01] /a 2
[04/12/2015 15:17:01] /a 2
[04/12/2015 15:17:01] /a 2
[04/12/2015 15:17:02] /a 2
[04/12/2015 15:17:02] /a 2
[04/12/2015 15:17:02] /a 2
[04/12/2015 15:17:03] /a 2
[04/12/2015 15:17:04] /a 2
[04/12/2015 15:17:06] /a 2
[04/12/2015 15:17:07] /a 2
[04/12/2015 15:17:07] /a 2
[04/12/2015 15:17:08] /a 2
[04/12/2015 15:17:08] /a 2
[04/12/2015 15:17:09] /a 2
[04/12/2015 15:17:09] /a 2
[04/12/2015 15:17:10] /a 2
[04/12/2015 15:17:10] /a 2
[04/12/2015 15:17:10] /a 2
[04/12/2015 15:17:34] /a 2
[04/12/2015 15:17:35] /a 2
[04/12/2015 15:17:35] /a 2
[04/12/2015 15:17:35] /a 2
[04/12/2015 15:17:36] /a 2
[04/12/2015 15:17:36] /a 2
[04/12/2015 15:17:36] /a 2
[04/12/2015 15:17:37] /a 2
[04/12/2015 15:17:37] /a 2
[04/12/2015 15:17:37] /a 2
[04/12/2015 15:17:37] /a 2
[04/12/2015 15:17:38] /a 2
[04/12/2015 15:17:38] /a 2
[04/12/2015 15:17:38] /a 2
[04/12/2015 15:17:38] /a 2
[04/12/2015 15:17:39] /a 2
[04/12/2015 15:17:39] /a 2
[04/12/2015 15:17:39] /a 2
[04/12/2015 15:17:39] /a 2
[04/12/2015 15:17:39] /a 2
[04/12/2015 15:17:39] /a 2
[04/12/2015 15:17:40] /a 2
[04/12/2015 15:17:40] /a 2
[04/12/2015 15:17:40] /a 2
[04/12/2015 15:17:40] /a 2
[04/12/2015 15:17:41] /a 2
[04/12/2015 15:17:41] /a 2
[04/12/2015 15:17:41] /a 2
[04/12/2015 15:17:41] /a 2
[04/12/2015 15:17:42] /a 2
[04/12/2015 15:17:42] /a 2
[04/12/2015 15:17:42] /a 2
[04/12/2015 15:17:42] /a 2
[04/12/2015 15:17:42] /a 2
[04/12/2015 15:17:42] /a 2
[04/12/2015 15:17:42] /a 2
[04/12/2015 15:17:42] /a 2
[04/12/2015 15:17:42] /a 2
[04/12/2015 15:17:42] /a 2
[04/12/2015 15:17:42] /a 2
[04/12/2015 15:17:42] /a 2
[04/12/2015 15:17:42] /a 2
[04/12/2015 15:17:43] /a 2
[04/12/2015 15:17:43] /a 2
[04/12/2015 15:17:43] /a 2
[04/12/2015 15:17:43] /a 2
[04/12/2015 15:17:54] /a 5
[04/12/2015 15:17:55] /a 5
[04/12/2015 15:17:55] /a 5
[04/12/2015 15:17:55] /a 5
[04/12/2015 15:17:55] /a 5
[04/12/2015 15:17:55] /a 5
[04/12/2015 15:17:56] /a 5
[04/12/2015 15:17:56] /a 5
[04/12/2015 15:17:56] /a 5
[04/12/2015 15:17:56] /a 5
[04/12/2015 15:17:56] /a 5
[04/12/2015 15:17:57] /a 5
[04/12/2015 15:17:58] /a 5
[04/12/2015 15:17:58] /a 5
[04/12/2015 15:18:17] /a 5
[04/12/2015 15:18:24] /a 2
[04/12/2015 15:20:18] /ghost
[04/12/2015 15:20:41] /a 2
[04/12/2015 15:21:08] /a 2
[04/12/2015 15:21:16] /a 2
[04/12/2015 15:21:18] /a 2
[04/12/2015 15:21:55] /ghost
[04/12/2015 15:21:56] /ghost
[04/12/2015 15:24:08] /a 2
[04/12/2015 15:24:12] /a 2
[04/12/2015 15:24:15] /a 2
[04/12/2015 15:24:30] /ghost
[04/12/2015 15:24:32] /ghost
[04/12/2015 15:24:33] /a 2
[04/12/2015 15:29:19] /ghost
[04/12/2015 15:29:20] /ghost
[04/12/2015 15:35:33] /a 2
[04/12/2015 15:35:58] /a 2
[04/12/2015 15:36:10] /a 2
[04/12/2015 15:36:26] /a 2
[04/12/2015 15:36:27] /a 2
[04/12/2015 15:36:51] /a 2
[04/12/2015 15:36:55] /a 2
[04/12/2015 15:42:03] /t
[04/12/2015 15:45:13] /t [ADM] Victor
[04/12/2015 15:45:19] /t [ADM] Victor
