[25/09/2016 15:21:18] /ghost
[25/09/2016 15:43:35] /goto Tio Do Madruga
[25/09/2016 15:43:36] /goto Tio Do Madruga
[25/09/2016 15:43:39] /goto Tio Do Madruga
[25/09/2016 15:43:43] /goto Tio Do Madruga
[25/09/2016 15:46:27] /i 2160
[25/09/2016 15:53:06] /openserver
[25/09/2016 15:57:19] /goto Tio Do Madruga
[25/09/2016 15:57:23] /goto Tio Do Madruga
[25/09/2016 15:59:58] /goto Tio Do Madruga
[25/09/2016 16:02:21] /shutdown
[25/09/2016 16:10:35] /t
[25/09/2016 16:10:47] /i 2160
[25/09/2016 16:10:48] /i 2160
[25/09/2016 16:11:56] /openserver
[25/09/2016 16:15:20] /goto Tio Do Madruga 
[25/09/2016 16:15:46] /goto Its Babaluxa
[25/09/2016 16:15:50] /i 2160
[25/09/2016 16:16:08] /i addon doll
[25/09/2016 16:16:22] /i addon doll
[25/09/2016 16:16:24] /i addon doll
[25/09/2016 16:16:27] /goto Tio Do Madruga 
[25/09/2016 16:19:03] /t
[25/09/2016 16:19:58] /a 5
[25/09/2016 16:19:59] /a 5
[25/09/2016 16:20:00] /a 5
[25/09/2016 16:20:00] /a 5
[25/09/2016 16:20:01] /a 5
[25/09/2016 16:20:01] /a 5
[25/09/2016 16:20:01] /a 5
[25/09/2016 16:20:02] /a 5
[25/09/2016 16:20:03] /a 5
[25/09/2016 16:20:03] /a 5
[25/09/2016 16:20:03] /a 5
[25/09/2016 16:20:03] /a 5
[25/09/2016 16:20:04] /a 5
[25/09/2016 16:20:04] /a 5
[25/09/2016 16:20:04] /a 5
[25/09/2016 16:20:04] /a 5
[25/09/2016 16:20:04] /a 5
[25/09/2016 16:20:05] /a 5
[25/09/2016 16:20:05] /a 5
[25/09/2016 16:20:05] /a 5
[25/09/2016 16:20:05] /a 5
[25/09/2016 16:20:06] /a 5
[25/09/2016 16:20:06] /a 5
[25/09/2016 16:20:06] /a 5
[25/09/2016 16:20:06] /a 5
[25/09/2016 16:20:06] /a 5
[25/09/2016 16:20:07] /a 5
[25/09/2016 16:20:07] /a 5
[25/09/2016 16:20:07] /a 5
[25/09/2016 16:20:07] /a 5
[25/09/2016 16:20:07] /a 5
[25/09/2016 16:20:07] /a 5
[25/09/2016 16:20:08] /a 5
[25/09/2016 16:20:08] /a 5
[25/09/2016 16:20:08] /a 5
[25/09/2016 16:20:09] /a 5
[25/09/2016 16:20:09] /a 5
[25/09/2016 16:20:09] /a 5
[25/09/2016 16:20:09] /a 5
[25/09/2016 16:20:09] /a 5
[25/09/2016 16:20:09] /a 5
[25/09/2016 16:20:10] /a 5
[25/09/2016 16:20:10] /a 5
[25/09/2016 16:20:10] /a 5
[25/09/2016 16:20:10] /a 5
[25/09/2016 16:20:11] /a 5
[25/09/2016 16:20:11] /a 5
[25/09/2016 16:20:11] /a 5
[25/09/2016 16:20:11] /a 5
[25/09/2016 16:20:11] /a 5
[25/09/2016 16:20:12] /a 5
[25/09/2016 16:20:12] /a 5
[25/09/2016 16:20:12] /a 5
[25/09/2016 16:20:12] /a 5
[25/09/2016 16:20:13] /a 5
[25/09/2016 16:20:13] /a 5
[25/09/2016 16:20:13] /a 5
[25/09/2016 16:20:14] /a 5
[25/09/2016 16:20:14] /a 5
[25/09/2016 16:20:14] /a 5
[25/09/2016 16:20:14] /a 5
[25/09/2016 16:20:15] /a
[25/09/2016 16:20:16] /a
[25/09/2016 16:20:16] /a
[25/09/2016 16:20:16] /a
[25/09/2016 16:20:17] /a 5
[25/09/2016 16:20:17] /a 5
[25/09/2016 16:20:17] /a 5
[25/09/2016 16:20:17] /a 5
[25/09/2016 16:20:18] /a 5
[25/09/2016 16:20:18] /a 5
[25/09/2016 16:21:58] /a 5
[25/09/2016 16:21:59] /a 5
[25/09/2016 16:21:59] /a 5
[25/09/2016 16:22:00] /a 5
[25/09/2016 16:22:00] /a 5
[25/09/2016 16:22:09] /a
[25/09/2016 16:22:10] /a
[25/09/2016 16:22:10] /a
[25/09/2016 16:22:11] /a
[25/09/2016 16:22:16] /a 5
[25/09/2016 16:22:16] /a 5
[25/09/2016 16:22:16] /a 5
[25/09/2016 16:22:16] /a 5
[25/09/2016 16:22:17] /a 5
[25/09/2016 16:22:17] /a 5
[25/09/2016 16:22:18] /a 5
[25/09/2016 16:22:19] /a 5
[25/09/2016 16:22:19] /a 5
[25/09/2016 16:22:19] /a 5
[25/09/2016 16:22:19] /a 5
[25/09/2016 16:22:20] /a 5
[25/09/2016 16:22:20] /a 5
[25/09/2016 16:22:20] /a 5
[25/09/2016 16:22:21] /a 5
[25/09/2016 16:22:21] /a 5
[25/09/2016 16:22:21] /a 5
[25/09/2016 16:22:22] /a 5
[25/09/2016 16:22:23] /a 5
[25/09/2016 16:22:23] /a 5
[25/09/2016 16:22:23] /a 5
[25/09/2016 16:22:23] /a 5
[25/09/2016 16:22:23] /a 5
[25/09/2016 16:22:24] /a 5
[25/09/2016 16:22:24] /a 5
[25/09/2016 16:22:24] /a 5
[25/09/2016 16:22:24] /a 5
[25/09/2016 16:22:25] /a 5
[25/09/2016 16:22:25] /a 5
[25/09/2016 16:22:25] /a 5
[25/09/2016 16:22:25] /a 5
[25/09/2016 16:22:25] /a 5
[25/09/2016 16:22:25] /a 5
[25/09/2016 16:22:26] /a 5
[25/09/2016 16:22:26] /a 5
[25/09/2016 16:22:26] /a 5
[25/09/2016 16:22:27] /a 5
[25/09/2016 16:22:27] /a 5
[25/09/2016 16:22:27] /a 5
[25/09/2016 16:22:30] /a
[25/09/2016 16:22:31] /a
[25/09/2016 16:22:31] /a
[25/09/2016 16:22:31] /a
[25/09/2016 16:22:32] /a
[25/09/2016 16:22:32] /a
[25/09/2016 16:22:32] /a
[25/09/2016 16:22:32] /a
[25/09/2016 16:22:32] /a
[25/09/2016 16:22:33] /a
[25/09/2016 16:22:33] /a
[25/09/2016 16:22:33] /a
[25/09/2016 16:22:33] /a
[25/09/2016 16:22:33] /a
[25/09/2016 16:22:35] /a
[25/09/2016 16:22:35] /a
[25/09/2016 16:22:35] /a
[25/09/2016 16:22:36] /a
[25/09/2016 16:22:36] /a
[25/09/2016 16:22:36] /a
[25/09/2016 16:22:36] /a
[25/09/2016 16:22:36] /a
[25/09/2016 16:22:36] /a
[25/09/2016 16:22:36] /a
[25/09/2016 16:22:36] /a
[25/09/2016 16:22:36] /a
[25/09/2016 16:22:36] /a
[25/09/2016 16:22:36] /a
[25/09/2016 16:22:36] /a
[25/09/2016 16:22:36] /a
[25/09/2016 16:22:36] /a
[25/09/2016 16:22:38] /a 5
[25/09/2016 16:22:38] /a 5
[25/09/2016 16:22:39] /a 5
[25/09/2016 16:22:39] /a 5
[25/09/2016 16:22:39] /a 5
[25/09/2016 16:22:41] /a
[25/09/2016 16:22:41] /a
[25/09/2016 16:22:41] /a
[25/09/2016 16:22:42] /a
[25/09/2016 16:22:42] /a
[25/09/2016 16:22:42] /a
[25/09/2016 16:22:42] /a
[25/09/2016 16:22:42] /a
[25/09/2016 16:22:42] /a
[25/09/2016 16:22:42] /a
[25/09/2016 16:22:42] /a
[25/09/2016 16:22:42] /a
[25/09/2016 16:22:42] /a
[25/09/2016 16:22:42] /a
[25/09/2016 16:22:42] /a
[25/09/2016 16:22:42] /a
[25/09/2016 16:22:42] /a
[25/09/2016 16:22:42] /a
[25/09/2016 16:22:42] /a
[25/09/2016 16:22:42] /a
[25/09/2016 16:22:42] /a
[25/09/2016 16:22:42] /a
[25/09/2016 16:22:42] /a
[25/09/2016 16:22:42] /a
[25/09/2016 16:22:42] /a
[25/09/2016 16:22:44] /a
[25/09/2016 16:22:44] /a
[25/09/2016 16:22:44] /a
[25/09/2016 16:22:44] /a
[25/09/2016 16:22:44] /a
[25/09/2016 16:22:44] /a
[25/09/2016 16:22:44] /a
[25/09/2016 16:22:44] /a
[25/09/2016 16:22:44] /a
[25/09/2016 16:22:44] /a
[25/09/2016 16:22:44] /a
[25/09/2016 16:22:44] /a
[25/09/2016 16:22:44] /a
[25/09/2016 16:22:44] /a
[25/09/2016 16:22:44] /a
[25/09/2016 16:22:44] /a
[25/09/2016 16:22:44] /a
[25/09/2016 16:22:44] /a
[25/09/2016 16:22:44] /a
[25/09/2016 16:22:45] /a
[25/09/2016 16:22:45] /a
[25/09/2016 16:22:45] /a
[25/09/2016 16:22:45] /a
[25/09/2016 16:22:45] /a
[25/09/2016 16:22:45] /a
[25/09/2016 16:22:45] /a
[25/09/2016 16:22:45] /a
[25/09/2016 16:22:45] /a
[25/09/2016 16:22:45] /a
[25/09/2016 16:22:45] /a
[25/09/2016 16:22:45] /a
[25/09/2016 16:22:45] /a
[25/09/2016 16:22:45] /a
[25/09/2016 16:22:45] /a
[25/09/2016 16:22:45] /a
[25/09/2016 16:22:45] /a
[25/09/2016 16:22:45] /a
[25/09/2016 16:22:45] /a
[25/09/2016 16:22:45] /a
[25/09/2016 16:22:45] /a
[25/09/2016 16:22:45] /a
[25/09/2016 16:22:45] /a
[25/09/2016 16:22:45] /a
[25/09/2016 16:22:45] /a
[25/09/2016 16:22:45] /a
[25/09/2016 16:22:45] /a
[25/09/2016 16:22:45] /a
[25/09/2016 16:22:45] /a
[25/09/2016 16:22:45] /a
[25/09/2016 16:22:45] /a
[25/09/2016 16:22:46] /a
[25/09/2016 16:22:46] /a
[25/09/2016 16:22:46] /a
[25/09/2016 16:22:46] /a
[25/09/2016 16:22:46] /a
[25/09/2016 16:22:46] /a
[25/09/2016 16:22:46] /a
[25/09/2016 16:22:46] /a
[25/09/2016 16:22:46] /a
[25/09/2016 16:22:46] /a
[25/09/2016 16:22:46] /a
[25/09/2016 16:22:46] /a
[25/09/2016 16:22:46] /a
[25/09/2016 16:22:46] /a
[25/09/2016 16:22:46] /a
[25/09/2016 16:22:46] /a
[25/09/2016 16:22:46] /a
[25/09/2016 16:22:46] /a
[25/09/2016 16:22:46] /a
[25/09/2016 16:22:46] /a
[25/09/2016 16:22:46] /a
[25/09/2016 16:22:46] /a
[25/09/2016 16:22:46] /a
[25/09/2016 16:22:46] /a
[25/09/2016 16:22:46] /a
[25/09/2016 16:22:46] /a
[25/09/2016 16:22:46] /a
[25/09/2016 16:22:46] /a
[25/09/2016 16:22:46] /a
[25/09/2016 16:22:46] /a
[25/09/2016 16:22:47] /a
[25/09/2016 16:22:47] /a
[25/09/2016 16:22:47] /a
[25/09/2016 16:22:47] /a
[25/09/2016 16:22:47] /a
[25/09/2016 16:22:47] /a
[25/09/2016 16:22:47] /a
[25/09/2016 16:22:47] /a
[25/09/2016 16:22:47] /a
[25/09/2016 16:22:47] /a
[25/09/2016 16:22:47] /a
[25/09/2016 16:22:47] /a
[25/09/2016 16:22:47] /a
[25/09/2016 16:22:47] /a
[25/09/2016 16:22:47] /a
[25/09/2016 16:22:47] /a
[25/09/2016 16:22:47] /a
[25/09/2016 16:22:48] /a
[25/09/2016 16:22:49] /a
[25/09/2016 16:22:49] /a
[25/09/2016 16:22:49] /a
[25/09/2016 16:22:49] /a
[25/09/2016 16:22:49] /a
[25/09/2016 16:22:49] /a
[25/09/2016 16:22:49] /a
[25/09/2016 16:22:49] /a
[25/09/2016 16:22:49] /a
[25/09/2016 16:22:49] /a
[25/09/2016 16:22:49] /a
[25/09/2016 16:22:49] /a
[25/09/2016 16:22:49] /a
[25/09/2016 16:22:49] /a
[25/09/2016 16:22:49] /a
[25/09/2016 16:22:49] /a
[25/09/2016 16:22:49] /a
[25/09/2016 16:22:49] /a
[25/09/2016 16:22:49] /a
[25/09/2016 16:22:49] /a
[25/09/2016 16:22:49] /a
[25/09/2016 16:22:49] /a
[25/09/2016 16:22:49] /a
[25/09/2016 16:22:49] /a
[25/09/2016 16:22:49] /a
[25/09/2016 16:22:49] /a
[25/09/2016 16:22:49] /a
[25/09/2016 16:22:50] /a
[25/09/2016 16:22:50] /a
[25/09/2016 16:22:50] /a
[25/09/2016 16:23:21] /a 5
[25/09/2016 16:23:21] /a 5
[25/09/2016 16:23:22] /a 5
[25/09/2016 16:23:32] /a 5
[25/09/2016 16:23:39] /a
[25/09/2016 16:23:39] /a 5
[25/09/2016 16:23:39] /a
[25/09/2016 16:23:40] /a
[25/09/2016 16:23:40] /a
[25/09/2016 16:23:58] /a 5
[25/09/2016 16:24:36] /a 5
[25/09/2016 16:24:37] /a 5
[25/09/2016 16:24:37] /a 5
[25/09/2016 16:24:38] /a 5
[25/09/2016 16:24:38] /a 5
[25/09/2016 16:24:38] /a 5
[25/09/2016 16:24:38] /a 5
[25/09/2016 16:24:39] /a 5
[25/09/2016 16:24:39] /a 5
[25/09/2016 16:24:39] /a 5
[25/09/2016 16:24:39] /a 5
[25/09/2016 16:24:39] /a 5
[25/09/2016 16:24:40] /a 5
[25/09/2016 16:25:04] /a 5
[25/09/2016 16:25:04] /a 5
[25/09/2016 16:25:04] /a 5
[25/09/2016 16:25:04] /a 5
[25/09/2016 16:25:05] /a 5
[25/09/2016 16:25:11] /a
[25/09/2016 16:25:11] /a
[25/09/2016 16:25:11] /a
[25/09/2016 16:25:12] /a
[25/09/2016 16:25:12] /a
[25/09/2016 16:25:20] /a 5
[25/09/2016 16:25:20] /a 5
[25/09/2016 16:25:21] /a 5
[25/09/2016 16:25:21] /a 5
[25/09/2016 16:25:21] /a 5
[25/09/2016 16:25:21] /a 5
[25/09/2016 16:25:21] /a 5
[25/09/2016 16:25:21] /a 5
[25/09/2016 16:25:22] /a 5
[25/09/2016 16:25:22] /a 5
[25/09/2016 16:25:23] /a 5
[25/09/2016 16:25:24] /a
[25/09/2016 16:25:24] /a
[25/09/2016 16:26:13] /i 7414
[25/09/2016 16:26:21] /i 8932
[25/09/2016 16:26:29] /i 8293
[25/09/2016 16:26:36] /i 8929
[25/09/2016 16:26:43] /i 73 66
[25/09/2016 16:26:46] /i 7366
[25/09/2016 16:27:18] /i 7958
[25/09/2016 16:27:27] /t
[25/09/2016 16:27:33] /goto Tio Do Madruga
[25/09/2016 16:27:45] /t
[25/09/2016 16:28:45] /goto Its Babaluxa 
[25/09/2016 16:29:17] /i 7114
[25/09/2016 16:29:22] /i 7114
[25/09/2016 16:29:35] /i 7414
[25/09/2016 16:29:38] /goto Its Babaluxa 
[25/09/2016 16:30:05] /goto Its Babaluxa 
[25/09/2016 16:31:41] /goto Its Babaluxa 
[25/09/2016 16:31:51] /t
[25/09/2016 16:37:56] /i 2160
[25/09/2016 16:37:57] /i 2160
[25/09/2016 16:37:58] /i 2160
[25/09/2016 16:37:59] /i 2160
[25/09/2016 16:38:00] /i 2160
[25/09/2016 16:38:01] /i 2160
[25/09/2016 16:38:01] /i 2160
[25/09/2016 16:38:02] /i 2160
[25/09/2016 16:38:03] /i 2160
[25/09/2016 16:38:50] /goto Tio Do Madruga 
[25/09/2016 16:38:53] /goto Tio Do Madruga 
[25/09/2016 16:38:54] /goto Tio Do Madruga 
[25/09/2016 16:40:00] /goto Tio Do Madruga 
[25/09/2016 16:40:03] /goto Tio Do Madruga 
[25/09/2016 16:40:05] /goto Tio Do Madruga 
[25/09/2016 16:40:07] /t
[25/09/2016 17:08:37] /reload spells
[25/09/2016 17:35:48] /shutdown
[25/09/2016 17:58:48] /goto Tio Do Madruga 
[25/09/2016 17:58:52] /goto Tio Do Madruga 
[25/09/2016 17:59:01] /goto Tio Do Madruga 
[25/09/2016 17:59:06] /t
[29/09/2016 19:03:05] /r
[29/09/2016 19:03:07] /r
[29/09/2016 19:03:15] /r
[29/09/2016 19:03:16] /r
[29/09/2016 19:37:49] /ghost
[29/09/2016 19:38:00] /r
[29/09/2016 19:38:02] /r
[29/09/2016 19:38:04] /r
[29/09/2016 19:38:05] /r
[29/09/2016 19:38:14] /r
[29/09/2016 19:38:15] /r
[29/09/2016 19:39:36] /t
[29/09/2016 19:40:01] /a 10
[29/09/2016 19:40:11] /c Mapper
[29/09/2016 19:40:20] /a
[29/09/2016 19:40:21] /a
[29/09/2016 19:40:36] /a
[29/09/2016 19:41:36] /c Mapper
[29/09/2016 19:42:05] /a 10
[29/09/2016 19:42:26] /c Mapper
[29/09/2016 19:42:38] /r
[29/09/2016 19:42:40] /r
[29/09/2016 19:42:41] /r
[29/09/2016 19:43:42] /c Mapper
[29/09/2016 19:44:14] /c
[29/09/2016 19:44:16] /c Mapper
[29/09/2016 19:44:20] /c Mapper
[29/09/2016 19:44:27] /c Mapper
[29/09/2016 19:45:11] /a 3
[29/09/2016 19:45:15] /c Mapper
[29/09/2016 19:45:46] /a 2
[29/09/2016 19:46:10] /c Mapper
[29/09/2016 19:47:07] /c Mapper
[29/09/2016 19:48:22] /goto Mapper
[29/09/2016 19:52:17] /m demonm
[29/09/2016 19:52:20] /m demon
[29/09/2016 19:53:09] /m banshee
[29/09/2016 19:53:54] /clean
[29/09/2016 20:04:03] /a 2
[29/09/2016 20:04:06] /a 2
[29/09/2016 20:25:43] /c mapper
